package configuration for libffi is not found
have_header: checking for ffi.h... -------------------- no

"clang -o conftest -I/opt/homebrew/Cellar/ruby@2.7/2.7.8_1/include/ruby-2.7.0/arm64-darwin22 -I/opt/homebrew/Cellar/ruby@2.7/2.7.8_1/include/ruby-2.7.0/ruby/backward -I/opt/homebrew/Cellar/ruby@2.7/2.7.8_1/include/ruby-2.7.0 -I.  -I/opt/homebrew/opt/libyaml/include -I/opt/homebrew/opt/openssl@3/include -I/opt/homebrew/opt/readline/include -D_XOPEN_SOURCE -D_DARWIN_C_SOURCE -D_DARWIN_UNLIMITED_SELECT -D_REENTRANT   -g -O2 -fno-common -pipe conftest.c  -L. -L/opt/homebrew/Cellar/ruby@2.7/2.7.8_1/lib -L/opt/homebrew/opt/libyaml/lib -L/opt/homebrew/opt/openssl@3/lib -L/opt/homebrew/opt/readline/lib -L. -fstack-protector-strong -L/opt/homebrew/lib -L/opt/homebrew/opt/libyaml/lib -L/opt/homebrew/opt/openssl@3/lib -L/opt/homebrew/opt/readline/lib  -m64   -lruby.2.7   "
In file included from conftest.c:1:
In file included from /opt/homebrew/Cellar/ruby@2.7/2.7.8_1/include/ruby-2.7.0/ruby.h:33:
/opt/homebrew/Cellar/ruby@2.7/2.7.8_1/include/ruby-2.7.0/ruby/ruby.h:1865:1: warning: unknown attribute '__error__' ignored [-Wunknown-attributes]
ERRORFUNC((" argument length doesn't match"), int rb_varargs_bad_length(int,int));
^~~~~~~~~~~~~~~~~~~~~~~~~~~~~~~~~~~~~~~~~~~~~~~~~~~~~~~~~~~~~~~~~~~~~~~~~~~~~~~~~
/opt/homebrew/Cellar/ruby@2.7/2.7.8_1/include/ruby-2.7.0/arm64-darwin22/ruby/config.h:160:43: note: expanded from macro 'ERRORFUNC'
#define ERRORFUNC(mesg,x) __attribute__ ((__error__ mesg)) x
                                          ^~~~~~~~~~~~~~
In file included from conftest.c:1:
In file included from /opt/homebrew/Cellar/ruby@2.7/2.7.8_1/include/ruby-2.7.0/ruby.h:33:
/opt/homebrew/Cellar/ruby@2.7/2.7.8_1/include/ruby-2.7.0/ruby/ruby.h:2347:1: warning: unknown attribute '__error__' ignored [-Wunknown-attributes]
ERRORFUNC(("bad scan arg format"), void rb_scan_args_bad_format(const char*));
^~~~~~~~~~~~~~~~~~~~~~~~~~~~~~~~~~~~~~~~~~~~~~~~~~~~~~~~~~~~~~~~~~~~~~~~~~~~~
/opt/homebrew/Cellar/ruby@2.7/2.7.8_1/include/ruby-2.7.0/arm64-darwin22/ruby/config.h:160:43: note: expanded from macro 'ERRORFUNC'
#define ERRORFUNC(mesg,x) __attribute__ ((__error__ mesg)) x
                                          ^~~~~~~~~~~~~~
In file included from conftest.c:1:
In file included from /opt/homebrew/Cellar/ruby@2.7/2.7.8_1/include/ruby-2.7.0/ruby.h:33:
/opt/homebrew/Cellar/ruby@2.7/2.7.8_1/include/ruby-2.7.0/ruby/ruby.h:2348:1: warning: unknown attribute '__error__' ignored [-Wunknown-attributes]
ERRORFUNC(("variable argument length doesn't match"), void rb_scan_args_length_mismatch(const char*,int));
^~~~~~~~~~~~~~~~~~~~~~~~~~~~~~~~~~~~~~~~~~~~~~~~~~~~~~~~~~~~~~~~~~~~~~~~~~~~~~~~~~~~~~~~~~~~~~~~~~~~~~~~~
/opt/homebrew/Cellar/ruby@2.7/2.7.8_1/include/ruby-2.7.0/arm64-darwin22/ruby/config.h:160:43: note: expanded from macro 'ERRORFUNC'
#define ERRORFUNC(mesg,x) __attribute__ ((__error__ mesg)) x
                                          ^~~~~~~~~~~~~~
In file included from conftest.c:1:
In file included from /opt/homebrew/Cellar/ruby@2.7/2.7.8_1/include/ruby-2.7.0/ruby.h:33:
In file included from /opt/homebrew/Cellar/ruby@2.7/2.7.8_1/include/ruby-2.7.0/ruby/ruby.h:2762:
/opt/homebrew/Cellar/ruby@2.7/2.7.8_1/include/ruby-2.7.0/ruby/backward.h:16:1: warning: unknown attribute '__error__' ignored [-Wunknown-attributes]
DECLARE_DEPRECATED_FEATURE(2.2, rb_disable_super);
^~~~~~~~~~~~~~~~~~~~~~~~~~~~~~~~~~~~~~~~~~~~~~~~~
/opt/homebrew/Cellar/ruby@2.7/2.7.8_1/include/ruby-2.7.0/ruby/backward.h:13:14: note: expanded from macro 'DECLARE_DEPRECATED_FEATURE'
    NORETURN(ERRORFUNC(("deprecated since "#ver), DEPRECATED(void func(void))))
    ~~~~~~~~~^~~~~~~~~~~~~~~~~~~~~~~~~~~~~~~~~~~~~~~~~~~~~~~~~~~~~~~~~~~~~~~~~~
/opt/homebrew/Cellar/ruby@2.7/2.7.8_1/include/ruby-2.7.0/arm64-darwin22/ruby/config.h:160:43: note: expanded from macro 'ERRORFUNC'
#define ERRORFUNC(mesg,x) __attribute__ ((__error__ mesg)) x
                                          ^
/opt/homebrew/Cellar/ruby@2.7/2.7.8_1/include/ruby-2.7.0/arm64-darwin22/ruby/config.h:149:52: note: expanded from macro 'NORETURN'
#define NORETURN(x) __attribute__ ((__noreturn__)) x
                                                   ^
In file included from conftest.c:1:
In file included from /opt/homebrew/Cellar/ruby@2.7/2.7.8_1/include/ruby-2.7.0/ruby.h:33:
In file included from /opt/homebrew/Cellar/ruby@2.7/2.7.8_1/include/ruby-2.7.0/ruby/ruby.h:2762:
/opt/homebrew/Cellar/ruby@2.7/2.7.8_1/include/ruby-2.7.0/ruby/backward.h:17:1: warning: unknown attribute '__error__' ignored [-Wunknown-attributes]
DECLARE_DEPRECATED_FEATURE(2.2, rb_enable_super);
^~~~~~~~~~~~~~~~~~~~~~~~~~~~~~~~~~~~~~~~~~~~~~~~
/opt/homebrew/Cellar/ruby@2.7/2.7.8_1/include/ruby-2.7.0/ruby/backward.h:13:14: note: expanded from macro 'DECLARE_DEPRECATED_FEATURE'
    NORETURN(ERRORFUNC(("deprecated since "#ver), DEPRECATED(void func(void))))
    ~~~~~~~~~^~~~~~~~~~~~~~~~~~~~~~~~~~~~~~~~~~~~~~~~~~~~~~~~~~~~~~~~~~~~~~~~~~
/opt/homebrew/Cellar/ruby@2.7/2.7.8_1/include/ruby-2.7.0/arm64-darwin22/ruby/config.h:160:43: note: expanded from macro 'ERRORFUNC'
#define ERRORFUNC(mesg,x) __attribute__ ((__error__ mesg)) x
                                          ^
/opt/homebrew/Cellar/ruby@2.7/2.7.8_1/include/ruby-2.7.0/arm64-darwin22/ruby/config.h:149:52: note: expanded from macro 'NORETURN'
#define NORETURN(x) __attribute__ ((__noreturn__)) x
                                                   ^
In file included from conftest.c:1:
In file included from /opt/homebrew/Cellar/ruby@2.7/2.7.8_1/include/ruby-2.7.0/ruby.h:33:
In file included from /opt/homebrew/Cellar/ruby@2.7/2.7.8_1/include/ruby-2.7.0/ruby/ruby.h:2762:
/opt/homebrew/Cellar/ruby@2.7/2.7.8_1/include/ruby-2.7.0/ruby/backward.h:20:1: warning: unknown attribute '__error__' ignored [-Wunknown-attributes]
DECLARE_DEPRECATED_FEATURE(2.2, rb_hash_iter_lev);
^~~~~~~~~~~~~~~~~~~~~~~~~~~~~~~~~~~~~~~~~~~~~~~~~
/opt/homebrew/Cellar/ruby@2.7/2.7.8_1/include/ruby-2.7.0/ruby/backward.h:13:14: note: expanded from macro 'DECLARE_DEPRECATED_FEATURE'
    NORETURN(ERRORFUNC(("deprecated since "#ver), DEPRECATED(void func(void))))
    ~~~~~~~~~^~~~~~~~~~~~~~~~~~~~~~~~~~~~~~~~~~~~~~~~~~~~~~~~~~~~~~~~~~~~~~~~~~
/opt/homebrew/Cellar/ruby@2.7/2.7.8_1/include/ruby-2.7.0/arm64-darwin22/ruby/config.h:160:43: note: expanded from macro 'ERRORFUNC'
#define ERRORFUNC(mesg,x) __attribute__ ((__error__ mesg)) x
                                          ^
/opt/homebrew/Cellar/ruby@2.7/2.7.8_1/include/ruby-2.7.0/arm64-darwin22/ruby/config.h:149:52: note: expanded from macro 'NORETURN'
#define NORETURN(x) __attribute__ ((__noreturn__)) x
                                                   ^
In file included from conftest.c:1:
In file included from /opt/homebrew/Cellar/ruby@2.7/2.7.8_1/include/ruby-2.7.0/ruby.h:33:
In file included from /opt/homebrew/Cellar/ruby@2.7/2.7.8_1/include/ruby-2.7.0/ruby/ruby.h:2762:
/opt/homebrew/Cellar/ruby@2.7/2.7.8_1/include/ruby-2.7.0/ruby/backward.h:21:1: warning: unknown attribute '__error__' ignored [-Wunknown-attributes]
DECLARE_DEPRECATED_FEATURE(2.2, rb_hash_ifnone);
^~~~~~~~~~~~~~~~~~~~~~~~~~~~~~~~~~~~~~~~~~~~~~~
/opt/homebrew/Cellar/ruby@2.7/2.7.8_1/include/ruby-2.7.0/ruby/backward.h:13:14: note: expanded from macro 'DECLARE_DEPRECATED_FEATURE'
    NORETURN(ERRORFUNC(("deprecated since "#ver), DEPRECATED(void func(void))))
    ~~~~~~~~~^~~~~~~~~~~~~~~~~~~~~~~~~~~~~~~~~~~~~~~~~~~~~~~~~~~~~~~~~~~~~~~~~~
/opt/homebrew/Cellar/ruby@2.7/2.7.8_1/include/ruby-2.7.0/arm64-darwin22/ruby/config.h:160:43: note: expanded from macro 'ERRORFUNC'
#define ERRORFUNC(mesg,x) __attribute__ ((__error__ mesg)) x
                                          ^
/opt/homebrew/Cellar/ruby@2.7/2.7.8_1/include/ruby-2.7.0/arm64-darwin22/ruby/config.h:149:52: note: expanded from macro 'NORETURN'
#define NORETURN(x) __attribute__ ((__noreturn__)) x
                                                   ^
In file included from conftest.c:1:
In file included from /opt/homebrew/Cellar/ruby@2.7/2.7.8_1/include/ruby-2.7.0/ruby.h:33:
In file included from /opt/homebrew/Cellar/ruby@2.7/2.7.8_1/include/ruby-2.7.0/ruby/ruby.h:2762:
/opt/homebrew/Cellar/ruby@2.7/2.7.8_1/include/ruby-2.7.0/ruby/backward.h:24:1: warning: unknown attribute '__error__' ignored [-Wunknown-attributes]
DECLARE_DEPRECATED_FEATURE(2.2, rb_str_associate);
^~~~~~~~~~~~~~~~~~~~~~~~~~~~~~~~~~~~~~~~~~~~~~~~~
/opt/homebrew/Cellar/ruby@2.7/2.7.8_1/include/ruby-2.7.0/ruby/backward.h:13:14: note: expanded from macro 'DECLARE_DEPRECATED_FEATURE'
    NORETURN(ERRORFUNC(("deprecated since "#ver), DEPRECATED(void func(void))))
    ~~~~~~~~~^~~~~~~~~~~~~~~~~~~~~~~~~~~~~~~~~~~~~~~~~~~~~~~~~~~~~~~~~~~~~~~~~~
/opt/homebrew/Cellar/ruby@2.7/2.7.8_1/include/ruby-2.7.0/arm64-darwin22/ruby/config.h:160:43: note: expanded from macro 'ERRORFUNC'
#define ERRORFUNC(mesg,x) __attribute__ ((__error__ mesg)) x
                                          ^
/opt/homebrew/Cellar/ruby@2.7/2.7.8_1/include/ruby-2.7.0/arm64-darwin22/ruby/config.h:149:52: note: expanded from macro 'NORETURN'
#define NORETURN(x) __attribute__ ((__noreturn__)) x
                                                   ^
In file included from conftest.c:1:
In file included from /opt/homebrew/Cellar/ruby@2.7/2.7.8_1/include/ruby-2.7.0/ruby.h:33:
In file included from /opt/homebrew/Cellar/ruby@2.7/2.7.8_1/include/ruby-2.7.0/ruby/ruby.h:2762:
/opt/homebrew/Cellar/ruby@2.7/2.7.8_1/include/ruby-2.7.0/ruby/backward.h:25:1: warning: unknown attribute '__error__' ignored [-Wunknown-attributes]
DECLARE_DEPRECATED_FEATURE(2.2, rb_str_associated);
^~~~~~~~~~~~~~~~~~~~~~~~~~~~~~~~~~~~~~~~~~~~~~~~~~
/opt/homebrew/Cellar/ruby@2.7/2.7.8_1/include/ruby-2.7.0/ruby/backward.h:13:14: note: expanded from macro 'DECLARE_DEPRECATED_FEATURE'
    NORETURN(ERRORFUNC(("deprecated since "#ver), DEPRECATED(void func(void))))
    ~~~~~~~~~^~~~~~~~~~~~~~~~~~~~~~~~~~~~~~~~~~~~~~~~~~~~~~~~~~~~~~~~~~~~~~~~~~
/opt/homebrew/Cellar/ruby@2.7/2.7.8_1/include/ruby-2.7.0/arm64-darwin22/ruby/config.h:160:43: note: expanded from macro 'ERRORFUNC'
#define ERRORFUNC(mesg,x) __attribute__ ((__error__ mesg)) x
                                          ^
/opt/homebrew/Cellar/ruby@2.7/2.7.8_1/include/ruby-2.7.0/arm64-darwin22/ruby/config.h:149:52: note: expanded from macro 'NORETURN'
#define NORETURN(x) __attribute__ ((__noreturn__)) x
                                                   ^
In file included from conftest.c:1:
In file included from /opt/homebrew/Cellar/ruby@2.7/2.7.8_1/include/ruby-2.7.0/ruby.h:33:
In file included from /opt/homebrew/Cellar/ruby@2.7/2.7.8_1/include/ruby-2.7.0/ruby/ruby.h:2762:
/opt/homebrew/Cellar/ruby@2.7/2.7.8_1/include/ruby-2.7.0/ruby/backward.h:31:1: warning: unknown attribute '__error__' ignored [-Wunknown-attributes]
DECLARE_DEPRECATED_FEATURE(2.2, rb_clear_cache);
^~~~~~~~~~~~~~~~~~~~~~~~~~~~~~~~~~~~~~~~~~~~~~~
/opt/homebrew/Cellar/ruby@2.7/2.7.8_1/include/ruby-2.7.0/ruby/backward.h:13:14: note: expanded from macro 'DECLARE_DEPRECATED_FEATURE'
    NORETURN(ERRORFUNC(("deprecated since "#ver), DEPRECATED(void func(void))))
    ~~~~~~~~~^~~~~~~~~~~~~~~~~~~~~~~~~~~~~~~~~~~~~~~~~~~~~~~~~~~~~~~~~~~~~~~~~~
/opt/homebrew/Cellar/ruby@2.7/2.7.8_1/include/ruby-2.7.0/arm64-darwin22/ruby/config.h:160:43: note: expanded from macro 'ERRORFUNC'
#define ERRORFUNC(mesg,x) __attribute__ ((__error__ mesg)) x
                                          ^
/opt/homebrew/Cellar/ruby@2.7/2.7.8_1/include/ruby-2.7.0/arm64-darwin22/ruby/config.h:149:52: note: expanded from macro 'NORETURN'
#define NORETURN(x) __attribute__ ((__noreturn__)) x
                                                   ^
In file included from conftest.c:1:
In file included from /opt/homebrew/Cellar/ruby@2.7/2.7.8_1/include/ruby-2.7.0/ruby.h:33:
In file included from /opt/homebrew/Cellar/ruby@2.7/2.7.8_1/include/ruby-2.7.0/ruby/ruby.h:2762:
/opt/homebrew/Cellar/ruby@2.7/2.7.8_1/include/ruby-2.7.0/ruby/backward.h:32:1: warning: unknown attribute '__error__' ignored [-Wunknown-attributes]
DECLARE_DEPRECATED_FEATURE(2.2, rb_frame_pop);
^~~~~~~~~~~~~~~~~~~~~~~~~~~~~~~~~~~~~~~~~~~~~
/opt/homebrew/Cellar/ruby@2.7/2.7.8_1/include/ruby-2.7.0/ruby/backward.h:13:14: note: expanded from macro 'DECLARE_DEPRECATED_FEATURE'
    NORETURN(ERRORFUNC(("deprecated since "#ver), DEPRECATED(void func(void))))
    ~~~~~~~~~^~~~~~~~~~~~~~~~~~~~~~~~~~~~~~~~~~~~~~~~~~~~~~~~~~~~~~~~~~~~~~~~~~
/opt/homebrew/Cellar/ruby@2.7/2.7.8_1/include/ruby-2.7.0/arm64-darwin22/ruby/config.h:160:43: note: expanded from macro 'ERRORFUNC'
#define ERRORFUNC(mesg,x) __attribute__ ((__error__ mesg)) x
                                          ^
/opt/homebrew/Cellar/ruby@2.7/2.7.8_1/include/ruby-2.7.0/arm64-darwin22/ruby/config.h:149:52: note: expanded from macro 'NORETURN'
#define NORETURN(x) __attribute__ ((__noreturn__)) x
                                                   ^
In file included from conftest.c:1:
In file included from /opt/homebrew/Cellar/ruby@2.7/2.7.8_1/include/ruby-2.7.0/ruby.h:33:
In file included from /opt/homebrew/Cellar/ruby@2.7/2.7.8_1/include/ruby-2.7.0/ruby/ruby.h:2762:
/opt/homebrew/Cellar/ruby@2.7/2.7.8_1/include/ruby-2.7.0/ruby/backward.h:38:10: warning: unknown attribute '__error__' ignored [-Wunknown-attributes]
NORETURN(ERRORFUNC(("internal function"), void rb_frozen_class_p(VALUE)));
~~~~~~~~~^~~~~~~~~~~~~~~~~~~~~~~~~~~~~~~~~~~~~~~~~~~~~~~~~~~~~~~~~~~~~~~~
/opt/homebrew/Cellar/ruby@2.7/2.7.8_1/include/ruby-2.7.0/arm64-darwin22/ruby/config.h:160:43: note: expanded from macro 'ERRORFUNC'
#define ERRORFUNC(mesg,x) __attribute__ ((__error__ mesg)) x
                                          ^
/opt/homebrew/Cellar/ruby@2.7/2.7.8_1/include/ruby-2.7.0/arm64-darwin22/ruby/config.h:149:52: note: expanded from macro 'NORETURN'
#define NORETURN(x) __attribute__ ((__noreturn__)) x
                                                   ^
In file included from conftest.c:1:
In file included from /opt/homebrew/Cellar/ruby@2.7/2.7.8_1/include/ruby-2.7.0/ruby.h:33:
In file included from /opt/homebrew/Cellar/ruby@2.7/2.7.8_1/include/ruby-2.7.0/ruby/ruby.h:2762:
/opt/homebrew/Cellar/ruby@2.7/2.7.8_1/include/ruby-2.7.0/ruby/backward.h:39:1: warning: unknown attribute '__error__' ignored [-Wunknown-attributes]
DECLARE_DEPRECATED_INTERNAL_FEATURE(rb_exec_end_proc);
^~~~~~~~~~~~~~~~~~~~~~~~~~~~~~~~~~~~~~~~~~~~~~~~~~~~~
/opt/homebrew/Cellar/ruby@2.7/2.7.8_1/include/ruby-2.7.0/ruby/backward.h:35:14: note: expanded from macro 'DECLARE_DEPRECATED_INTERNAL_FEATURE'
    NORETURN(ERRORFUNC(("deprecated internal function"), DEPRECATED(void func(void))))
    ~~~~~~~~~^~~~~~~~~~~~~~~~~~~~~~~~~~~~~~~~~~~~~~~~~~~~~~~~~~~~~~~~~~~~~~~~~~~~~~~~~
/opt/homebrew/Cellar/ruby@2.7/2.7.8_1/include/ruby-2.7.0/arm64-darwin22/ruby/config.h:160:43: note: expanded from macro 'ERRORFUNC'
#define ERRORFUNC(mesg,x) __attribute__ ((__error__ mesg)) x
                                          ^
/opt/homebrew/Cellar/ruby@2.7/2.7.8_1/include/ruby-2.7.0/arm64-darwin22/ruby/config.h:149:52: note: expanded from macro 'NORETURN'
#define NORETURN(x) __attribute__ ((__noreturn__)) x
                                                   ^
In file included from conftest.c:1:
In file included from /opt/homebrew/Cellar/ruby@2.7/2.7.8_1/include/ruby-2.7.0/ruby.h:33:
In file included from /opt/homebrew/Cellar/ruby@2.7/2.7.8_1/include/ruby-2.7.0/ruby/ruby.h:2762:
/opt/homebrew/Cellar/ruby@2.7/2.7.8_1/include/ruby-2.7.0/ruby/backward.h:42:1: warning: unknown attribute '__error__' ignored [-Wunknown-attributes]
DECLARE_DEPRECATED_INTERNAL_FEATURE(rb_compile_error);
^~~~~~~~~~~~~~~~~~~~~~~~~~~~~~~~~~~~~~~~~~~~~~~~~~~~~
/opt/homebrew/Cellar/ruby@2.7/2.7.8_1/include/ruby-2.7.0/ruby/backward.h:35:14: note: expanded from macro 'DECLARE_DEPRECATED_INTERNAL_FEATURE'
    NORETURN(ERRORFUNC(("deprecated internal function"), DEPRECATED(void func(void))))
    ~~~~~~~~~^~~~~~~~~~~~~~~~~~~~~~~~~~~~~~~~~~~~~~~~~~~~~~~~~~~~~~~~~~~~~~~~~~~~~~~~~
/opt/homebrew/Cellar/ruby@2.7/2.7.8_1/include/ruby-2.7.0/arm64-darwin22/ruby/config.h:160:43: note: expanded from macro 'ERRORFUNC'
#define ERRORFUNC(mesg,x) __attribute__ ((__error__ mesg)) x
                                          ^
/opt/homebrew/Cellar/ruby@2.7/2.7.8_1/include/ruby-2.7.0/arm64-darwin22/ruby/config.h:149:52: note: expanded from macro 'NORETURN'
#define NORETURN(x) __attribute__ ((__noreturn__)) x
                                                   ^
In file included from conftest.c:1:
In file included from /opt/homebrew/Cellar/ruby@2.7/2.7.8_1/include/ruby-2.7.0/ruby.h:33:
In file included from /opt/homebrew/Cellar/ruby@2.7/2.7.8_1/include/ruby-2.7.0/ruby/ruby.h:2762:
/opt/homebrew/Cellar/ruby@2.7/2.7.8_1/include/ruby-2.7.0/ruby/backward.h:43:1: warning: unknown attribute '__error__' ignored [-Wunknown-attributes]
DECLARE_DEPRECATED_INTERNAL_FEATURE(rb_compile_error_with_enc);
^~~~~~~~~~~~~~~~~~~~~~~~~~~~~~~~~~~~~~~~~~~~~~~~~~~~~~~~~~~~~~
/opt/homebrew/Cellar/ruby@2.7/2.7.8_1/include/ruby-2.7.0/ruby/backward.h:35:14: note: expanded from macro 'DECLARE_DEPRECATED_INTERNAL_FEATURE'
    NORETURN(ERRORFUNC(("deprecated internal function"), DEPRECATED(void func(void))))
    ~~~~~~~~~^~~~~~~~~~~~~~~~~~~~~~~~~~~~~~~~~~~~~~~~~~~~~~~~~~~~~~~~~~~~~~~~~~~~~~~~~
/opt/homebrew/Cellar/ruby@2.7/2.7.8_1/include/ruby-2.7.0/arm64-darwin22/ruby/config.h:160:43: note: expanded from macro 'ERRORFUNC'
#define ERRORFUNC(mesg,x) __attribute__ ((__error__ mesg)) x
                                          ^
/opt/homebrew/Cellar/ruby@2.7/2.7.8_1/include/ruby-2.7.0/arm64-darwin22/ruby/config.h:149:52: note: expanded from macro 'NORETURN'
#define NORETURN(x) __attribute__ ((__noreturn__)) x
                                                   ^
In file included from conftest.c:1:
In file included from /opt/homebrew/Cellar/ruby@2.7/2.7.8_1/include/ruby-2.7.0/ruby.h:33:
In file included from /opt/homebrew/Cellar/ruby@2.7/2.7.8_1/include/ruby-2.7.0/ruby/ruby.h:2762:
/opt/homebrew/Cellar/ruby@2.7/2.7.8_1/include/ruby-2.7.0/ruby/backward.h:44:1: warning: unknown attribute '__error__' ignored [-Wunknown-attributes]
DECLARE_DEPRECATED_INTERNAL_FEATURE(rb_compile_error_append);
^~~~~~~~~~~~~~~~~~~~~~~~~~~~~~~~~~~~~~~~~~~~~~~~~~~~~~~~~~~~
/opt/homebrew/Cellar/ruby@2.7/2.7.8_1/include/ruby-2.7.0/ruby/backward.h:35:14: note: expanded from macro 'DECLARE_DEPRECATED_INTERNAL_FEATURE'
    NORETURN(ERRORFUNC(("deprecated internal function"), DEPRECATED(void func(void))))
    ~~~~~~~~~^~~~~~~~~~~~~~~~~~~~~~~~~~~~~~~~~~~~~~~~~~~~~~~~~~~~~~~~~~~~~~~~~~~~~~~~~
/opt/homebrew/Cellar/ruby@2.7/2.7.8_1/include/ruby-2.7.0/arm64-darwin22/ruby/config.h:160:43: note: expanded from macro 'ERRORFUNC'
#define ERRORFUNC(mesg,x) __attribute__ ((__error__ mesg)) x
                                          ^
/opt/homebrew/Cellar/ruby@2.7/2.7.8_1/include/ruby-2.7.0/arm64-darwin22/ruby/config.h:149:52: note: expanded from macro 'NORETURN'
#define NORETURN(x) __attribute__ ((__noreturn__)) x
                                                   ^
In file included from conftest.c:1:
In file included from /opt/homebrew/Cellar/ruby@2.7/2.7.8_1/include/ruby-2.7.0/ruby.h:33:
In file included from /opt/homebrew/Cellar/ruby@2.7/2.7.8_1/include/ruby-2.7.0/ruby/ruby.h:2762:
/opt/homebrew/Cellar/ruby@2.7/2.7.8_1/include/ruby-2.7.0/ruby/backward.h:47:1: warning: unknown attribute '__error__' ignored [-Wunknown-attributes]
DECLARE_DEPRECATED_INTERNAL_FEATURE(rb_gc_call_finalizer_at_exit);
^~~~~~~~~~~~~~~~~~~~~~~~~~~~~~~~~~~~~~~~~~~~~~~~~~~~~~~~~~~~~~~~~
/opt/homebrew/Cellar/ruby@2.7/2.7.8_1/include/ruby-2.7.0/ruby/backward.h:35:14: note: expanded from macro 'DECLARE_DEPRECATED_INTERNAL_FEATURE'
    NORETURN(ERRORFUNC(("deprecated internal function"), DEPRECATED(void func(void))))
    ~~~~~~~~~^~~~~~~~~~~~~~~~~~~~~~~~~~~~~~~~~~~~~~~~~~~~~~~~~~~~~~~~~~~~~~~~~~~~~~~~~
/opt/homebrew/Cellar/ruby@2.7/2.7.8_1/include/ruby-2.7.0/arm64-darwin22/ruby/config.h:160:43: note: expanded from macro 'ERRORFUNC'
#define ERRORFUNC(mesg,x) __attribute__ ((__error__ mesg)) x
                                          ^
/opt/homebrew/Cellar/ruby@2.7/2.7.8_1/include/ruby-2.7.0/arm64-darwin22/ruby/config.h:149:52: note: expanded from macro 'NORETURN'
#define NORETURN(x) __attribute__ ((__noreturn__)) x
                                                   ^
In file included from conftest.c:1:
In file included from /opt/homebrew/Cellar/ruby@2.7/2.7.8_1/include/ruby-2.7.0/ruby.h:33:
In file included from /opt/homebrew/Cellar/ruby@2.7/2.7.8_1/include/ruby-2.7.0/ruby/ruby.h:2762:
/opt/homebrew/Cellar/ruby@2.7/2.7.8_1/include/ruby-2.7.0/ruby/backward.h:50:1: warning: unknown attribute '__error__' ignored [-Wunknown-attributes]
DECLARE_DEPRECATED_INTERNAL_FEATURE(rb_trap_exit);
^~~~~~~~~~~~~~~~~~~~~~~~~~~~~~~~~~~~~~~~~~~~~~~~~
/opt/homebrew/Cellar/ruby@2.7/2.7.8_1/include/ruby-2.7.0/ruby/backward.h:35:14: note: expanded from macro 'DECLARE_DEPRECATED_INTERNAL_FEATURE'
    NORETURN(ERRORFUNC(("deprecated internal function"), DEPRECATED(void func(void))))
    ~~~~~~~~~^~~~~~~~~~~~~~~~~~~~~~~~~~~~~~~~~~~~~~~~~~~~~~~~~~~~~~~~~~~~~~~~~~~~~~~~~
/opt/homebrew/Cellar/ruby@2.7/2.7.8_1/include/ruby-2.7.0/arm64-darwin22/ruby/config.h:160:43: note: expanded from macro 'ERRORFUNC'
#define ERRORFUNC(mesg,x) __attribute__ ((__error__ mesg)) x
                                          ^
/opt/homebrew/Cellar/ruby@2.7/2.7.8_1/include/ruby-2.7.0/arm64-darwin22/ruby/config.h:149:52: note: expanded from macro 'NORETURN'
#define NORETURN(x) __attribute__ ((__noreturn__)) x
                                                   ^
In file included from conftest.c:1:
In file included from /opt/homebrew/Cellar/ruby@2.7/2.7.8_1/include/ruby-2.7.0/ruby.h:33:
In file included from /opt/homebrew/Cellar/ruby@2.7/2.7.8_1/include/ruby-2.7.0/ruby/ruby.h:2762:
/opt/homebrew/Cellar/ruby@2.7/2.7.8_1/include/ruby-2.7.0/ruby/backward.h:53:1: warning: unknown attribute '__error__' ignored [-Wunknown-attributes]
DECLARE_DEPRECATED_INTERNAL_FEATURE(rb_struct_ptr);
^~~~~~~~~~~~~~~~~~~~~~~~~~~~~~~~~~~~~~~~~~~~~~~~~~
/opt/homebrew/Cellar/ruby@2.7/2.7.8_1/include/ruby-2.7.0/ruby/backward.h:35:14: note: expanded from macro 'DECLARE_DEPRECATED_INTERNAL_FEATURE'
    NORETURN(ERRORFUNC(("deprecated internal function"), DEPRECATED(void func(void))))
    ~~~~~~~~~^~~~~~~~~~~~~~~~~~~~~~~~~~~~~~~~~~~~~~~~~~~~~~~~~~~~~~~~~~~~~~~~~~~~~~~~~
/opt/homebrew/Cellar/ruby@2.7/2.7.8_1/include/ruby-2.7.0/arm64-darwin22/ruby/config.h:160:43: note: expanded from macro 'ERRORFUNC'
#define ERRORFUNC(mesg,x) __attribute__ ((__error__ mesg)) x
                                          ^
/opt/homebrew/Cellar/ruby@2.7/2.7.8_1/include/ruby-2.7.0/arm64-darwin22/ruby/config.h:149:52: note: expanded from macro 'NORETURN'
#define NORETURN(x) __attribute__ ((__noreturn__)) x
                                                   ^
In file included from conftest.c:1:
In file included from /opt/homebrew/Cellar/ruby@2.7/2.7.8_1/include/ruby-2.7.0/ruby.h:33:
In file included from /opt/homebrew/Cellar/ruby@2.7/2.7.8_1/include/ruby-2.7.0/ruby/ruby.h:2762:
/opt/homebrew/Cellar/ruby@2.7/2.7.8_1/include/ruby-2.7.0/ruby/backward.h:56:1: warning: unknown attribute '__error__' ignored [-Wunknown-attributes]
DECLARE_DEPRECATED_INTERNAL_FEATURE(rb_clear_trace_func);
^~~~~~~~~~~~~~~~~~~~~~~~~~~~~~~~~~~~~~~~~~~~~~~~~~~~~~~~
/opt/homebrew/Cellar/ruby@2.7/2.7.8_1/include/ruby-2.7.0/ruby/backward.h:35:14: note: expanded from macro 'DECLARE_DEPRECATED_INTERNAL_FEATURE'
    NORETURN(ERRORFUNC(("deprecated internal function"), DEPRECATED(void func(void))))
    ~~~~~~~~~^~~~~~~~~~~~~~~~~~~~~~~~~~~~~~~~~~~~~~~~~~~~~~~~~~~~~~~~~~~~~~~~~~~~~~~~~
/opt/homebrew/Cellar/ruby@2.7/2.7.8_1/include/ruby-2.7.0/arm64-darwin22/ruby/config.h:160:43: note: expanded from macro 'ERRORFUNC'
#define ERRORFUNC(mesg,x) __attribute__ ((__error__ mesg)) x
                                          ^
/opt/homebrew/Cellar/ruby@2.7/2.7.8_1/include/ruby-2.7.0/arm64-darwin22/ruby/config.h:149:52: note: expanded from macro 'NORETURN'
#define NORETURN(x) __attribute__ ((__noreturn__)) x
                                                   ^
In file included from conftest.c:1:
In file included from /opt/homebrew/Cellar/ruby@2.7/2.7.8_1/include/ruby-2.7.0/ruby.h:33:
In file included from /opt/homebrew/Cellar/ruby@2.7/2.7.8_1/include/ruby-2.7.0/ruby/ruby.h:2762:
/opt/homebrew/Cellar/ruby@2.7/2.7.8_1/include/ruby-2.7.0/ruby/backward.h:59:1: warning: unknown attribute '__error__' ignored [-Wunknown-attributes]
DECLARE_DEPRECATED_INTERNAL_FEATURE(rb_generic_ivar_table);
^~~~~~~~~~~~~~~~~~~~~~~~~~~~~~~~~~~~~~~~~~~~~~~~~~~~~~~~~~
/opt/homebrew/Cellar/ruby@2.7/2.7.8_1/include/ruby-2.7.0/ruby/backward.h:35:14: note: expanded from macro 'DECLARE_DEPRECATED_INTERNAL_FEATURE'
    NORETURN(ERRORFUNC(("deprecated internal function"), DEPRECATED(void func(void))))
    ~~~~~~~~~^~~~~~~~~~~~~~~~~~~~~~~~~~~~~~~~~~~~~~~~~~~~~~~~~~~~~~~~~~~~~~~~~~~~~~~~~
/opt/homebrew/Cellar/ruby@2.7/2.7.8_1/include/ruby-2.7.0/arm64-darwin22/ruby/config.h:160:43: note: expanded from macro 'ERRORFUNC'
#define ERRORFUNC(mesg,x) __attribute__ ((__error__ mesg)) x
                                          ^
/opt/homebrew/Cellar/ruby@2.7/2.7.8_1/include/ruby-2.7.0/arm64-darwin22/ruby/config.h:149:52: note: expanded from macro 'NORETURN'
#define NORETURN(x) __attribute__ ((__noreturn__)) x
                                                   ^
In file included from conftest.c:1:
In file included from /opt/homebrew/Cellar/ruby@2.7/2.7.8_1/include/ruby-2.7.0/ruby.h:33:
In file included from /opt/homebrew/Cellar/ruby@2.7/2.7.8_1/include/ruby-2.7.0/ruby/ruby.h:2762:
/opt/homebrew/Cellar/ruby@2.7/2.7.8_1/include/ruby-2.7.0/ruby/backward.h:60:10: warning: unknown attribute '__error__' ignored [-Wunknown-attributes]
NORETURN(ERRORFUNC(("internal function"), VALUE rb_mod_const_missing(VALUE, VALUE)));
~~~~~~~~~^~~~~~~~~~~~~~~~~~~~~~~~~~~~~~~~~~~~~~~~~~~~~~~~~~~~~~~~~~~~~~~~~~~~~~~~~~~
/opt/homebrew/Cellar/ruby@2.7/2.7.8_1/include/ruby-2.7.0/arm64-darwin22/ruby/config.h:160:43: note: expanded from macro 'ERRORFUNC'
#define ERRORFUNC(mesg,x) __attribute__ ((__error__ mesg)) x
                                          ^
/opt/homebrew/Cellar/ruby@2.7/2.7.8_1/include/ruby-2.7.0/arm64-darwin22/ruby/config.h:149:52: note: expanded from macro 'NORETURN'
#define NORETURN(x) __attribute__ ((__noreturn__)) x
                                                   ^
22 warnings generated.
checked program was:
/* begin */
1: #include "ruby.h"
2: 
3: int main(int argc, char **argv)
4: {
5:   return !!argv[argc];
6: }
/* end */

"clang -E -I/opt/homebrew/Cellar/ruby@2.7/2.7.8_1/include/ruby-2.7.0/arm64-darwin22 -I/opt/homebrew/Cellar/ruby@2.7/2.7.8_1/include/ruby-2.7.0/ruby/backward -I/opt/homebrew/Cellar/ruby@2.7/2.7.8_1/include/ruby-2.7.0 -I.  -I/opt/homebrew/opt/libyaml/include -I/opt/homebrew/opt/openssl@3/include -I/opt/homebrew/opt/readline/include -D_XOPEN_SOURCE -D_DARWIN_C_SOURCE -D_DARWIN_UNLIMITED_SELECT -D_REENTRANT   -g -O2 -fno-common -pipe  conftest.c -o conftest.i"
conftest.c:3:10: fatal error: 'ffi.h' file not found
#include <ffi.h>
         ^~~~~~~
1 error generated.
checked program was:
/* begin */
1: #include "ruby.h"
2: 
3: #include <ffi.h>
/* end */

--------------------

find_header: checking for ffi.h in /usr/local/include,/usr/include/ffi,/Library/Developer/CommandLineTools/SDKs/MacOSX.sdk/usr/include/ffi,/Applications/Xcode.app/Contents/Developer/Platforms/MacOSX.platform/Developer/SDKs/MacOSX.sdk/usr/include/ffi... -------------------- yes

"clang -E -I/opt/homebrew/Cellar/ruby@2.7/2.7.8_1/include/ruby-2.7.0/arm64-darwin22 -I/opt/homebrew/Cellar/ruby@2.7/2.7.8_1/include/ruby-2.7.0/ruby/backward -I/opt/homebrew/Cellar/ruby@2.7/2.7.8_1/include/ruby-2.7.0 -I.  -I/opt/homebrew/opt/libyaml/include -I/opt/homebrew/opt/openssl@3/include -I/opt/homebrew/opt/readline/include -D_XOPEN_SOURCE -D_DARWIN_C_SOURCE -D_DARWIN_UNLIMITED_SELECT -D_REENTRANT   -g -O2 -fno-common -pipe  conftest.c -o conftest.i"
conftest.c:3:10: fatal error: 'ffi.h' file not found
#include <ffi.h>
         ^~~~~~~
1 error generated.
checked program was:
/* begin */
1: #include "ruby.h"
2: 
3: #include <ffi.h>
/* end */

"clang -E -I/opt/homebrew/Cellar/ruby@2.7/2.7.8_1/include/ruby-2.7.0/arm64-darwin22 -I/opt/homebrew/Cellar/ruby@2.7/2.7.8_1/include/ruby-2.7.0/ruby/backward -I/opt/homebrew/Cellar/ruby@2.7/2.7.8_1/include/ruby-2.7.0 -I.  -I/opt/homebrew/opt/libyaml/include -I/opt/homebrew/opt/openssl@3/include -I/opt/homebrew/opt/readline/include -D_XOPEN_SOURCE -D_DARWIN_C_SOURCE -D_DARWIN_UNLIMITED_SELECT -D_REENTRANT   -g -O2 -fno-common -pipe -I/usr/local/include conftest.c -o conftest.i"
conftest.c:3:10: fatal error: 'ffi.h' file not found
#include <ffi.h>
         ^~~~~~~
1 error generated.
checked program was:
/* begin */
1: #include "ruby.h"
2: 
3: #include <ffi.h>
/* end */

"clang -E -I/opt/homebrew/Cellar/ruby@2.7/2.7.8_1/include/ruby-2.7.0/arm64-darwin22 -I/opt/homebrew/Cellar/ruby@2.7/2.7.8_1/include/ruby-2.7.0/ruby/backward -I/opt/homebrew/Cellar/ruby@2.7/2.7.8_1/include/ruby-2.7.0 -I.  -I/opt/homebrew/opt/libyaml/include -I/opt/homebrew/opt/openssl@3/include -I/opt/homebrew/opt/readline/include -D_XOPEN_SOURCE -D_DARWIN_C_SOURCE -D_DARWIN_UNLIMITED_SELECT -D_REENTRANT   -g -O2 -fno-common -pipe -I/usr/include/ffi conftest.c -o conftest.i"
conftest.c:3:10: fatal error: 'ffi.h' file not found
#include <ffi.h>
         ^~~~~~~
1 error generated.
checked program was:
/* begin */
1: #include "ruby.h"
2: 
3: #include <ffi.h>
/* end */

"clang -E -I/opt/homebrew/Cellar/ruby@2.7/2.7.8_1/include/ruby-2.7.0/arm64-darwin22 -I/opt/homebrew/Cellar/ruby@2.7/2.7.8_1/include/ruby-2.7.0/ruby/backward -I/opt/homebrew/Cellar/ruby@2.7/2.7.8_1/include/ruby-2.7.0 -I.  -I/opt/homebrew/opt/libyaml/include -I/opt/homebrew/opt/openssl@3/include -I/opt/homebrew/opt/readline/include -D_XOPEN_SOURCE -D_DARWIN_C_SOURCE -D_DARWIN_UNLIMITED_SELECT -D_REENTRANT   -g -O2 -fno-common -pipe -I/Library/Developer/CommandLineTools/SDKs/MacOSX.sdk/usr/include/ffi conftest.c -o conftest.i"
checked program was:
/* begin */
1: #include "ruby.h"
2: 
3: #include <ffi.h>
/* end */

--------------------

have_library: checking for ffi_prep_closure_loc() in -lffi... -------------------- yes

"clang -o conftest -I/opt/homebrew/Cellar/ruby@2.7/2.7.8_1/include/ruby-2.7.0/arm64-darwin22 -I/opt/homebrew/Cellar/ruby@2.7/2.7.8_1/include/ruby-2.7.0/ruby/backward -I/opt/homebrew/Cellar/ruby@2.7/2.7.8_1/include/ruby-2.7.0 -I. -I/Library/Developer/CommandLineTools/SDKs/MacOSX.sdk/usr/include/ffi  -I/opt/homebrew/opt/libyaml/include -I/opt/homebrew/opt/openssl@3/include -I/opt/homebrew/opt/readline/include -D_XOPEN_SOURCE -D_DARWIN_C_SOURCE -D_DARWIN_UNLIMITED_SELECT -D_REENTRANT   -g -O2 -fno-common -pipe conftest.c  -L. -L/opt/homebrew/Cellar/ruby@2.7/2.7.8_1/lib -L/opt/homebrew/opt/libyaml/lib -L/opt/homebrew/opt/openssl@3/lib -L/opt/homebrew/opt/readline/lib -L. -fstack-protector-strong -L/opt/homebrew/lib -L/opt/homebrew/opt/libyaml/lib -L/opt/homebrew/opt/openssl@3/lib -L/opt/homebrew/opt/readline/lib  -m64   -lruby.2.7 -lffi   "
In file included from conftest.c:1:
In file included from /opt/homebrew/Cellar/ruby@2.7/2.7.8_1/include/ruby-2.7.0/ruby.h:33:
/opt/homebrew/Cellar/ruby@2.7/2.7.8_1/include/ruby-2.7.0/ruby/ruby.h:1865:1: warning: unknown attribute '__error__' ignored [-Wunknown-attributes]
ERRORFUNC((" argument length doesn't match"), int rb_varargs_bad_length(int,int));
^~~~~~~~~~~~~~~~~~~~~~~~~~~~~~~~~~~~~~~~~~~~~~~~~~~~~~~~~~~~~~~~~~~~~~~~~~~~~~~~~
/opt/homebrew/Cellar/ruby@2.7/2.7.8_1/include/ruby-2.7.0/arm64-darwin22/ruby/config.h:160:43: note: expanded from macro 'ERRORFUNC'
#define ERRORFUNC(mesg,x) __attribute__ ((__error__ mesg)) x
                                          ^~~~~~~~~~~~~~
In file included from conftest.c:1:
In file included from /opt/homebrew/Cellar/ruby@2.7/2.7.8_1/include/ruby-2.7.0/ruby.h:33:
/opt/homebrew/Cellar/ruby@2.7/2.7.8_1/include/ruby-2.7.0/ruby/ruby.h:2347:1: warning: unknown attribute '__error__' ignored [-Wunknown-attributes]
ERRORFUNC(("bad scan arg format"), void rb_scan_args_bad_format(const char*));
^~~~~~~~~~~~~~~~~~~~~~~~~~~~~~~~~~~~~~~~~~~~~~~~~~~~~~~~~~~~~~~~~~~~~~~~~~~~~
/opt/homebrew/Cellar/ruby@2.7/2.7.8_1/include/ruby-2.7.0/arm64-darwin22/ruby/config.h:160:43: note: expanded from macro 'ERRORFUNC'
#define ERRORFUNC(mesg,x) __attribute__ ((__error__ mesg)) x
                                          ^~~~~~~~~~~~~~
In file included from conftest.c:1:
In file included from /opt/homebrew/Cellar/ruby@2.7/2.7.8_1/include/ruby-2.7.0/ruby.h:33:
/opt/homebrew/Cellar/ruby@2.7/2.7.8_1/include/ruby-2.7.0/ruby/ruby.h:2348:1: warning: unknown attribute '__error__' ignored [-Wunknown-attributes]
ERRORFUNC(("variable argument length doesn't match"), void rb_scan_args_length_mismatch(const char*,int));
^~~~~~~~~~~~~~~~~~~~~~~~~~~~~~~~~~~~~~~~~~~~~~~~~~~~~~~~~~~~~~~~~~~~~~~~~~~~~~~~~~~~~~~~~~~~~~~~~~~~~~~~~
/opt/homebrew/Cellar/ruby@2.7/2.7.8_1/include/ruby-2.7.0/arm64-darwin22/ruby/config.h:160:43: note: expanded from macro 'ERRORFUNC'
#define ERRORFUNC(mesg,x) __attribute__ ((__error__ mesg)) x
                                          ^~~~~~~~~~~~~~
In file included from conftest.c:1:
In file included from /opt/homebrew/Cellar/ruby@2.7/2.7.8_1/include/ruby-2.7.0/ruby.h:33:
In file included from /opt/homebrew/Cellar/ruby@2.7/2.7.8_1/include/ruby-2.7.0/ruby/ruby.h:2762:
/opt/homebrew/Cellar/ruby@2.7/2.7.8_1/include/ruby-2.7.0/ruby/backward.h:16:1: warning: unknown attribute '__error__' ignored [-Wunknown-attributes]
DECLARE_DEPRECATED_FEATURE(2.2, rb_disable_super);
^~~~~~~~~~~~~~~~~~~~~~~~~~~~~~~~~~~~~~~~~~~~~~~~~
/opt/homebrew/Cellar/ruby@2.7/2.7.8_1/include/ruby-2.7.0/ruby/backward.h:13:14: note: expanded from macro 'DECLARE_DEPRECATED_FEATURE'
    NORETURN(ERRORFUNC(("deprecated since "#ver), DEPRECATED(void func(void))))
    ~~~~~~~~~^~~~~~~~~~~~~~~~~~~~~~~~~~~~~~~~~~~~~~~~~~~~~~~~~~~~~~~~~~~~~~~~~~
/opt/homebrew/Cellar/ruby@2.7/2.7.8_1/include/ruby-2.7.0/arm64-darwin22/ruby/config.h:160:43: note: expanded from macro 'ERRORFUNC'
#define ERRORFUNC(mesg,x) __attribute__ ((__error__ mesg)) x
                                          ^
/opt/homebrew/Cellar/ruby@2.7/2.7.8_1/include/ruby-2.7.0/arm64-darwin22/ruby/config.h:149:52: note: expanded from macro 'NORETURN'
#define NORETURN(x) __attribute__ ((__noreturn__)) x
                                                   ^
In file included from conftest.c:1:
In file included from /opt/homebrew/Cellar/ruby@2.7/2.7.8_1/include/ruby-2.7.0/ruby.h:33:
In file included from /opt/homebrew/Cellar/ruby@2.7/2.7.8_1/include/ruby-2.7.0/ruby/ruby.h:2762:
/opt/homebrew/Cellar/ruby@2.7/2.7.8_1/include/ruby-2.7.0/ruby/backward.h:17:1: warning: unknown attribute '__error__' ignored [-Wunknown-attributes]
DECLARE_DEPRECATED_FEATURE(2.2, rb_enable_super);
^~~~~~~~~~~~~~~~~~~~~~~~~~~~~~~~~~~~~~~~~~~~~~~~
/opt/homebrew/Cellar/ruby@2.7/2.7.8_1/include/ruby-2.7.0/ruby/backward.h:13:14: note: expanded from macro 'DECLARE_DEPRECATED_FEATURE'
    NORETURN(ERRORFUNC(("deprecated since "#ver), DEPRECATED(void func(void))))
    ~~~~~~~~~^~~~~~~~~~~~~~~~~~~~~~~~~~~~~~~~~~~~~~~~~~~~~~~~~~~~~~~~~~~~~~~~~~
/opt/homebrew/Cellar/ruby@2.7/2.7.8_1/include/ruby-2.7.0/arm64-darwin22/ruby/config.h:160:43: note: expanded from macro 'ERRORFUNC'
#define ERRORFUNC(mesg,x) __attribute__ ((__error__ mesg)) x
                                          ^
/opt/homebrew/Cellar/ruby@2.7/2.7.8_1/include/ruby-2.7.0/arm64-darwin22/ruby/config.h:149:52: note: expanded from macro 'NORETURN'
#define NORETURN(x) __attribute__ ((__noreturn__)) x
                                                   ^
In file included from conftest.c:1:
In file included from /opt/homebrew/Cellar/ruby@2.7/2.7.8_1/include/ruby-2.7.0/ruby.h:33:
In file included from /opt/homebrew/Cellar/ruby@2.7/2.7.8_1/include/ruby-2.7.0/ruby/ruby.h:2762:
/opt/homebrew/Cellar/ruby@2.7/2.7.8_1/include/ruby-2.7.0/ruby/backward.h:20:1: warning: unknown attribute '__error__' ignored [-Wunknown-attributes]
DECLARE_DEPRECATED_FEATURE(2.2, rb_hash_iter_lev);
^~~~~~~~~~~~~~~~~~~~~~~~~~~~~~~~~~~~~~~~~~~~~~~~~
/opt/homebrew/Cellar/ruby@2.7/2.7.8_1/include/ruby-2.7.0/ruby/backward.h:13:14: note: expanded from macro 'DECLARE_DEPRECATED_FEATURE'
    NORETURN(ERRORFUNC(("deprecated since "#ver), DEPRECATED(void func(void))))
    ~~~~~~~~~^~~~~~~~~~~~~~~~~~~~~~~~~~~~~~~~~~~~~~~~~~~~~~~~~~~~~~~~~~~~~~~~~~
/opt/homebrew/Cellar/ruby@2.7/2.7.8_1/include/ruby-2.7.0/arm64-darwin22/ruby/config.h:160:43: note: expanded from macro 'ERRORFUNC'
#define ERRORFUNC(mesg,x) __attribute__ ((__error__ mesg)) x
                                          ^
/opt/homebrew/Cellar/ruby@2.7/2.7.8_1/include/ruby-2.7.0/arm64-darwin22/ruby/config.h:149:52: note: expanded from macro 'NORETURN'
#define NORETURN(x) __attribute__ ((__noreturn__)) x
                                                   ^
In file included from conftest.c:1:
In file included from /opt/homebrew/Cellar/ruby@2.7/2.7.8_1/include/ruby-2.7.0/ruby.h:33:
In file included from /opt/homebrew/Cellar/ruby@2.7/2.7.8_1/include/ruby-2.7.0/ruby/ruby.h:2762:
/opt/homebrew/Cellar/ruby@2.7/2.7.8_1/include/ruby-2.7.0/ruby/backward.h:21:1: warning: unknown attribute '__error__' ignored [-Wunknown-attributes]
DECLARE_DEPRECATED_FEATURE(2.2, rb_hash_ifnone);
^~~~~~~~~~~~~~~~~~~~~~~~~~~~~~~~~~~~~~~~~~~~~~~
/opt/homebrew/Cellar/ruby@2.7/2.7.8_1/include/ruby-2.7.0/ruby/backward.h:13:14: note: expanded from macro 'DECLARE_DEPRECATED_FEATURE'
    NORETURN(ERRORFUNC(("deprecated since "#ver), DEPRECATED(void func(void))))
    ~~~~~~~~~^~~~~~~~~~~~~~~~~~~~~~~~~~~~~~~~~~~~~~~~~~~~~~~~~~~~~~~~~~~~~~~~~~
/opt/homebrew/Cellar/ruby@2.7/2.7.8_1/include/ruby-2.7.0/arm64-darwin22/ruby/config.h:160:43: note: expanded from macro 'ERRORFUNC'
#define ERRORFUNC(mesg,x) __attribute__ ((__error__ mesg)) x
                                          ^
/opt/homebrew/Cellar/ruby@2.7/2.7.8_1/include/ruby-2.7.0/arm64-darwin22/ruby/config.h:149:52: note: expanded from macro 'NORETURN'
#define NORETURN(x) __attribute__ ((__noreturn__)) x
                                                   ^
In file included from conftest.c:1:
In file included from /opt/homebrew/Cellar/ruby@2.7/2.7.8_1/include/ruby-2.7.0/ruby.h:33:
In file included from /opt/homebrew/Cellar/ruby@2.7/2.7.8_1/include/ruby-2.7.0/ruby/ruby.h:2762:
/opt/homebrew/Cellar/ruby@2.7/2.7.8_1/include/ruby-2.7.0/ruby/backward.h:24:1: warning: unknown attribute '__error__' ignored [-Wunknown-attributes]
DECLARE_DEPRECATED_FEATURE(2.2, rb_str_associate);
^~~~~~~~~~~~~~~~~~~~~~~~~~~~~~~~~~~~~~~~~~~~~~~~~
/opt/homebrew/Cellar/ruby@2.7/2.7.8_1/include/ruby-2.7.0/ruby/backward.h:13:14: note: expanded from macro 'DECLARE_DEPRECATED_FEATURE'
    NORETURN(ERRORFUNC(("deprecated since "#ver), DEPRECATED(void func(void))))
    ~~~~~~~~~^~~~~~~~~~~~~~~~~~~~~~~~~~~~~~~~~~~~~~~~~~~~~~~~~~~~~~~~~~~~~~~~~~
/opt/homebrew/Cellar/ruby@2.7/2.7.8_1/include/ruby-2.7.0/arm64-darwin22/ruby/config.h:160:43: note: expanded from macro 'ERRORFUNC'
#define ERRORFUNC(mesg,x) __attribute__ ((__error__ mesg)) x
                                          ^
/opt/homebrew/Cellar/ruby@2.7/2.7.8_1/include/ruby-2.7.0/arm64-darwin22/ruby/config.h:149:52: note: expanded from macro 'NORETURN'
#define NORETURN(x) __attribute__ ((__noreturn__)) x
                                                   ^
In file included from conftest.c:1:
In file included from /opt/homebrew/Cellar/ruby@2.7/2.7.8_1/include/ruby-2.7.0/ruby.h:33:
In file included from /opt/homebrew/Cellar/ruby@2.7/2.7.8_1/include/ruby-2.7.0/ruby/ruby.h:2762:
/opt/homebrew/Cellar/ruby@2.7/2.7.8_1/include/ruby-2.7.0/ruby/backward.h:25:1: warning: unknown attribute '__error__' ignored [-Wunknown-attributes]
DECLARE_DEPRECATED_FEATURE(2.2, rb_str_associated);
^~~~~~~~~~~~~~~~~~~~~~~~~~~~~~~~~~~~~~~~~~~~~~~~~~
/opt/homebrew/Cellar/ruby@2.7/2.7.8_1/include/ruby-2.7.0/ruby/backward.h:13:14: note: expanded from macro 'DECLARE_DEPRECATED_FEATURE'
    NORETURN(ERRORFUNC(("deprecated since "#ver), DEPRECATED(void func(void))))
    ~~~~~~~~~^~~~~~~~~~~~~~~~~~~~~~~~~~~~~~~~~~~~~~~~~~~~~~~~~~~~~~~~~~~~~~~~~~
/opt/homebrew/Cellar/ruby@2.7/2.7.8_1/include/ruby-2.7.0/arm64-darwin22/ruby/config.h:160:43: note: expanded from macro 'ERRORFUNC'
#define ERRORFUNC(mesg,x) __attribute__ ((__error__ mesg)) x
                                          ^
/opt/homebrew/Cellar/ruby@2.7/2.7.8_1/include/ruby-2.7.0/arm64-darwin22/ruby/config.h:149:52: note: expanded from macro 'NORETURN'
#define NORETURN(x) __attribute__ ((__noreturn__)) x
                                                   ^
In file included from conftest.c:1:
In file included from /opt/homebrew/Cellar/ruby@2.7/2.7.8_1/include/ruby-2.7.0/ruby.h:33:
In file included from /opt/homebrew/Cellar/ruby@2.7/2.7.8_1/include/ruby-2.7.0/ruby/ruby.h:2762:
/opt/homebrew/Cellar/ruby@2.7/2.7.8_1/include/ruby-2.7.0/ruby/backward.h:31:1: warning: unknown attribute '__error__' ignored [-Wunknown-attributes]
DECLARE_DEPRECATED_FEATURE(2.2, rb_clear_cache);
^~~~~~~~~~~~~~~~~~~~~~~~~~~~~~~~~~~~~~~~~~~~~~~
/opt/homebrew/Cellar/ruby@2.7/2.7.8_1/include/ruby-2.7.0/ruby/backward.h:13:14: note: expanded from macro 'DECLARE_DEPRECATED_FEATURE'
    NORETURN(ERRORFUNC(("deprecated since "#ver), DEPRECATED(void func(void))))
    ~~~~~~~~~^~~~~~~~~~~~~~~~~~~~~~~~~~~~~~~~~~~~~~~~~~~~~~~~~~~~~~~~~~~~~~~~~~
/opt/homebrew/Cellar/ruby@2.7/2.7.8_1/include/ruby-2.7.0/arm64-darwin22/ruby/config.h:160:43: note: expanded from macro 'ERRORFUNC'
#define ERRORFUNC(mesg,x) __attribute__ ((__error__ mesg)) x
                                          ^
/opt/homebrew/Cellar/ruby@2.7/2.7.8_1/include/ruby-2.7.0/arm64-darwin22/ruby/config.h:149:52: note: expanded from macro 'NORETURN'
#define NORETURN(x) __attribute__ ((__noreturn__)) x
                                                   ^
In file included from conftest.c:1:
In file included from /opt/homebrew/Cellar/ruby@2.7/2.7.8_1/include/ruby-2.7.0/ruby.h:33:
In file included from /opt/homebrew/Cellar/ruby@2.7/2.7.8_1/include/ruby-2.7.0/ruby/ruby.h:2762:
/opt/homebrew/Cellar/ruby@2.7/2.7.8_1/include/ruby-2.7.0/ruby/backward.h:32:1: warning: unknown attribute '__error__' ignored [-Wunknown-attributes]
DECLARE_DEPRECATED_FEATURE(2.2, rb_frame_pop);
^~~~~~~~~~~~~~~~~~~~~~~~~~~~~~~~~~~~~~~~~~~~~
/opt/homebrew/Cellar/ruby@2.7/2.7.8_1/include/ruby-2.7.0/ruby/backward.h:13:14: note: expanded from macro 'DECLARE_DEPRECATED_FEATURE'
    NORETURN(ERRORFUNC(("deprecated since "#ver), DEPRECATED(void func(void))))
    ~~~~~~~~~^~~~~~~~~~~~~~~~~~~~~~~~~~~~~~~~~~~~~~~~~~~~~~~~~~~~~~~~~~~~~~~~~~
/opt/homebrew/Cellar/ruby@2.7/2.7.8_1/include/ruby-2.7.0/arm64-darwin22/ruby/config.h:160:43: note: expanded from macro 'ERRORFUNC'
#define ERRORFUNC(mesg,x) __attribute__ ((__error__ mesg)) x
                                          ^
/opt/homebrew/Cellar/ruby@2.7/2.7.8_1/include/ruby-2.7.0/arm64-darwin22/ruby/config.h:149:52: note: expanded from macro 'NORETURN'
#define NORETURN(x) __attribute__ ((__noreturn__)) x
                                                   ^
In file included from conftest.c:1:
In file included from /opt/homebrew/Cellar/ruby@2.7/2.7.8_1/include/ruby-2.7.0/ruby.h:33:
In file included from /opt/homebrew/Cellar/ruby@2.7/2.7.8_1/include/ruby-2.7.0/ruby/ruby.h:2762:
/opt/homebrew/Cellar/ruby@2.7/2.7.8_1/include/ruby-2.7.0/ruby/backward.h:38:10: warning: unknown attribute '__error__' ignored [-Wunknown-attributes]
NORETURN(ERRORFUNC(("internal function"), void rb_frozen_class_p(VALUE)));
~~~~~~~~~^~~~~~~~~~~~~~~~~~~~~~~~~~~~~~~~~~~~~~~~~~~~~~~~~~~~~~~~~~~~~~~~
/opt/homebrew/Cellar/ruby@2.7/2.7.8_1/include/ruby-2.7.0/arm64-darwin22/ruby/config.h:160:43: note: expanded from macro 'ERRORFUNC'
#define ERRORFUNC(mesg,x) __attribute__ ((__error__ mesg)) x
                                          ^
/opt/homebrew/Cellar/ruby@2.7/2.7.8_1/include/ruby-2.7.0/arm64-darwin22/ruby/config.h:149:52: note: expanded from macro 'NORETURN'
#define NORETURN(x) __attribute__ ((__noreturn__)) x
                                                   ^
In file included from conftest.c:1:
In file included from /opt/homebrew/Cellar/ruby@2.7/2.7.8_1/include/ruby-2.7.0/ruby.h:33:
In file included from /opt/homebrew/Cellar/ruby@2.7/2.7.8_1/include/ruby-2.7.0/ruby/ruby.h:2762:
/opt/homebrew/Cellar/ruby@2.7/2.7.8_1/include/ruby-2.7.0/ruby/backward.h:39:1: warning: unknown attribute '__error__' ignored [-Wunknown-attributes]
DECLARE_DEPRECATED_INTERNAL_FEATURE(rb_exec_end_proc);
^~~~~~~~~~~~~~~~~~~~~~~~~~~~~~~~~~~~~~~~~~~~~~~~~~~~~
/opt/homebrew/Cellar/ruby@2.7/2.7.8_1/include/ruby-2.7.0/ruby/backward.h:35:14: note: expanded from macro 'DECLARE_DEPRECATED_INTERNAL_FEATURE'
    NORETURN(ERRORFUNC(("deprecated internal function"), DEPRECATED(void func(void))))
    ~~~~~~~~~^~~~~~~~~~~~~~~~~~~~~~~~~~~~~~~~~~~~~~~~~~~~~~~~~~~~~~~~~~~~~~~~~~~~~~~~~
/opt/homebrew/Cellar/ruby@2.7/2.7.8_1/include/ruby-2.7.0/arm64-darwin22/ruby/config.h:160:43: note: expanded from macro 'ERRORFUNC'
#define ERRORFUNC(mesg,x) __attribute__ ((__error__ mesg)) x
                                          ^
/opt/homebrew/Cellar/ruby@2.7/2.7.8_1/include/ruby-2.7.0/arm64-darwin22/ruby/config.h:149:52: note: expanded from macro 'NORETURN'
#define NORETURN(x) __attribute__ ((__noreturn__)) x
                                                   ^
In file included from conftest.c:1:
In file included from /opt/homebrew/Cellar/ruby@2.7/2.7.8_1/include/ruby-2.7.0/ruby.h:33:
In file included from /opt/homebrew/Cellar/ruby@2.7/2.7.8_1/include/ruby-2.7.0/ruby/ruby.h:2762:
/opt/homebrew/Cellar/ruby@2.7/2.7.8_1/include/ruby-2.7.0/ruby/backward.h:42:1: warning: unknown attribute '__error__' ignored [-Wunknown-attributes]
DECLARE_DEPRECATED_INTERNAL_FEATURE(rb_compile_error);
^~~~~~~~~~~~~~~~~~~~~~~~~~~~~~~~~~~~~~~~~~~~~~~~~~~~~
/opt/homebrew/Cellar/ruby@2.7/2.7.8_1/include/ruby-2.7.0/ruby/backward.h:35:14: note: expanded from macro 'DECLARE_DEPRECATED_INTERNAL_FEATURE'
    NORETURN(ERRORFUNC(("deprecated internal function"), DEPRECATED(void func(void))))
    ~~~~~~~~~^~~~~~~~~~~~~~~~~~~~~~~~~~~~~~~~~~~~~~~~~~~~~~~~~~~~~~~~~~~~~~~~~~~~~~~~~
/opt/homebrew/Cellar/ruby@2.7/2.7.8_1/include/ruby-2.7.0/arm64-darwin22/ruby/config.h:160:43: note: expanded from macro 'ERRORFUNC'
#define ERRORFUNC(mesg,x) __attribute__ ((__error__ mesg)) x
                                          ^
/opt/homebrew/Cellar/ruby@2.7/2.7.8_1/include/ruby-2.7.0/arm64-darwin22/ruby/config.h:149:52: note: expanded from macro 'NORETURN'
#define NORETURN(x) __attribute__ ((__noreturn__)) x
                                                   ^
In file included from conftest.c:1:
In file included from /opt/homebrew/Cellar/ruby@2.7/2.7.8_1/include/ruby-2.7.0/ruby.h:33:
In file included from /opt/homebrew/Cellar/ruby@2.7/2.7.8_1/include/ruby-2.7.0/ruby/ruby.h:2762:
/opt/homebrew/Cellar/ruby@2.7/2.7.8_1/include/ruby-2.7.0/ruby/backward.h:43:1: warning: unknown attribute '__error__' ignored [-Wunknown-attributes]
DECLARE_DEPRECATED_INTERNAL_FEATURE(rb_compile_error_with_enc);
^~~~~~~~~~~~~~~~~~~~~~~~~~~~~~~~~~~~~~~~~~~~~~~~~~~~~~~~~~~~~~
/opt/homebrew/Cellar/ruby@2.7/2.7.8_1/include/ruby-2.7.0/ruby/backward.h:35:14: note: expanded from macro 'DECLARE_DEPRECATED_INTERNAL_FEATURE'
    NORETURN(ERRORFUNC(("deprecated internal function"), DEPRECATED(void func(void))))
    ~~~~~~~~~^~~~~~~~~~~~~~~~~~~~~~~~~~~~~~~~~~~~~~~~~~~~~~~~~~~~~~~~~~~~~~~~~~~~~~~~~
/opt/homebrew/Cellar/ruby@2.7/2.7.8_1/include/ruby-2.7.0/arm64-darwin22/ruby/config.h:160:43: note: expanded from macro 'ERRORFUNC'
#define ERRORFUNC(mesg,x) __attribute__ ((__error__ mesg)) x
                                          ^
/opt/homebrew/Cellar/ruby@2.7/2.7.8_1/include/ruby-2.7.0/arm64-darwin22/ruby/config.h:149:52: note: expanded from macro 'NORETURN'
#define NORETURN(x) __attribute__ ((__noreturn__)) x
                                                   ^
In file included from conftest.c:1:
In file included from /opt/homebrew/Cellar/ruby@2.7/2.7.8_1/include/ruby-2.7.0/ruby.h:33:
In file included from /opt/homebrew/Cellar/ruby@2.7/2.7.8_1/include/ruby-2.7.0/ruby/ruby.h:2762:
/opt/homebrew/Cellar/ruby@2.7/2.7.8_1/include/ruby-2.7.0/ruby/backward.h:44:1: warning: unknown attribute '__error__' ignored [-Wunknown-attributes]
DECLARE_DEPRECATED_INTERNAL_FEATURE(rb_compile_error_append);
^~~~~~~~~~~~~~~~~~~~~~~~~~~~~~~~~~~~~~~~~~~~~~~~~~~~~~~~~~~~
/opt/homebrew/Cellar/ruby@2.7/2.7.8_1/include/ruby-2.7.0/ruby/backward.h:35:14: note: expanded from macro 'DECLARE_DEPRECATED_INTERNAL_FEATURE'
    NORETURN(ERRORFUNC(("deprecated internal function"), DEPRECATED(void func(void))))
    ~~~~~~~~~^~~~~~~~~~~~~~~~~~~~~~~~~~~~~~~~~~~~~~~~~~~~~~~~~~~~~~~~~~~~~~~~~~~~~~~~~
/opt/homebrew/Cellar/ruby@2.7/2.7.8_1/include/ruby-2.7.0/arm64-darwin22/ruby/config.h:160:43: note: expanded from macro 'ERRORFUNC'
#define ERRORFUNC(mesg,x) __attribute__ ((__error__ mesg)) x
                                          ^
/opt/homebrew/Cellar/ruby@2.7/2.7.8_1/include/ruby-2.7.0/arm64-darwin22/ruby/config.h:149:52: note: expanded from macro 'NORETURN'
#define NORETURN(x) __attribute__ ((__noreturn__)) x
                                                   ^
In file included from conftest.c:1:
In file included from /opt/homebrew/Cellar/ruby@2.7/2.7.8_1/include/ruby-2.7.0/ruby.h:33:
In file included from /opt/homebrew/Cellar/ruby@2.7/2.7.8_1/include/ruby-2.7.0/ruby/ruby.h:2762:
/opt/homebrew/Cellar/ruby@2.7/2.7.8_1/include/ruby-2.7.0/ruby/backward.h:47:1: warning: unknown attribute '__error__' ignored [-Wunknown-attributes]
DECLARE_DEPRECATED_INTERNAL_FEATURE(rb_gc_call_finalizer_at_exit);
^~~~~~~~~~~~~~~~~~~~~~~~~~~~~~~~~~~~~~~~~~~~~~~~~~~~~~~~~~~~~~~~~
/opt/homebrew/Cellar/ruby@2.7/2.7.8_1/include/ruby-2.7.0/ruby/backward.h:35:14: note: expanded from macro 'DECLARE_DEPRECATED_INTERNAL_FEATURE'
    NORETURN(ERRORFUNC(("deprecated internal function"), DEPRECATED(void func(void))))
    ~~~~~~~~~^~~~~~~~~~~~~~~~~~~~~~~~~~~~~~~~~~~~~~~~~~~~~~~~~~~~~~~~~~~~~~~~~~~~~~~~~
/opt/homebrew/Cellar/ruby@2.7/2.7.8_1/include/ruby-2.7.0/arm64-darwin22/ruby/config.h:160:43: note: expanded from macro 'ERRORFUNC'
#define ERRORFUNC(mesg,x) __attribute__ ((__error__ mesg)) x
                                          ^
/opt/homebrew/Cellar/ruby@2.7/2.7.8_1/include/ruby-2.7.0/arm64-darwin22/ruby/config.h:149:52: note: expanded from macro 'NORETURN'
#define NORETURN(x) __attribute__ ((__noreturn__)) x
                                                   ^
In file included from conftest.c:1:
In file included from /opt/homebrew/Cellar/ruby@2.7/2.7.8_1/include/ruby-2.7.0/ruby.h:33:
In file included from /opt/homebrew/Cellar/ruby@2.7/2.7.8_1/include/ruby-2.7.0/ruby/ruby.h:2762:
/opt/homebrew/Cellar/ruby@2.7/2.7.8_1/include/ruby-2.7.0/ruby/backward.h:50:1: warning: unknown attribute '__error__' ignored [-Wunknown-attributes]
DECLARE_DEPRECATED_INTERNAL_FEATURE(rb_trap_exit);
^~~~~~~~~~~~~~~~~~~~~~~~~~~~~~~~~~~~~~~~~~~~~~~~~
/opt/homebrew/Cellar/ruby@2.7/2.7.8_1/include/ruby-2.7.0/ruby/backward.h:35:14: note: expanded from macro 'DECLARE_DEPRECATED_INTERNAL_FEATURE'
    NORETURN(ERRORFUNC(("deprecated internal function"), DEPRECATED(void func(void))))
    ~~~~~~~~~^~~~~~~~~~~~~~~~~~~~~~~~~~~~~~~~~~~~~~~~~~~~~~~~~~~~~~~~~~~~~~~~~~~~~~~~~
/opt/homebrew/Cellar/ruby@2.7/2.7.8_1/include/ruby-2.7.0/arm64-darwin22/ruby/config.h:160:43: note: expanded from macro 'ERRORFUNC'
#define ERRORFUNC(mesg,x) __attribute__ ((__error__ mesg)) x
                                          ^
/opt/homebrew/Cellar/ruby@2.7/2.7.8_1/include/ruby-2.7.0/arm64-darwin22/ruby/config.h:149:52: note: expanded from macro 'NORETURN'
#define NORETURN(x) __attribute__ ((__noreturn__)) x
                                                   ^
In file included from conftest.c:1:
In file included from /opt/homebrew/Cellar/ruby@2.7/2.7.8_1/include/ruby-2.7.0/ruby.h:33:
In file included from /opt/homebrew/Cellar/ruby@2.7/2.7.8_1/include/ruby-2.7.0/ruby/ruby.h:2762:
/opt/homebrew/Cellar/ruby@2.7/2.7.8_1/include/ruby-2.7.0/ruby/backward.h:53:1: warning: unknown attribute '__error__' ignored [-Wunknown-attributes]
DECLARE_DEPRECATED_INTERNAL_FEATURE(rb_struct_ptr);
^~~~~~~~~~~~~~~~~~~~~~~~~~~~~~~~~~~~~~~~~~~~~~~~~~
/opt/homebrew/Cellar/ruby@2.7/2.7.8_1/include/ruby-2.7.0/ruby/backward.h:35:14: note: expanded from macro 'DECLARE_DEPRECATED_INTERNAL_FEATURE'
    NORETURN(ERRORFUNC(("deprecated internal function"), DEPRECATED(void func(void))))
    ~~~~~~~~~^~~~~~~~~~~~~~~~~~~~~~~~~~~~~~~~~~~~~~~~~~~~~~~~~~~~~~~~~~~~~~~~~~~~~~~~~
/opt/homebrew/Cellar/ruby@2.7/2.7.8_1/include/ruby-2.7.0/arm64-darwin22/ruby/config.h:160:43: note: expanded from macro 'ERRORFUNC'
#define ERRORFUNC(mesg,x) __attribute__ ((__error__ mesg)) x
                                          ^
/opt/homebrew/Cellar/ruby@2.7/2.7.8_1/include/ruby-2.7.0/arm64-darwin22/ruby/config.h:149:52: note: expanded from macro 'NORETURN'
#define NORETURN(x) __attribute__ ((__noreturn__)) x
                                                   ^
In file included from conftest.c:1:
In file included from /opt/homebrew/Cellar/ruby@2.7/2.7.8_1/include/ruby-2.7.0/ruby.h:33:
In file included from /opt/homebrew/Cellar/ruby@2.7/2.7.8_1/include/ruby-2.7.0/ruby/ruby.h:2762:
/opt/homebrew/Cellar/ruby@2.7/2.7.8_1/include/ruby-2.7.0/ruby/backward.h:56:1: warning: unknown attribute '__error__' ignored [-Wunknown-attributes]
DECLARE_DEPRECATED_INTERNAL_FEATURE(rb_clear_trace_func);
^~~~~~~~~~~~~~~~~~~~~~~~~~~~~~~~~~~~~~~~~~~~~~~~~~~~~~~~
/opt/homebrew/Cellar/ruby@2.7/2.7.8_1/include/ruby-2.7.0/ruby/backward.h:35:14: note: expanded from macro 'DECLARE_DEPRECATED_INTERNAL_FEATURE'
    NORETURN(ERRORFUNC(("deprecated internal function"), DEPRECATED(void func(void))))
    ~~~~~~~~~^~~~~~~~~~~~~~~~~~~~~~~~~~~~~~~~~~~~~~~~~~~~~~~~~~~~~~~~~~~~~~~~~~~~~~~~~
/opt/homebrew/Cellar/ruby@2.7/2.7.8_1/include/ruby-2.7.0/arm64-darwin22/ruby/config.h:160:43: note: expanded from macro 'ERRORFUNC'
#define ERRORFUNC(mesg,x) __attribute__ ((__error__ mesg)) x
                                          ^
/opt/homebrew/Cellar/ruby@2.7/2.7.8_1/include/ruby-2.7.0/arm64-darwin22/ruby/config.h:149:52: note: expanded from macro 'NORETURN'
#define NORETURN(x) __attribute__ ((__noreturn__)) x
                                                   ^
In file included from conftest.c:1:
In file included from /opt/homebrew/Cellar/ruby@2.7/2.7.8_1/include/ruby-2.7.0/ruby.h:33:
In file included from /opt/homebrew/Cellar/ruby@2.7/2.7.8_1/include/ruby-2.7.0/ruby/ruby.h:2762:
/opt/homebrew/Cellar/ruby@2.7/2.7.8_1/include/ruby-2.7.0/ruby/backward.h:59:1: warning: unknown attribute '__error__' ignored [-Wunknown-attributes]
DECLARE_DEPRECATED_INTERNAL_FEATURE(rb_generic_ivar_table);
^~~~~~~~~~~~~~~~~~~~~~~~~~~~~~~~~~~~~~~~~~~~~~~~~~~~~~~~~~
/opt/homebrew/Cellar/ruby@2.7/2.7.8_1/include/ruby-2.7.0/ruby/backward.h:35:14: note: expanded from macro 'DECLARE_DEPRECATED_INTERNAL_FEATURE'
    NORETURN(ERRORFUNC(("deprecated internal function"), DEPRECATED(void func(void))))
    ~~~~~~~~~^~~~~~~~~~~~~~~~~~~~~~~~~~~~~~~~~~~~~~~~~~~~~~~~~~~~~~~~~~~~~~~~~~~~~~~~~
/opt/homebrew/Cellar/ruby@2.7/2.7.8_1/include/ruby-2.7.0/arm64-darwin22/ruby/config.h:160:43: note: expanded from macro 'ERRORFUNC'
#define ERRORFUNC(mesg,x) __attribute__ ((__error__ mesg)) x
                                          ^
/opt/homebrew/Cellar/ruby@2.7/2.7.8_1/include/ruby-2.7.0/arm64-darwin22/ruby/config.h:149:52: note: expanded from macro 'NORETURN'
#define NORETURN(x) __attribute__ ((__noreturn__)) x
                                                   ^
In file included from conftest.c:1:
In file included from /opt/homebrew/Cellar/ruby@2.7/2.7.8_1/include/ruby-2.7.0/ruby.h:33:
In file included from /opt/homebrew/Cellar/ruby@2.7/2.7.8_1/include/ruby-2.7.0/ruby/ruby.h:2762:
/opt/homebrew/Cellar/ruby@2.7/2.7.8_1/include/ruby-2.7.0/ruby/backward.h:60:10: warning: unknown attribute '__error__' ignored [-Wunknown-attributes]
NORETURN(ERRORFUNC(("internal function"), VALUE rb_mod_const_missing(VALUE, VALUE)));
~~~~~~~~~^~~~~~~~~~~~~~~~~~~~~~~~~~~~~~~~~~~~~~~~~~~~~~~~~~~~~~~~~~~~~~~~~~~~~~~~~~~
/opt/homebrew/Cellar/ruby@2.7/2.7.8_1/include/ruby-2.7.0/arm64-darwin22/ruby/config.h:160:43: note: expanded from macro 'ERRORFUNC'
#define ERRORFUNC(mesg,x) __attribute__ ((__error__ mesg)) x
                                          ^
/opt/homebrew/Cellar/ruby@2.7/2.7.8_1/include/ruby-2.7.0/arm64-darwin22/ruby/config.h:149:52: note: expanded from macro 'NORETURN'
#define NORETURN(x) __attribute__ ((__noreturn__)) x
                                                   ^
22 warnings generated.
checked program was:
/* begin */
 1: #include "ruby.h"
 2: 
 3: #include <ffi.h>
 4: 
 5: /*top*/
 6: extern int t(void);
 7: int main(int argc, char **argv)
 8: {
 9:   if (argc > 1000000) {
10:     int (* volatile tp)(void)=(int (*)(void))&t;
11:     printf("%d", (*tp)());
12:   }
13: 
14:   return !!argv[argc];
15: }
16: int t(void) { void ((*volatile p)()); p = (void ((*)()))ffi_prep_closure_loc; return !p; }
/* end */

--------------------

have_func: checking for ffi_prep_cif_var()... -------------------- yes

"clang -o conftest -I/opt/homebrew/Cellar/ruby@2.7/2.7.8_1/include/ruby-2.7.0/arm64-darwin22 -I/opt/homebrew/Cellar/ruby@2.7/2.7.8_1/include/ruby-2.7.0/ruby/backward -I/opt/homebrew/Cellar/ruby@2.7/2.7.8_1/include/ruby-2.7.0 -I. -I/Library/Developer/CommandLineTools/SDKs/MacOSX.sdk/usr/include/ffi  -I/opt/homebrew/opt/libyaml/include -I/opt/homebrew/opt/openssl@3/include -I/opt/homebrew/opt/readline/include -D_XOPEN_SOURCE -D_DARWIN_C_SOURCE -D_DARWIN_UNLIMITED_SELECT -D_REENTRANT   -g -O2 -fno-common -pipe conftest.c  -L. -L/opt/homebrew/Cellar/ruby@2.7/2.7.8_1/lib -L/opt/homebrew/opt/libyaml/lib -L/opt/homebrew/opt/openssl@3/lib -L/opt/homebrew/opt/readline/lib -L. -fstack-protector-strong -L/opt/homebrew/lib -L/opt/homebrew/opt/libyaml/lib -L/opt/homebrew/opt/openssl@3/lib -L/opt/homebrew/opt/readline/lib  -m64  -lffi  -lruby.2.7 -lffi   "
In file included from conftest.c:1:
In file included from /opt/homebrew/Cellar/ruby@2.7/2.7.8_1/include/ruby-2.7.0/ruby.h:33:
/opt/homebrew/Cellar/ruby@2.7/2.7.8_1/include/ruby-2.7.0/ruby/ruby.h:1865:1: warning: unknown attribute '__error__' ignored [-Wunknown-attributes]
ERRORFUNC((" argument length doesn't match"), int rb_varargs_bad_length(int,int));
^~~~~~~~~~~~~~~~~~~~~~~~~~~~~~~~~~~~~~~~~~~~~~~~~~~~~~~~~~~~~~~~~~~~~~~~~~~~~~~~~
/opt/homebrew/Cellar/ruby@2.7/2.7.8_1/include/ruby-2.7.0/arm64-darwin22/ruby/config.h:160:43: note: expanded from macro 'ERRORFUNC'
#define ERRORFUNC(mesg,x) __attribute__ ((__error__ mesg)) x
                                          ^~~~~~~~~~~~~~
In file included from conftest.c:1:
In file included from /opt/homebrew/Cellar/ruby@2.7/2.7.8_1/include/ruby-2.7.0/ruby.h:33:
/opt/homebrew/Cellar/ruby@2.7/2.7.8_1/include/ruby-2.7.0/ruby/ruby.h:2347:1: warning: unknown attribute '__error__' ignored [-Wunknown-attributes]
ERRORFUNC(("bad scan arg format"), void rb_scan_args_bad_format(const char*));
^~~~~~~~~~~~~~~~~~~~~~~~~~~~~~~~~~~~~~~~~~~~~~~~~~~~~~~~~~~~~~~~~~~~~~~~~~~~~
/opt/homebrew/Cellar/ruby@2.7/2.7.8_1/include/ruby-2.7.0/arm64-darwin22/ruby/config.h:160:43: note: expanded from macro 'ERRORFUNC'
#define ERRORFUNC(mesg,x) __attribute__ ((__error__ mesg)) x
                                          ^~~~~~~~~~~~~~
In file included from conftest.c:1:
In file included from /opt/homebrew/Cellar/ruby@2.7/2.7.8_1/include/ruby-2.7.0/ruby.h:33:
/opt/homebrew/Cellar/ruby@2.7/2.7.8_1/include/ruby-2.7.0/ruby/ruby.h:2348:1: warning: unknown attribute '__error__' ignored [-Wunknown-attributes]
ERRORFUNC(("variable argument length doesn't match"), void rb_scan_args_length_mismatch(const char*,int));
^~~~~~~~~~~~~~~~~~~~~~~~~~~~~~~~~~~~~~~~~~~~~~~~~~~~~~~~~~~~~~~~~~~~~~~~~~~~~~~~~~~~~~~~~~~~~~~~~~~~~~~~~
/opt/homebrew/Cellar/ruby@2.7/2.7.8_1/include/ruby-2.7.0/arm64-darwin22/ruby/config.h:160:43: note: expanded from macro 'ERRORFUNC'
#define ERRORFUNC(mesg,x) __attribute__ ((__error__ mesg)) x
                                          ^~~~~~~~~~~~~~
In file included from conftest.c:1:
In file included from /opt/homebrew/Cellar/ruby@2.7/2.7.8_1/include/ruby-2.7.0/ruby.h:33:
In file included from /opt/homebrew/Cellar/ruby@2.7/2.7.8_1/include/ruby-2.7.0/ruby/ruby.h:2762:
/opt/homebrew/Cellar/ruby@2.7/2.7.8_1/include/ruby-2.7.0/ruby/backward.h:16:1: warning: unknown attribute '__error__' ignored [-Wunknown-attributes]
DECLARE_DEPRECATED_FEATURE(2.2, rb_disable_super);
^~~~~~~~~~~~~~~~~~~~~~~~~~~~~~~~~~~~~~~~~~~~~~~~~
/opt/homebrew/Cellar/ruby@2.7/2.7.8_1/include/ruby-2.7.0/ruby/backward.h:13:14: note: expanded from macro 'DECLARE_DEPRECATED_FEATURE'
    NORETURN(ERRORFUNC(("deprecated since "#ver), DEPRECATED(void func(void))))
    ~~~~~~~~~^~~~~~~~~~~~~~~~~~~~~~~~~~~~~~~~~~~~~~~~~~~~~~~~~~~~~~~~~~~~~~~~~~
/opt/homebrew/Cellar/ruby@2.7/2.7.8_1/include/ruby-2.7.0/arm64-darwin22/ruby/config.h:160:43: note: expanded from macro 'ERRORFUNC'
#define ERRORFUNC(mesg,x) __attribute__ ((__error__ mesg)) x
                                          ^
/opt/homebrew/Cellar/ruby@2.7/2.7.8_1/include/ruby-2.7.0/arm64-darwin22/ruby/config.h:149:52: note: expanded from macro 'NORETURN'
#define NORETURN(x) __attribute__ ((__noreturn__)) x
                                                   ^
In file included from conftest.c:1:
In file included from /opt/homebrew/Cellar/ruby@2.7/2.7.8_1/include/ruby-2.7.0/ruby.h:33:
In file included from /opt/homebrew/Cellar/ruby@2.7/2.7.8_1/include/ruby-2.7.0/ruby/ruby.h:2762:
/opt/homebrew/Cellar/ruby@2.7/2.7.8_1/include/ruby-2.7.0/ruby/backward.h:17:1: warning: unknown attribute '__error__' ignored [-Wunknown-attributes]
DECLARE_DEPRECATED_FEATURE(2.2, rb_enable_super);
^~~~~~~~~~~~~~~~~~~~~~~~~~~~~~~~~~~~~~~~~~~~~~~~
/opt/homebrew/Cellar/ruby@2.7/2.7.8_1/include/ruby-2.7.0/ruby/backward.h:13:14: note: expanded from macro 'DECLARE_DEPRECATED_FEATURE'
    NORETURN(ERRORFUNC(("deprecated since "#ver), DEPRECATED(void func(void))))
    ~~~~~~~~~^~~~~~~~~~~~~~~~~~~~~~~~~~~~~~~~~~~~~~~~~~~~~~~~~~~~~~~~~~~~~~~~~~
/opt/homebrew/Cellar/ruby@2.7/2.7.8_1/include/ruby-2.7.0/arm64-darwin22/ruby/config.h:160:43: note: expanded from macro 'ERRORFUNC'
#define ERRORFUNC(mesg,x) __attribute__ ((__error__ mesg)) x
                                          ^
/opt/homebrew/Cellar/ruby@2.7/2.7.8_1/include/ruby-2.7.0/arm64-darwin22/ruby/config.h:149:52: note: expanded from macro 'NORETURN'
#define NORETURN(x) __attribute__ ((__noreturn__)) x
                                                   ^
In file included from conftest.c:1:
In file included from /opt/homebrew/Cellar/ruby@2.7/2.7.8_1/include/ruby-2.7.0/ruby.h:33:
In file included from /opt/homebrew/Cellar/ruby@2.7/2.7.8_1/include/ruby-2.7.0/ruby/ruby.h:2762:
/opt/homebrew/Cellar/ruby@2.7/2.7.8_1/include/ruby-2.7.0/ruby/backward.h:20:1: warning: unknown attribute '__error__' ignored [-Wunknown-attributes]
DECLARE_DEPRECATED_FEATURE(2.2, rb_hash_iter_lev);
^~~~~~~~~~~~~~~~~~~~~~~~~~~~~~~~~~~~~~~~~~~~~~~~~
/opt/homebrew/Cellar/ruby@2.7/2.7.8_1/include/ruby-2.7.0/ruby/backward.h:13:14: note: expanded from macro 'DECLARE_DEPRECATED_FEATURE'
    NORETURN(ERRORFUNC(("deprecated since "#ver), DEPRECATED(void func(void))))
    ~~~~~~~~~^~~~~~~~~~~~~~~~~~~~~~~~~~~~~~~~~~~~~~~~~~~~~~~~~~~~~~~~~~~~~~~~~~
/opt/homebrew/Cellar/ruby@2.7/2.7.8_1/include/ruby-2.7.0/arm64-darwin22/ruby/config.h:160:43: note: expanded from macro 'ERRORFUNC'
#define ERRORFUNC(mesg,x) __attribute__ ((__error__ mesg)) x
                                          ^
/opt/homebrew/Cellar/ruby@2.7/2.7.8_1/include/ruby-2.7.0/arm64-darwin22/ruby/config.h:149:52: note: expanded from macro 'NORETURN'
#define NORETURN(x) __attribute__ ((__noreturn__)) x
                                                   ^
In file included from conftest.c:1:
In file included from /opt/homebrew/Cellar/ruby@2.7/2.7.8_1/include/ruby-2.7.0/ruby.h:33:
In file included from /opt/homebrew/Cellar/ruby@2.7/2.7.8_1/include/ruby-2.7.0/ruby/ruby.h:2762:
/opt/homebrew/Cellar/ruby@2.7/2.7.8_1/include/ruby-2.7.0/ruby/backward.h:21:1: warning: unknown attribute '__error__' ignored [-Wunknown-attributes]
DECLARE_DEPRECATED_FEATURE(2.2, rb_hash_ifnone);
^~~~~~~~~~~~~~~~~~~~~~~~~~~~~~~~~~~~~~~~~~~~~~~
/opt/homebrew/Cellar/ruby@2.7/2.7.8_1/include/ruby-2.7.0/ruby/backward.h:13:14: note: expanded from macro 'DECLARE_DEPRECATED_FEATURE'
    NORETURN(ERRORFUNC(("deprecated since "#ver), DEPRECATED(void func(void))))
    ~~~~~~~~~^~~~~~~~~~~~~~~~~~~~~~~~~~~~~~~~~~~~~~~~~~~~~~~~~~~~~~~~~~~~~~~~~~
/opt/homebrew/Cellar/ruby@2.7/2.7.8_1/include/ruby-2.7.0/arm64-darwin22/ruby/config.h:160:43: note: expanded from macro 'ERRORFUNC'
#define ERRORFUNC(mesg,x) __attribute__ ((__error__ mesg)) x
                                          ^
/opt/homebrew/Cellar/ruby@2.7/2.7.8_1/include/ruby-2.7.0/arm64-darwin22/ruby/config.h:149:52: note: expanded from macro 'NORETURN'
#define NORETURN(x) __attribute__ ((__noreturn__)) x
                                                   ^
In file included from conftest.c:1:
In file included from /opt/homebrew/Cellar/ruby@2.7/2.7.8_1/include/ruby-2.7.0/ruby.h:33:
In file included from /opt/homebrew/Cellar/ruby@2.7/2.7.8_1/include/ruby-2.7.0/ruby/ruby.h:2762:
/opt/homebrew/Cellar/ruby@2.7/2.7.8_1/include/ruby-2.7.0/ruby/backward.h:24:1: warning: unknown attribute '__error__' ignored [-Wunknown-attributes]
DECLARE_DEPRECATED_FEATURE(2.2, rb_str_associate);
^~~~~~~~~~~~~~~~~~~~~~~~~~~~~~~~~~~~~~~~~~~~~~~~~
/opt/homebrew/Cellar/ruby@2.7/2.7.8_1/include/ruby-2.7.0/ruby/backward.h:13:14: note: expanded from macro 'DECLARE_DEPRECATED_FEATURE'
    NORETURN(ERRORFUNC(("deprecated since "#ver), DEPRECATED(void func(void))))
    ~~~~~~~~~^~~~~~~~~~~~~~~~~~~~~~~~~~~~~~~~~~~~~~~~~~~~~~~~~~~~~~~~~~~~~~~~~~
/opt/homebrew/Cellar/ruby@2.7/2.7.8_1/include/ruby-2.7.0/arm64-darwin22/ruby/config.h:160:43: note: expanded from macro 'ERRORFUNC'
#define ERRORFUNC(mesg,x) __attribute__ ((__error__ mesg)) x
                                          ^
/opt/homebrew/Cellar/ruby@2.7/2.7.8_1/include/ruby-2.7.0/arm64-darwin22/ruby/config.h:149:52: note: expanded from macro 'NORETURN'
#define NORETURN(x) __attribute__ ((__noreturn__)) x
                                                   ^
In file included from conftest.c:1:
In file included from /opt/homebrew/Cellar/ruby@2.7/2.7.8_1/include/ruby-2.7.0/ruby.h:33:
In file included from /opt/homebrew/Cellar/ruby@2.7/2.7.8_1/include/ruby-2.7.0/ruby/ruby.h:2762:
/opt/homebrew/Cellar/ruby@2.7/2.7.8_1/include/ruby-2.7.0/ruby/backward.h:25:1: warning: unknown attribute '__error__' ignored [-Wunknown-attributes]
DECLARE_DEPRECATED_FEATURE(2.2, rb_str_associated);
^~~~~~~~~~~~~~~~~~~~~~~~~~~~~~~~~~~~~~~~~~~~~~~~~~
/opt/homebrew/Cellar/ruby@2.7/2.7.8_1/include/ruby-2.7.0/ruby/backward.h:13:14: note: expanded from macro 'DECLARE_DEPRECATED_FEATURE'
    NORETURN(ERRORFUNC(("deprecated since "#ver), DEPRECATED(void func(void))))
    ~~~~~~~~~^~~~~~~~~~~~~~~~~~~~~~~~~~~~~~~~~~~~~~~~~~~~~~~~~~~~~~~~~~~~~~~~~~
/opt/homebrew/Cellar/ruby@2.7/2.7.8_1/include/ruby-2.7.0/arm64-darwin22/ruby/config.h:160:43: note: expanded from macro 'ERRORFUNC'
#define ERRORFUNC(mesg,x) __attribute__ ((__error__ mesg)) x
                                          ^
/opt/homebrew/Cellar/ruby@2.7/2.7.8_1/include/ruby-2.7.0/arm64-darwin22/ruby/config.h:149:52: note: expanded from macro 'NORETURN'
#define NORETURN(x) __attribute__ ((__noreturn__)) x
                                                   ^
In file included from conftest.c:1:
In file included from /opt/homebrew/Cellar/ruby@2.7/2.7.8_1/include/ruby-2.7.0/ruby.h:33:
In file included from /opt/homebrew/Cellar/ruby@2.7/2.7.8_1/include/ruby-2.7.0/ruby/ruby.h:2762:
/opt/homebrew/Cellar/ruby@2.7/2.7.8_1/include/ruby-2.7.0/ruby/backward.h:31:1: warning: unknown attribute '__error__' ignored [-Wunknown-attributes]
DECLARE_DEPRECATED_FEATURE(2.2, rb_clear_cache);
^~~~~~~~~~~~~~~~~~~~~~~~~~~~~~~~~~~~~~~~~~~~~~~
/opt/homebrew/Cellar/ruby@2.7/2.7.8_1/include/ruby-2.7.0/ruby/backward.h:13:14: note: expanded from macro 'DECLARE_DEPRECATED_FEATURE'
    NORETURN(ERRORFUNC(("deprecated since "#ver), DEPRECATED(void func(void))))
    ~~~~~~~~~^~~~~~~~~~~~~~~~~~~~~~~~~~~~~~~~~~~~~~~~~~~~~~~~~~~~~~~~~~~~~~~~~~
/opt/homebrew/Cellar/ruby@2.7/2.7.8_1/include/ruby-2.7.0/arm64-darwin22/ruby/config.h:160:43: note: expanded from macro 'ERRORFUNC'
#define ERRORFUNC(mesg,x) __attribute__ ((__error__ mesg)) x
                                          ^
/opt/homebrew/Cellar/ruby@2.7/2.7.8_1/include/ruby-2.7.0/arm64-darwin22/ruby/config.h:149:52: note: expanded from macro 'NORETURN'
#define NORETURN(x) __attribute__ ((__noreturn__)) x
                                                   ^
In file included from conftest.c:1:
In file included from /opt/homebrew/Cellar/ruby@2.7/2.7.8_1/include/ruby-2.7.0/ruby.h:33:
In file included from /opt/homebrew/Cellar/ruby@2.7/2.7.8_1/include/ruby-2.7.0/ruby/ruby.h:2762:
/opt/homebrew/Cellar/ruby@2.7/2.7.8_1/include/ruby-2.7.0/ruby/backward.h:32:1: warning: unknown attribute '__error__' ignored [-Wunknown-attributes]
DECLARE_DEPRECATED_FEATURE(2.2, rb_frame_pop);
^~~~~~~~~~~~~~~~~~~~~~~~~~~~~~~~~~~~~~~~~~~~~
/opt/homebrew/Cellar/ruby@2.7/2.7.8_1/include/ruby-2.7.0/ruby/backward.h:13:14: note: expanded from macro 'DECLARE_DEPRECATED_FEATURE'
    NORETURN(ERRORFUNC(("deprecated since "#ver), DEPRECATED(void func(void))))
    ~~~~~~~~~^~~~~~~~~~~~~~~~~~~~~~~~~~~~~~~~~~~~~~~~~~~~~~~~~~~~~~~~~~~~~~~~~~
/opt/homebrew/Cellar/ruby@2.7/2.7.8_1/include/ruby-2.7.0/arm64-darwin22/ruby/config.h:160:43: note: expanded from macro 'ERRORFUNC'
#define ERRORFUNC(mesg,x) __attribute__ ((__error__ mesg)) x
                                          ^
/opt/homebrew/Cellar/ruby@2.7/2.7.8_1/include/ruby-2.7.0/arm64-darwin22/ruby/config.h:149:52: note: expanded from macro 'NORETURN'
#define NORETURN(x) __attribute__ ((__noreturn__)) x
                                                   ^
In file included from conftest.c:1:
In file included from /opt/homebrew/Cellar/ruby@2.7/2.7.8_1/include/ruby-2.7.0/ruby.h:33:
In file included from /opt/homebrew/Cellar/ruby@2.7/2.7.8_1/include/ruby-2.7.0/ruby/ruby.h:2762:
/opt/homebrew/Cellar/ruby@2.7/2.7.8_1/include/ruby-2.7.0/ruby/backward.h:38:10: warning: unknown attribute '__error__' ignored [-Wunknown-attributes]
NORETURN(ERRORFUNC(("internal function"), void rb_frozen_class_p(VALUE)));
~~~~~~~~~^~~~~~~~~~~~~~~~~~~~~~~~~~~~~~~~~~~~~~~~~~~~~~~~~~~~~~~~~~~~~~~~
/opt/homebrew/Cellar/ruby@2.7/2.7.8_1/include/ruby-2.7.0/arm64-darwin22/ruby/config.h:160:43: note: expanded from macro 'ERRORFUNC'
#define ERRORFUNC(mesg,x) __attribute__ ((__error__ mesg)) x
                                          ^
/opt/homebrew/Cellar/ruby@2.7/2.7.8_1/include/ruby-2.7.0/arm64-darwin22/ruby/config.h:149:52: note: expanded from macro 'NORETURN'
#define NORETURN(x) __attribute__ ((__noreturn__)) x
                                                   ^
In file included from conftest.c:1:
In file included from /opt/homebrew/Cellar/ruby@2.7/2.7.8_1/include/ruby-2.7.0/ruby.h:33:
In file included from /opt/homebrew/Cellar/ruby@2.7/2.7.8_1/include/ruby-2.7.0/ruby/ruby.h:2762:
/opt/homebrew/Cellar/ruby@2.7/2.7.8_1/include/ruby-2.7.0/ruby/backward.h:39:1: warning: unknown attribute '__error__' ignored [-Wunknown-attributes]
DECLARE_DEPRECATED_INTERNAL_FEATURE(rb_exec_end_proc);
^~~~~~~~~~~~~~~~~~~~~~~~~~~~~~~~~~~~~~~~~~~~~~~~~~~~~
/opt/homebrew/Cellar/ruby@2.7/2.7.8_1/include/ruby-2.7.0/ruby/backward.h:35:14: note: expanded from macro 'DECLARE_DEPRECATED_INTERNAL_FEATURE'
    NORETURN(ERRORFUNC(("deprecated internal function"), DEPRECATED(void func(void))))
    ~~~~~~~~~^~~~~~~~~~~~~~~~~~~~~~~~~~~~~~~~~~~~~~~~~~~~~~~~~~~~~~~~~~~~~~~~~~~~~~~~~
/opt/homebrew/Cellar/ruby@2.7/2.7.8_1/include/ruby-2.7.0/arm64-darwin22/ruby/config.h:160:43: note: expanded from macro 'ERRORFUNC'
#define ERRORFUNC(mesg,x) __attribute__ ((__error__ mesg)) x
                                          ^
/opt/homebrew/Cellar/ruby@2.7/2.7.8_1/include/ruby-2.7.0/arm64-darwin22/ruby/config.h:149:52: note: expanded from macro 'NORETURN'
#define NORETURN(x) __attribute__ ((__noreturn__)) x
                                                   ^
In file included from conftest.c:1:
In file included from /opt/homebrew/Cellar/ruby@2.7/2.7.8_1/include/ruby-2.7.0/ruby.h:33:
In file included from /opt/homebrew/Cellar/ruby@2.7/2.7.8_1/include/ruby-2.7.0/ruby/ruby.h:2762:
/opt/homebrew/Cellar/ruby@2.7/2.7.8_1/include/ruby-2.7.0/ruby/backward.h:42:1: warning: unknown attribute '__error__' ignored [-Wunknown-attributes]
DECLARE_DEPRECATED_INTERNAL_FEATURE(rb_compile_error);
^~~~~~~~~~~~~~~~~~~~~~~~~~~~~~~~~~~~~~~~~~~~~~~~~~~~~
/opt/homebrew/Cellar/ruby@2.7/2.7.8_1/include/ruby-2.7.0/ruby/backward.h:35:14: note: expanded from macro 'DECLARE_DEPRECATED_INTERNAL_FEATURE'
    NORETURN(ERRORFUNC(("deprecated internal function"), DEPRECATED(void func(void))))
    ~~~~~~~~~^~~~~~~~~~~~~~~~~~~~~~~~~~~~~~~~~~~~~~~~~~~~~~~~~~~~~~~~~~~~~~~~~~~~~~~~~
/opt/homebrew/Cellar/ruby@2.7/2.7.8_1/include/ruby-2.7.0/arm64-darwin22/ruby/config.h:160:43: note: expanded from macro 'ERRORFUNC'
#define ERRORFUNC(mesg,x) __attribute__ ((__error__ mesg)) x
                                          ^
/opt/homebrew/Cellar/ruby@2.7/2.7.8_1/include/ruby-2.7.0/arm64-darwin22/ruby/config.h:149:52: note: expanded from macro 'NORETURN'
#define NORETURN(x) __attribute__ ((__noreturn__)) x
                                                   ^
In file included from conftest.c:1:
In file included from /opt/homebrew/Cellar/ruby@2.7/2.7.8_1/include/ruby-2.7.0/ruby.h:33:
In file included from /opt/homebrew/Cellar/ruby@2.7/2.7.8_1/include/ruby-2.7.0/ruby/ruby.h:2762:
/opt/homebrew/Cellar/ruby@2.7/2.7.8_1/include/ruby-2.7.0/ruby/backward.h:43:1: warning: unknown attribute '__error__' ignored [-Wunknown-attributes]
DECLARE_DEPRECATED_INTERNAL_FEATURE(rb_compile_error_with_enc);
^~~~~~~~~~~~~~~~~~~~~~~~~~~~~~~~~~~~~~~~~~~~~~~~~~~~~~~~~~~~~~
/opt/homebrew/Cellar/ruby@2.7/2.7.8_1/include/ruby-2.7.0/ruby/backward.h:35:14: note: expanded from macro 'DECLARE_DEPRECATED_INTERNAL_FEATURE'
    NORETURN(ERRORFUNC(("deprecated internal function"), DEPRECATED(void func(void))))
    ~~~~~~~~~^~~~~~~~~~~~~~~~~~~~~~~~~~~~~~~~~~~~~~~~~~~~~~~~~~~~~~~~~~~~~~~~~~~~~~~~~
/opt/homebrew/Cellar/ruby@2.7/2.7.8_1/include/ruby-2.7.0/arm64-darwin22/ruby/config.h:160:43: note: expanded from macro 'ERRORFUNC'
#define ERRORFUNC(mesg,x) __attribute__ ((__error__ mesg)) x
                                          ^
/opt/homebrew/Cellar/ruby@2.7/2.7.8_1/include/ruby-2.7.0/arm64-darwin22/ruby/config.h:149:52: note: expanded from macro 'NORETURN'
#define NORETURN(x) __attribute__ ((__noreturn__)) x
                                                   ^
In file included from conftest.c:1:
In file included from /opt/homebrew/Cellar/ruby@2.7/2.7.8_1/include/ruby-2.7.0/ruby.h:33:
In file included from /opt/homebrew/Cellar/ruby@2.7/2.7.8_1/include/ruby-2.7.0/ruby/ruby.h:2762:
/opt/homebrew/Cellar/ruby@2.7/2.7.8_1/include/ruby-2.7.0/ruby/backward.h:44:1: warning: unknown attribute '__error__' ignored [-Wunknown-attributes]
DECLARE_DEPRECATED_INTERNAL_FEATURE(rb_compile_error_append);
^~~~~~~~~~~~~~~~~~~~~~~~~~~~~~~~~~~~~~~~~~~~~~~~~~~~~~~~~~~~
/opt/homebrew/Cellar/ruby@2.7/2.7.8_1/include/ruby-2.7.0/ruby/backward.h:35:14: note: expanded from macro 'DECLARE_DEPRECATED_INTERNAL_FEATURE'
    NORETURN(ERRORFUNC(("deprecated internal function"), DEPRECATED(void func(void))))
    ~~~~~~~~~^~~~~~~~~~~~~~~~~~~~~~~~~~~~~~~~~~~~~~~~~~~~~~~~~~~~~~~~~~~~~~~~~~~~~~~~~
/opt/homebrew/Cellar/ruby@2.7/2.7.8_1/include/ruby-2.7.0/arm64-darwin22/ruby/config.h:160:43: note: expanded from macro 'ERRORFUNC'
#define ERRORFUNC(mesg,x) __attribute__ ((__error__ mesg)) x
                                          ^
/opt/homebrew/Cellar/ruby@2.7/2.7.8_1/include/ruby-2.7.0/arm64-darwin22/ruby/config.h:149:52: note: expanded from macro 'NORETURN'
#define NORETURN(x) __attribute__ ((__noreturn__)) x
                                                   ^
In file included from conftest.c:1:
In file included from /opt/homebrew/Cellar/ruby@2.7/2.7.8_1/include/ruby-2.7.0/ruby.h:33:
In file included from /opt/homebrew/Cellar/ruby@2.7/2.7.8_1/include/ruby-2.7.0/ruby/ruby.h:2762:
/opt/homebrew/Cellar/ruby@2.7/2.7.8_1/include/ruby-2.7.0/ruby/backward.h:47:1: warning: unknown attribute '__error__' ignored [-Wunknown-attributes]
DECLARE_DEPRECATED_INTERNAL_FEATURE(rb_gc_call_finalizer_at_exit);
^~~~~~~~~~~~~~~~~~~~~~~~~~~~~~~~~~~~~~~~~~~~~~~~~~~~~~~~~~~~~~~~~
/opt/homebrew/Cellar/ruby@2.7/2.7.8_1/include/ruby-2.7.0/ruby/backward.h:35:14: note: expanded from macro 'DECLARE_DEPRECATED_INTERNAL_FEATURE'
    NORETURN(ERRORFUNC(("deprecated internal function"), DEPRECATED(void func(void))))
    ~~~~~~~~~^~~~~~~~~~~~~~~~~~~~~~~~~~~~~~~~~~~~~~~~~~~~~~~~~~~~~~~~~~~~~~~~~~~~~~~~~
/opt/homebrew/Cellar/ruby@2.7/2.7.8_1/include/ruby-2.7.0/arm64-darwin22/ruby/config.h:160:43: note: expanded from macro 'ERRORFUNC'
#define ERRORFUNC(mesg,x) __attribute__ ((__error__ mesg)) x
                                          ^
/opt/homebrew/Cellar/ruby@2.7/2.7.8_1/include/ruby-2.7.0/arm64-darwin22/ruby/config.h:149:52: note: expanded from macro 'NORETURN'
#define NORETURN(x) __attribute__ ((__noreturn__)) x
                                                   ^
In file included from conftest.c:1:
In file included from /opt/homebrew/Cellar/ruby@2.7/2.7.8_1/include/ruby-2.7.0/ruby.h:33:
In file included from /opt/homebrew/Cellar/ruby@2.7/2.7.8_1/include/ruby-2.7.0/ruby/ruby.h:2762:
/opt/homebrew/Cellar/ruby@2.7/2.7.8_1/include/ruby-2.7.0/ruby/backward.h:50:1: warning: unknown attribute '__error__' ignored [-Wunknown-attributes]
DECLARE_DEPRECATED_INTERNAL_FEATURE(rb_trap_exit);
^~~~~~~~~~~~~~~~~~~~~~~~~~~~~~~~~~~~~~~~~~~~~~~~~
/opt/homebrew/Cellar/ruby@2.7/2.7.8_1/include/ruby-2.7.0/ruby/backward.h:35:14: note: expanded from macro 'DECLARE_DEPRECATED_INTERNAL_FEATURE'
    NORETURN(ERRORFUNC(("deprecated internal function"), DEPRECATED(void func(void))))
    ~~~~~~~~~^~~~~~~~~~~~~~~~~~~~~~~~~~~~~~~~~~~~~~~~~~~~~~~~~~~~~~~~~~~~~~~~~~~~~~~~~
/opt/homebrew/Cellar/ruby@2.7/2.7.8_1/include/ruby-2.7.0/arm64-darwin22/ruby/config.h:160:43: note: expanded from macro 'ERRORFUNC'
#define ERRORFUNC(mesg,x) __attribute__ ((__error__ mesg)) x
                                          ^
/opt/homebrew/Cellar/ruby@2.7/2.7.8_1/include/ruby-2.7.0/arm64-darwin22/ruby/config.h:149:52: note: expanded from macro 'NORETURN'
#define NORETURN(x) __attribute__ ((__noreturn__)) x
                                                   ^
In file included from conftest.c:1:
In file included from /opt/homebrew/Cellar/ruby@2.7/2.7.8_1/include/ruby-2.7.0/ruby.h:33:
In file included from /opt/homebrew/Cellar/ruby@2.7/2.7.8_1/include/ruby-2.7.0/ruby/ruby.h:2762:
/opt/homebrew/Cellar/ruby@2.7/2.7.8_1/include/ruby-2.7.0/ruby/backward.h:53:1: warning: unknown attribute '__error__' ignored [-Wunknown-attributes]
DECLARE_DEPRECATED_INTERNAL_FEATURE(rb_struct_ptr);
^~~~~~~~~~~~~~~~~~~~~~~~~~~~~~~~~~~~~~~~~~~~~~~~~~
/opt/homebrew/Cellar/ruby@2.7/2.7.8_1/include/ruby-2.7.0/ruby/backward.h:35:14: note: expanded from macro 'DECLARE_DEPRECATED_INTERNAL_FEATURE'
    NORETURN(ERRORFUNC(("deprecated internal function"), DEPRECATED(void func(void))))
    ~~~~~~~~~^~~~~~~~~~~~~~~~~~~~~~~~~~~~~~~~~~~~~~~~~~~~~~~~~~~~~~~~~~~~~~~~~~~~~~~~~
/opt/homebrew/Cellar/ruby@2.7/2.7.8_1/include/ruby-2.7.0/arm64-darwin22/ruby/config.h:160:43: note: expanded from macro 'ERRORFUNC'
#define ERRORFUNC(mesg,x) __attribute__ ((__error__ mesg)) x
                                          ^
/opt/homebrew/Cellar/ruby@2.7/2.7.8_1/include/ruby-2.7.0/arm64-darwin22/ruby/config.h:149:52: note: expanded from macro 'NORETURN'
#define NORETURN(x) __attribute__ ((__noreturn__)) x
                                                   ^
In file included from conftest.c:1:
In file included from /opt/homebrew/Cellar/ruby@2.7/2.7.8_1/include/ruby-2.7.0/ruby.h:33:
In file included from /opt/homebrew/Cellar/ruby@2.7/2.7.8_1/include/ruby-2.7.0/ruby/ruby.h:2762:
/opt/homebrew/Cellar/ruby@2.7/2.7.8_1/include/ruby-2.7.0/ruby/backward.h:56:1: warning: unknown attribute '__error__' ignored [-Wunknown-attributes]
DECLARE_DEPRECATED_INTERNAL_FEATURE(rb_clear_trace_func);
^~~~~~~~~~~~~~~~~~~~~~~~~~~~~~~~~~~~~~~~~~~~~~~~~~~~~~~~
/opt/homebrew/Cellar/ruby@2.7/2.7.8_1/include/ruby-2.7.0/ruby/backward.h:35:14: note: expanded from macro 'DECLARE_DEPRECATED_INTERNAL_FEATURE'
    NORETURN(ERRORFUNC(("deprecated internal function"), DEPRECATED(void func(void))))
    ~~~~~~~~~^~~~~~~~~~~~~~~~~~~~~~~~~~~~~~~~~~~~~~~~~~~~~~~~~~~~~~~~~~~~~~~~~~~~~~~~~
/opt/homebrew/Cellar/ruby@2.7/2.7.8_1/include/ruby-2.7.0/arm64-darwin22/ruby/config.h:160:43: note: expanded from macro 'ERRORFUNC'
#define ERRORFUNC(mesg,x) __attribute__ ((__error__ mesg)) x
                                          ^
/opt/homebrew/Cellar/ruby@2.7/2.7.8_1/include/ruby-2.7.0/arm64-darwin22/ruby/config.h:149:52: note: expanded from macro 'NORETURN'
#define NORETURN(x) __attribute__ ((__noreturn__)) x
                                                   ^
In file included from conftest.c:1:
In file included from /opt/homebrew/Cellar/ruby@2.7/2.7.8_1/include/ruby-2.7.0/ruby.h:33:
In file included from /opt/homebrew/Cellar/ruby@2.7/2.7.8_1/include/ruby-2.7.0/ruby/ruby.h:2762:
/opt/homebrew/Cellar/ruby@2.7/2.7.8_1/include/ruby-2.7.0/ruby/backward.h:59:1: warning: unknown attribute '__error__' ignored [-Wunknown-attributes]
DECLARE_DEPRECATED_INTERNAL_FEATURE(rb_generic_ivar_table);
^~~~~~~~~~~~~~~~~~~~~~~~~~~~~~~~~~~~~~~~~~~~~~~~~~~~~~~~~~
/opt/homebrew/Cellar/ruby@2.7/2.7.8_1/include/ruby-2.7.0/ruby/backward.h:35:14: note: expanded from macro 'DECLARE_DEPRECATED_INTERNAL_FEATURE'
    NORETURN(ERRORFUNC(("deprecated internal function"), DEPRECATED(void func(void))))
    ~~~~~~~~~^~~~~~~~~~~~~~~~~~~~~~~~~~~~~~~~~~~~~~~~~~~~~~~~~~~~~~~~~~~~~~~~~~~~~~~~~
/opt/homebrew/Cellar/ruby@2.7/2.7.8_1/include/ruby-2.7.0/arm64-darwin22/ruby/config.h:160:43: note: expanded from macro 'ERRORFUNC'
#define ERRORFUNC(mesg,x) __attribute__ ((__error__ mesg)) x
                                          ^
/opt/homebrew/Cellar/ruby@2.7/2.7.8_1/include/ruby-2.7.0/arm64-darwin22/ruby/config.h:149:52: note: expanded from macro 'NORETURN'
#define NORETURN(x) __attribute__ ((__noreturn__)) x
                                                   ^
In file included from conftest.c:1:
In file included from /opt/homebrew/Cellar/ruby@2.7/2.7.8_1/include/ruby-2.7.0/ruby.h:33:
In file included from /opt/homebrew/Cellar/ruby@2.7/2.7.8_1/include/ruby-2.7.0/ruby/ruby.h:2762:
/opt/homebrew/Cellar/ruby@2.7/2.7.8_1/include/ruby-2.7.0/ruby/backward.h:60:10: warning: unknown attribute '__error__' ignored [-Wunknown-attributes]
NORETURN(ERRORFUNC(("internal function"), VALUE rb_mod_const_missing(VALUE, VALUE)));
~~~~~~~~~^~~~~~~~~~~~~~~~~~~~~~~~~~~~~~~~~~~~~~~~~~~~~~~~~~~~~~~~~~~~~~~~~~~~~~~~~~~
/opt/homebrew/Cellar/ruby@2.7/2.7.8_1/include/ruby-2.7.0/arm64-darwin22/ruby/config.h:160:43: note: expanded from macro 'ERRORFUNC'
#define ERRORFUNC(mesg,x) __attribute__ ((__error__ mesg)) x
                                          ^
/opt/homebrew/Cellar/ruby@2.7/2.7.8_1/include/ruby-2.7.0/arm64-darwin22/ruby/config.h:149:52: note: expanded from macro 'NORETURN'
#define NORETURN(x) __attribute__ ((__noreturn__)) x
                                                   ^
conftest.c:14:57: error: use of undeclared identifier 'ffi_prep_cif_var'
int t(void) { void ((*volatile p)()); p = (void ((*)()))ffi_prep_cif_var; return !p; }
                                                        ^
22 warnings and 1 error generated.
checked program was:
/* begin */
 1: #include "ruby.h"
 2: 
 3: /*top*/
 4: extern int t(void);
 5: int main(int argc, char **argv)
 6: {
 7:   if (argc > 1000000) {
 8:     int (* volatile tp)(void)=(int (*)(void))&t;
 9:     printf("%d", (*tp)());
10:   }
11: 
12:   return !!argv[argc];
13: }
14: int t(void) { void ((*volatile p)()); p = (void ((*)()))ffi_prep_cif_var; return !p; }
/* end */

"clang -o conftest -I/opt/homebrew/Cellar/ruby@2.7/2.7.8_1/include/ruby-2.7.0/arm64-darwin22 -I/opt/homebrew/Cellar/ruby@2.7/2.7.8_1/include/ruby-2.7.0/ruby/backward -I/opt/homebrew/Cellar/ruby@2.7/2.7.8_1/include/ruby-2.7.0 -I. -I/Library/Developer/CommandLineTools/SDKs/MacOSX.sdk/usr/include/ffi  -I/opt/homebrew/opt/libyaml/include -I/opt/homebrew/opt/openssl@3/include -I/opt/homebrew/opt/readline/include -D_XOPEN_SOURCE -D_DARWIN_C_SOURCE -D_DARWIN_UNLIMITED_SELECT -D_REENTRANT   -g -O2 -fno-common -pipe conftest.c  -L. -L/opt/homebrew/Cellar/ruby@2.7/2.7.8_1/lib -L/opt/homebrew/opt/libyaml/lib -L/opt/homebrew/opt/openssl@3/lib -L/opt/homebrew/opt/readline/lib -L. -fstack-protector-strong -L/opt/homebrew/lib -L/opt/homebrew/opt/libyaml/lib -L/opt/homebrew/opt/openssl@3/lib -L/opt/homebrew/opt/readline/lib  -m64  -lffi  -lruby.2.7 -lffi   "
In file included from conftest.c:1:
In file included from /opt/homebrew/Cellar/ruby@2.7/2.7.8_1/include/ruby-2.7.0/ruby.h:33:
/opt/homebrew/Cellar/ruby@2.7/2.7.8_1/include/ruby-2.7.0/ruby/ruby.h:1865:1: warning: unknown attribute '__error__' ignored [-Wunknown-attributes]
ERRORFUNC((" argument length doesn't match"), int rb_varargs_bad_length(int,int));
^~~~~~~~~~~~~~~~~~~~~~~~~~~~~~~~~~~~~~~~~~~~~~~~~~~~~~~~~~~~~~~~~~~~~~~~~~~~~~~~~
/opt/homebrew/Cellar/ruby@2.7/2.7.8_1/include/ruby-2.7.0/arm64-darwin22/ruby/config.h:160:43: note: expanded from macro 'ERRORFUNC'
#define ERRORFUNC(mesg,x) __attribute__ ((__error__ mesg)) x
                                          ^~~~~~~~~~~~~~
In file included from conftest.c:1:
In file included from /opt/homebrew/Cellar/ruby@2.7/2.7.8_1/include/ruby-2.7.0/ruby.h:33:
/opt/homebrew/Cellar/ruby@2.7/2.7.8_1/include/ruby-2.7.0/ruby/ruby.h:2347:1: warning: unknown attribute '__error__' ignored [-Wunknown-attributes]
ERRORFUNC(("bad scan arg format"), void rb_scan_args_bad_format(const char*));
^~~~~~~~~~~~~~~~~~~~~~~~~~~~~~~~~~~~~~~~~~~~~~~~~~~~~~~~~~~~~~~~~~~~~~~~~~~~~
/opt/homebrew/Cellar/ruby@2.7/2.7.8_1/include/ruby-2.7.0/arm64-darwin22/ruby/config.h:160:43: note: expanded from macro 'ERRORFUNC'
#define ERRORFUNC(mesg,x) __attribute__ ((__error__ mesg)) x
                                          ^~~~~~~~~~~~~~
In file included from conftest.c:1:
In file included from /opt/homebrew/Cellar/ruby@2.7/2.7.8_1/include/ruby-2.7.0/ruby.h:33:
/opt/homebrew/Cellar/ruby@2.7/2.7.8_1/include/ruby-2.7.0/ruby/ruby.h:2348:1: warning: unknown attribute '__error__' ignored [-Wunknown-attributes]
ERRORFUNC(("variable argument length doesn't match"), void rb_scan_args_length_mismatch(const char*,int));
^~~~~~~~~~~~~~~~~~~~~~~~~~~~~~~~~~~~~~~~~~~~~~~~~~~~~~~~~~~~~~~~~~~~~~~~~~~~~~~~~~~~~~~~~~~~~~~~~~~~~~~~~
/opt/homebrew/Cellar/ruby@2.7/2.7.8_1/include/ruby-2.7.0/arm64-darwin22/ruby/config.h:160:43: note: expanded from macro 'ERRORFUNC'
#define ERRORFUNC(mesg,x) __attribute__ ((__error__ mesg)) x
                                          ^~~~~~~~~~~~~~
In file included from conftest.c:1:
In file included from /opt/homebrew/Cellar/ruby@2.7/2.7.8_1/include/ruby-2.7.0/ruby.h:33:
In file included from /opt/homebrew/Cellar/ruby@2.7/2.7.8_1/include/ruby-2.7.0/ruby/ruby.h:2762:
/opt/homebrew/Cellar/ruby@2.7/2.7.8_1/include/ruby-2.7.0/ruby/backward.h:16:1: warning: unknown attribute '__error__' ignored [-Wunknown-attributes]
DECLARE_DEPRECATED_FEATURE(2.2, rb_disable_super);
^~~~~~~~~~~~~~~~~~~~~~~~~~~~~~~~~~~~~~~~~~~~~~~~~
/opt/homebrew/Cellar/ruby@2.7/2.7.8_1/include/ruby-2.7.0/ruby/backward.h:13:14: note: expanded from macro 'DECLARE_DEPRECATED_FEATURE'
    NORETURN(ERRORFUNC(("deprecated since "#ver), DEPRECATED(void func(void))))
    ~~~~~~~~~^~~~~~~~~~~~~~~~~~~~~~~~~~~~~~~~~~~~~~~~~~~~~~~~~~~~~~~~~~~~~~~~~~
/opt/homebrew/Cellar/ruby@2.7/2.7.8_1/include/ruby-2.7.0/arm64-darwin22/ruby/config.h:160:43: note: expanded from macro 'ERRORFUNC'
#define ERRORFUNC(mesg,x) __attribute__ ((__error__ mesg)) x
                                          ^
/opt/homebrew/Cellar/ruby@2.7/2.7.8_1/include/ruby-2.7.0/arm64-darwin22/ruby/config.h:149:52: note: expanded from macro 'NORETURN'
#define NORETURN(x) __attribute__ ((__noreturn__)) x
                                                   ^
In file included from conftest.c:1:
In file included from /opt/homebrew/Cellar/ruby@2.7/2.7.8_1/include/ruby-2.7.0/ruby.h:33:
In file included from /opt/homebrew/Cellar/ruby@2.7/2.7.8_1/include/ruby-2.7.0/ruby/ruby.h:2762:
/opt/homebrew/Cellar/ruby@2.7/2.7.8_1/include/ruby-2.7.0/ruby/backward.h:17:1: warning: unknown attribute '__error__' ignored [-Wunknown-attributes]
DECLARE_DEPRECATED_FEATURE(2.2, rb_enable_super);
^~~~~~~~~~~~~~~~~~~~~~~~~~~~~~~~~~~~~~~~~~~~~~~~
/opt/homebrew/Cellar/ruby@2.7/2.7.8_1/include/ruby-2.7.0/ruby/backward.h:13:14: note: expanded from macro 'DECLARE_DEPRECATED_FEATURE'
    NORETURN(ERRORFUNC(("deprecated since "#ver), DEPRECATED(void func(void))))
    ~~~~~~~~~^~~~~~~~~~~~~~~~~~~~~~~~~~~~~~~~~~~~~~~~~~~~~~~~~~~~~~~~~~~~~~~~~~
/opt/homebrew/Cellar/ruby@2.7/2.7.8_1/include/ruby-2.7.0/arm64-darwin22/ruby/config.h:160:43: note: expanded from macro 'ERRORFUNC'
#define ERRORFUNC(mesg,x) __attribute__ ((__error__ mesg)) x
                                          ^
/opt/homebrew/Cellar/ruby@2.7/2.7.8_1/include/ruby-2.7.0/arm64-darwin22/ruby/config.h:149:52: note: expanded from macro 'NORETURN'
#define NORETURN(x) __attribute__ ((__noreturn__)) x
                                                   ^
In file included from conftest.c:1:
In file included from /opt/homebrew/Cellar/ruby@2.7/2.7.8_1/include/ruby-2.7.0/ruby.h:33:
In file included from /opt/homebrew/Cellar/ruby@2.7/2.7.8_1/include/ruby-2.7.0/ruby/ruby.h:2762:
/opt/homebrew/Cellar/ruby@2.7/2.7.8_1/include/ruby-2.7.0/ruby/backward.h:20:1: warning: unknown attribute '__error__' ignored [-Wunknown-attributes]
DECLARE_DEPRECATED_FEATURE(2.2, rb_hash_iter_lev);
^~~~~~~~~~~~~~~~~~~~~~~~~~~~~~~~~~~~~~~~~~~~~~~~~
/opt/homebrew/Cellar/ruby@2.7/2.7.8_1/include/ruby-2.7.0/ruby/backward.h:13:14: note: expanded from macro 'DECLARE_DEPRECATED_FEATURE'
    NORETURN(ERRORFUNC(("deprecated since "#ver), DEPRECATED(void func(void))))
    ~~~~~~~~~^~~~~~~~~~~~~~~~~~~~~~~~~~~~~~~~~~~~~~~~~~~~~~~~~~~~~~~~~~~~~~~~~~
/opt/homebrew/Cellar/ruby@2.7/2.7.8_1/include/ruby-2.7.0/arm64-darwin22/ruby/config.h:160:43: note: expanded from macro 'ERRORFUNC'
#define ERRORFUNC(mesg,x) __attribute__ ((__error__ mesg)) x
                                          ^
/opt/homebrew/Cellar/ruby@2.7/2.7.8_1/include/ruby-2.7.0/arm64-darwin22/ruby/config.h:149:52: note: expanded from macro 'NORETURN'
#define NORETURN(x) __attribute__ ((__noreturn__)) x
                                                   ^
In file included from conftest.c:1:
In file included from /opt/homebrew/Cellar/ruby@2.7/2.7.8_1/include/ruby-2.7.0/ruby.h:33:
In file included from /opt/homebrew/Cellar/ruby@2.7/2.7.8_1/include/ruby-2.7.0/ruby/ruby.h:2762:
/opt/homebrew/Cellar/ruby@2.7/2.7.8_1/include/ruby-2.7.0/ruby/backward.h:21:1: warning: unknown attribute '__error__' ignored [-Wunknown-attributes]
DECLARE_DEPRECATED_FEATURE(2.2, rb_hash_ifnone);
^~~~~~~~~~~~~~~~~~~~~~~~~~~~~~~~~~~~~~~~~~~~~~~
/opt/homebrew/Cellar/ruby@2.7/2.7.8_1/include/ruby-2.7.0/ruby/backward.h:13:14: note: expanded from macro 'DECLARE_DEPRECATED_FEATURE'
    NORETURN(ERRORFUNC(("deprecated since "#ver), DEPRECATED(void func(void))))
    ~~~~~~~~~^~~~~~~~~~~~~~~~~~~~~~~~~~~~~~~~~~~~~~~~~~~~~~~~~~~~~~~~~~~~~~~~~~
/opt/homebrew/Cellar/ruby@2.7/2.7.8_1/include/ruby-2.7.0/arm64-darwin22/ruby/config.h:160:43: note: expanded from macro 'ERRORFUNC'
#define ERRORFUNC(mesg,x) __attribute__ ((__error__ mesg)) x
                                          ^
/opt/homebrew/Cellar/ruby@2.7/2.7.8_1/include/ruby-2.7.0/arm64-darwin22/ruby/config.h:149:52: note: expanded from macro 'NORETURN'
#define NORETURN(x) __attribute__ ((__noreturn__)) x
                                                   ^
In file included from conftest.c:1:
In file included from /opt/homebrew/Cellar/ruby@2.7/2.7.8_1/include/ruby-2.7.0/ruby.h:33:
In file included from /opt/homebrew/Cellar/ruby@2.7/2.7.8_1/include/ruby-2.7.0/ruby/ruby.h:2762:
/opt/homebrew/Cellar/ruby@2.7/2.7.8_1/include/ruby-2.7.0/ruby/backward.h:24:1: warning: unknown attribute '__error__' ignored [-Wunknown-attributes]
DECLARE_DEPRECATED_FEATURE(2.2, rb_str_associate);
^~~~~~~~~~~~~~~~~~~~~~~~~~~~~~~~~~~~~~~~~~~~~~~~~
/opt/homebrew/Cellar/ruby@2.7/2.7.8_1/include/ruby-2.7.0/ruby/backward.h:13:14: note: expanded from macro 'DECLARE_DEPRECATED_FEATURE'
    NORETURN(ERRORFUNC(("deprecated since "#ver), DEPRECATED(void func(void))))
    ~~~~~~~~~^~~~~~~~~~~~~~~~~~~~~~~~~~~~~~~~~~~~~~~~~~~~~~~~~~~~~~~~~~~~~~~~~~
/opt/homebrew/Cellar/ruby@2.7/2.7.8_1/include/ruby-2.7.0/arm64-darwin22/ruby/config.h:160:43: note: expanded from macro 'ERRORFUNC'
#define ERRORFUNC(mesg,x) __attribute__ ((__error__ mesg)) x
                                          ^
/opt/homebrew/Cellar/ruby@2.7/2.7.8_1/include/ruby-2.7.0/arm64-darwin22/ruby/config.h:149:52: note: expanded from macro 'NORETURN'
#define NORETURN(x) __attribute__ ((__noreturn__)) x
                                                   ^
In file included from conftest.c:1:
In file included from /opt/homebrew/Cellar/ruby@2.7/2.7.8_1/include/ruby-2.7.0/ruby.h:33:
In file included from /opt/homebrew/Cellar/ruby@2.7/2.7.8_1/include/ruby-2.7.0/ruby/ruby.h:2762:
/opt/homebrew/Cellar/ruby@2.7/2.7.8_1/include/ruby-2.7.0/ruby/backward.h:25:1: warning: unknown attribute '__error__' ignored [-Wunknown-attributes]
DECLARE_DEPRECATED_FEATURE(2.2, rb_str_associated);
^~~~~~~~~~~~~~~~~~~~~~~~~~~~~~~~~~~~~~~~~~~~~~~~~~
/opt/homebrew/Cellar/ruby@2.7/2.7.8_1/include/ruby-2.7.0/ruby/backward.h:13:14: note: expanded from macro 'DECLARE_DEPRECATED_FEATURE'
    NORETURN(ERRORFUNC(("deprecated since "#ver), DEPRECATED(void func(void))))
    ~~~~~~~~~^~~~~~~~~~~~~~~~~~~~~~~~~~~~~~~~~~~~~~~~~~~~~~~~~~~~~~~~~~~~~~~~~~
/opt/homebrew/Cellar/ruby@2.7/2.7.8_1/include/ruby-2.7.0/arm64-darwin22/ruby/config.h:160:43: note: expanded from macro 'ERRORFUNC'
#define ERRORFUNC(mesg,x) __attribute__ ((__error__ mesg)) x
                                          ^
/opt/homebrew/Cellar/ruby@2.7/2.7.8_1/include/ruby-2.7.0/arm64-darwin22/ruby/config.h:149:52: note: expanded from macro 'NORETURN'
#define NORETURN(x) __attribute__ ((__noreturn__)) x
                                                   ^
In file included from conftest.c:1:
In file included from /opt/homebrew/Cellar/ruby@2.7/2.7.8_1/include/ruby-2.7.0/ruby.h:33:
In file included from /opt/homebrew/Cellar/ruby@2.7/2.7.8_1/include/ruby-2.7.0/ruby/ruby.h:2762:
/opt/homebrew/Cellar/ruby@2.7/2.7.8_1/include/ruby-2.7.0/ruby/backward.h:31:1: warning: unknown attribute '__error__' ignored [-Wunknown-attributes]
DECLARE_DEPRECATED_FEATURE(2.2, rb_clear_cache);
^~~~~~~~~~~~~~~~~~~~~~~~~~~~~~~~~~~~~~~~~~~~~~~
/opt/homebrew/Cellar/ruby@2.7/2.7.8_1/include/ruby-2.7.0/ruby/backward.h:13:14: note: expanded from macro 'DECLARE_DEPRECATED_FEATURE'
    NORETURN(ERRORFUNC(("deprecated since "#ver), DEPRECATED(void func(void))))
    ~~~~~~~~~^~~~~~~~~~~~~~~~~~~~~~~~~~~~~~~~~~~~~~~~~~~~~~~~~~~~~~~~~~~~~~~~~~
/opt/homebrew/Cellar/ruby@2.7/2.7.8_1/include/ruby-2.7.0/arm64-darwin22/ruby/config.h:160:43: note: expanded from macro 'ERRORFUNC'
#define ERRORFUNC(mesg,x) __attribute__ ((__error__ mesg)) x
                                          ^
/opt/homebrew/Cellar/ruby@2.7/2.7.8_1/include/ruby-2.7.0/arm64-darwin22/ruby/config.h:149:52: note: expanded from macro 'NORETURN'
#define NORETURN(x) __attribute__ ((__noreturn__)) x
                                                   ^
In file included from conftest.c:1:
In file included from /opt/homebrew/Cellar/ruby@2.7/2.7.8_1/include/ruby-2.7.0/ruby.h:33:
In file included from /opt/homebrew/Cellar/ruby@2.7/2.7.8_1/include/ruby-2.7.0/ruby/ruby.h:2762:
/opt/homebrew/Cellar/ruby@2.7/2.7.8_1/include/ruby-2.7.0/ruby/backward.h:32:1: warning: unknown attribute '__error__' ignored [-Wunknown-attributes]
DECLARE_DEPRECATED_FEATURE(2.2, rb_frame_pop);
^~~~~~~~~~~~~~~~~~~~~~~~~~~~~~~~~~~~~~~~~~~~~
/opt/homebrew/Cellar/ruby@2.7/2.7.8_1/include/ruby-2.7.0/ruby/backward.h:13:14: note: expanded from macro 'DECLARE_DEPRECATED_FEATURE'
    NORETURN(ERRORFUNC(("deprecated since "#ver), DEPRECATED(void func(void))))
    ~~~~~~~~~^~~~~~~~~~~~~~~~~~~~~~~~~~~~~~~~~~~~~~~~~~~~~~~~~~~~~~~~~~~~~~~~~~
/opt/homebrew/Cellar/ruby@2.7/2.7.8_1/include/ruby-2.7.0/arm64-darwin22/ruby/config.h:160:43: note: expanded from macro 'ERRORFUNC'
#define ERRORFUNC(mesg,x) __attribute__ ((__error__ mesg)) x
                                          ^
/opt/homebrew/Cellar/ruby@2.7/2.7.8_1/include/ruby-2.7.0/arm64-darwin22/ruby/config.h:149:52: note: expanded from macro 'NORETURN'
#define NORETURN(x) __attribute__ ((__noreturn__)) x
                                                   ^
In file included from conftest.c:1:
In file included from /opt/homebrew/Cellar/ruby@2.7/2.7.8_1/include/ruby-2.7.0/ruby.h:33:
In file included from /opt/homebrew/Cellar/ruby@2.7/2.7.8_1/include/ruby-2.7.0/ruby/ruby.h:2762:
/opt/homebrew/Cellar/ruby@2.7/2.7.8_1/include/ruby-2.7.0/ruby/backward.h:38:10: warning: unknown attribute '__error__' ignored [-Wunknown-attributes]
NORETURN(ERRORFUNC(("internal function"), void rb_frozen_class_p(VALUE)));
~~~~~~~~~^~~~~~~~~~~~~~~~~~~~~~~~~~~~~~~~~~~~~~~~~~~~~~~~~~~~~~~~~~~~~~~~
/opt/homebrew/Cellar/ruby@2.7/2.7.8_1/include/ruby-2.7.0/arm64-darwin22/ruby/config.h:160:43: note: expanded from macro 'ERRORFUNC'
#define ERRORFUNC(mesg,x) __attribute__ ((__error__ mesg)) x
                                          ^
/opt/homebrew/Cellar/ruby@2.7/2.7.8_1/include/ruby-2.7.0/arm64-darwin22/ruby/config.h:149:52: note: expanded from macro 'NORETURN'
#define NORETURN(x) __attribute__ ((__noreturn__)) x
                                                   ^
In file included from conftest.c:1:
In file included from /opt/homebrew/Cellar/ruby@2.7/2.7.8_1/include/ruby-2.7.0/ruby.h:33:
In file included from /opt/homebrew/Cellar/ruby@2.7/2.7.8_1/include/ruby-2.7.0/ruby/ruby.h:2762:
/opt/homebrew/Cellar/ruby@2.7/2.7.8_1/include/ruby-2.7.0/ruby/backward.h:39:1: warning: unknown attribute '__error__' ignored [-Wunknown-attributes]
DECLARE_DEPRECATED_INTERNAL_FEATURE(rb_exec_end_proc);
^~~~~~~~~~~~~~~~~~~~~~~~~~~~~~~~~~~~~~~~~~~~~~~~~~~~~
/opt/homebrew/Cellar/ruby@2.7/2.7.8_1/include/ruby-2.7.0/ruby/backward.h:35:14: note: expanded from macro 'DECLARE_DEPRECATED_INTERNAL_FEATURE'
    NORETURN(ERRORFUNC(("deprecated internal function"), DEPRECATED(void func(void))))
    ~~~~~~~~~^~~~~~~~~~~~~~~~~~~~~~~~~~~~~~~~~~~~~~~~~~~~~~~~~~~~~~~~~~~~~~~~~~~~~~~~~
/opt/homebrew/Cellar/ruby@2.7/2.7.8_1/include/ruby-2.7.0/arm64-darwin22/ruby/config.h:160:43: note: expanded from macro 'ERRORFUNC'
#define ERRORFUNC(mesg,x) __attribute__ ((__error__ mesg)) x
                                          ^
/opt/homebrew/Cellar/ruby@2.7/2.7.8_1/include/ruby-2.7.0/arm64-darwin22/ruby/config.h:149:52: note: expanded from macro 'NORETURN'
#define NORETURN(x) __attribute__ ((__noreturn__)) x
                                                   ^
In file included from conftest.c:1:
In file included from /opt/homebrew/Cellar/ruby@2.7/2.7.8_1/include/ruby-2.7.0/ruby.h:33:
In file included from /opt/homebrew/Cellar/ruby@2.7/2.7.8_1/include/ruby-2.7.0/ruby/ruby.h:2762:
/opt/homebrew/Cellar/ruby@2.7/2.7.8_1/include/ruby-2.7.0/ruby/backward.h:42:1: warning: unknown attribute '__error__' ignored [-Wunknown-attributes]
DECLARE_DEPRECATED_INTERNAL_FEATURE(rb_compile_error);
^~~~~~~~~~~~~~~~~~~~~~~~~~~~~~~~~~~~~~~~~~~~~~~~~~~~~
/opt/homebrew/Cellar/ruby@2.7/2.7.8_1/include/ruby-2.7.0/ruby/backward.h:35:14: note: expanded from macro 'DECLARE_DEPRECATED_INTERNAL_FEATURE'
    NORETURN(ERRORFUNC(("deprecated internal function"), DEPRECATED(void func(void))))
    ~~~~~~~~~^~~~~~~~~~~~~~~~~~~~~~~~~~~~~~~~~~~~~~~~~~~~~~~~~~~~~~~~~~~~~~~~~~~~~~~~~
/opt/homebrew/Cellar/ruby@2.7/2.7.8_1/include/ruby-2.7.0/arm64-darwin22/ruby/config.h:160:43: note: expanded from macro 'ERRORFUNC'
#define ERRORFUNC(mesg,x) __attribute__ ((__error__ mesg)) x
                                          ^
/opt/homebrew/Cellar/ruby@2.7/2.7.8_1/include/ruby-2.7.0/arm64-darwin22/ruby/config.h:149:52: note: expanded from macro 'NORETURN'
#define NORETURN(x) __attribute__ ((__noreturn__)) x
                                                   ^
In file included from conftest.c:1:
In file included from /opt/homebrew/Cellar/ruby@2.7/2.7.8_1/include/ruby-2.7.0/ruby.h:33:
In file included from /opt/homebrew/Cellar/ruby@2.7/2.7.8_1/include/ruby-2.7.0/ruby/ruby.h:2762:
/opt/homebrew/Cellar/ruby@2.7/2.7.8_1/include/ruby-2.7.0/ruby/backward.h:43:1: warning: unknown attribute '__error__' ignored [-Wunknown-attributes]
DECLARE_DEPRECATED_INTERNAL_FEATURE(rb_compile_error_with_enc);
^~~~~~~~~~~~~~~~~~~~~~~~~~~~~~~~~~~~~~~~~~~~~~~~~~~~~~~~~~~~~~
/opt/homebrew/Cellar/ruby@2.7/2.7.8_1/include/ruby-2.7.0/ruby/backward.h:35:14: note: expanded from macro 'DECLARE_DEPRECATED_INTERNAL_FEATURE'
    NORETURN(ERRORFUNC(("deprecated internal function"), DEPRECATED(void func(void))))
    ~~~~~~~~~^~~~~~~~~~~~~~~~~~~~~~~~~~~~~~~~~~~~~~~~~~~~~~~~~~~~~~~~~~~~~~~~~~~~~~~~~
/opt/homebrew/Cellar/ruby@2.7/2.7.8_1/include/ruby-2.7.0/arm64-darwin22/ruby/config.h:160:43: note: expanded from macro 'ERRORFUNC'
#define ERRORFUNC(mesg,x) __attribute__ ((__error__ mesg)) x
                                          ^
/opt/homebrew/Cellar/ruby@2.7/2.7.8_1/include/ruby-2.7.0/arm64-darwin22/ruby/config.h:149:52: note: expanded from macro 'NORETURN'
#define NORETURN(x) __attribute__ ((__noreturn__)) x
                                                   ^
In file included from conftest.c:1:
In file included from /opt/homebrew/Cellar/ruby@2.7/2.7.8_1/include/ruby-2.7.0/ruby.h:33:
In file included from /opt/homebrew/Cellar/ruby@2.7/2.7.8_1/include/ruby-2.7.0/ruby/ruby.h:2762:
/opt/homebrew/Cellar/ruby@2.7/2.7.8_1/include/ruby-2.7.0/ruby/backward.h:44:1: warning: unknown attribute '__error__' ignored [-Wunknown-attributes]
DECLARE_DEPRECATED_INTERNAL_FEATURE(rb_compile_error_append);
^~~~~~~~~~~~~~~~~~~~~~~~~~~~~~~~~~~~~~~~~~~~~~~~~~~~~~~~~~~~
/opt/homebrew/Cellar/ruby@2.7/2.7.8_1/include/ruby-2.7.0/ruby/backward.h:35:14: note: expanded from macro 'DECLARE_DEPRECATED_INTERNAL_FEATURE'
    NORETURN(ERRORFUNC(("deprecated internal function"), DEPRECATED(void func(void))))
    ~~~~~~~~~^~~~~~~~~~~~~~~~~~~~~~~~~~~~~~~~~~~~~~~~~~~~~~~~~~~~~~~~~~~~~~~~~~~~~~~~~
/opt/homebrew/Cellar/ruby@2.7/2.7.8_1/include/ruby-2.7.0/arm64-darwin22/ruby/config.h:160:43: note: expanded from macro 'ERRORFUNC'
#define ERRORFUNC(mesg,x) __attribute__ ((__error__ mesg)) x
                                          ^
/opt/homebrew/Cellar/ruby@2.7/2.7.8_1/include/ruby-2.7.0/arm64-darwin22/ruby/config.h:149:52: note: expanded from macro 'NORETURN'
#define NORETURN(x) __attribute__ ((__noreturn__)) x
                                                   ^
In file included from conftest.c:1:
In file included from /opt/homebrew/Cellar/ruby@2.7/2.7.8_1/include/ruby-2.7.0/ruby.h:33:
In file included from /opt/homebrew/Cellar/ruby@2.7/2.7.8_1/include/ruby-2.7.0/ruby/ruby.h:2762:
/opt/homebrew/Cellar/ruby@2.7/2.7.8_1/include/ruby-2.7.0/ruby/backward.h:47:1: warning: unknown attribute '__error__' ignored [-Wunknown-attributes]
DECLARE_DEPRECATED_INTERNAL_FEATURE(rb_gc_call_finalizer_at_exit);
^~~~~~~~~~~~~~~~~~~~~~~~~~~~~~~~~~~~~~~~~~~~~~~~~~~~~~~~~~~~~~~~~
/opt/homebrew/Cellar/ruby@2.7/2.7.8_1/include/ruby-2.7.0/ruby/backward.h:35:14: note: expanded from macro 'DECLARE_DEPRECATED_INTERNAL_FEATURE'
    NORETURN(ERRORFUNC(("deprecated internal function"), DEPRECATED(void func(void))))
    ~~~~~~~~~^~~~~~~~~~~~~~~~~~~~~~~~~~~~~~~~~~~~~~~~~~~~~~~~~~~~~~~~~~~~~~~~~~~~~~~~~
/opt/homebrew/Cellar/ruby@2.7/2.7.8_1/include/ruby-2.7.0/arm64-darwin22/ruby/config.h:160:43: note: expanded from macro 'ERRORFUNC'
#define ERRORFUNC(mesg,x) __attribute__ ((__error__ mesg)) x
                                          ^
/opt/homebrew/Cellar/ruby@2.7/2.7.8_1/include/ruby-2.7.0/arm64-darwin22/ruby/config.h:149:52: note: expanded from macro 'NORETURN'
#define NORETURN(x) __attribute__ ((__noreturn__)) x
                                                   ^
In file included from conftest.c:1:
In file included from /opt/homebrew/Cellar/ruby@2.7/2.7.8_1/include/ruby-2.7.0/ruby.h:33:
In file included from /opt/homebrew/Cellar/ruby@2.7/2.7.8_1/include/ruby-2.7.0/ruby/ruby.h:2762:
/opt/homebrew/Cellar/ruby@2.7/2.7.8_1/include/ruby-2.7.0/ruby/backward.h:50:1: warning: unknown attribute '__error__' ignored [-Wunknown-attributes]
DECLARE_DEPRECATED_INTERNAL_FEATURE(rb_trap_exit);
^~~~~~~~~~~~~~~~~~~~~~~~~~~~~~~~~~~~~~~~~~~~~~~~~
/opt/homebrew/Cellar/ruby@2.7/2.7.8_1/include/ruby-2.7.0/ruby/backward.h:35:14: note: expanded from macro 'DECLARE_DEPRECATED_INTERNAL_FEATURE'
    NORETURN(ERRORFUNC(("deprecated internal function"), DEPRECATED(void func(void))))
    ~~~~~~~~~^~~~~~~~~~~~~~~~~~~~~~~~~~~~~~~~~~~~~~~~~~~~~~~~~~~~~~~~~~~~~~~~~~~~~~~~~
/opt/homebrew/Cellar/ruby@2.7/2.7.8_1/include/ruby-2.7.0/arm64-darwin22/ruby/config.h:160:43: note: expanded from macro 'ERRORFUNC'
#define ERRORFUNC(mesg,x) __attribute__ ((__error__ mesg)) x
                                          ^
/opt/homebrew/Cellar/ruby@2.7/2.7.8_1/include/ruby-2.7.0/arm64-darwin22/ruby/config.h:149:52: note: expanded from macro 'NORETURN'
#define NORETURN(x) __attribute__ ((__noreturn__)) x
                                                   ^
In file included from conftest.c:1:
In file included from /opt/homebrew/Cellar/ruby@2.7/2.7.8_1/include/ruby-2.7.0/ruby.h:33:
In file included from /opt/homebrew/Cellar/ruby@2.7/2.7.8_1/include/ruby-2.7.0/ruby/ruby.h:2762:
/opt/homebrew/Cellar/ruby@2.7/2.7.8_1/include/ruby-2.7.0/ruby/backward.h:53:1: warning: unknown attribute '__error__' ignored [-Wunknown-attributes]
DECLARE_DEPRECATED_INTERNAL_FEATURE(rb_struct_ptr);
^~~~~~~~~~~~~~~~~~~~~~~~~~~~~~~~~~~~~~~~~~~~~~~~~~
/opt/homebrew/Cellar/ruby@2.7/2.7.8_1/include/ruby-2.7.0/ruby/backward.h:35:14: note: expanded from macro 'DECLARE_DEPRECATED_INTERNAL_FEATURE'
    NORETURN(ERRORFUNC(("deprecated internal function"), DEPRECATED(void func(void))))
    ~~~~~~~~~^~~~~~~~~~~~~~~~~~~~~~~~~~~~~~~~~~~~~~~~~~~~~~~~~~~~~~~~~~~~~~~~~~~~~~~~~
/opt/homebrew/Cellar/ruby@2.7/2.7.8_1/include/ruby-2.7.0/arm64-darwin22/ruby/config.h:160:43: note: expanded from macro 'ERRORFUNC'
#define ERRORFUNC(mesg,x) __attribute__ ((__error__ mesg)) x
                                          ^
/opt/homebrew/Cellar/ruby@2.7/2.7.8_1/include/ruby-2.7.0/arm64-darwin22/ruby/config.h:149:52: note: expanded from macro 'NORETURN'
#define NORETURN(x) __attribute__ ((__noreturn__)) x
                                                   ^
In file included from conftest.c:1:
In file included from /opt/homebrew/Cellar/ruby@2.7/2.7.8_1/include/ruby-2.7.0/ruby.h:33:
In file included from /opt/homebrew/Cellar/ruby@2.7/2.7.8_1/include/ruby-2.7.0/ruby/ruby.h:2762:
/opt/homebrew/Cellar/ruby@2.7/2.7.8_1/include/ruby-2.7.0/ruby/backward.h:56:1: warning: unknown attribute '__error__' ignored [-Wunknown-attributes]
DECLARE_DEPRECATED_INTERNAL_FEATURE(rb_clear_trace_func);
^~~~~~~~~~~~~~~~~~~~~~~~~~~~~~~~~~~~~~~~~~~~~~~~~~~~~~~~
/opt/homebrew/Cellar/ruby@2.7/2.7.8_1/include/ruby-2.7.0/ruby/backward.h:35:14: note: expanded from macro 'DECLARE_DEPRECATED_INTERNAL_FEATURE'
    NORETURN(ERRORFUNC(("deprecated internal function"), DEPRECATED(void func(void))))
    ~~~~~~~~~^~~~~~~~~~~~~~~~~~~~~~~~~~~~~~~~~~~~~~~~~~~~~~~~~~~~~~~~~~~~~~~~~~~~~~~~~
/opt/homebrew/Cellar/ruby@2.7/2.7.8_1/include/ruby-2.7.0/arm64-darwin22/ruby/config.h:160:43: note: expanded from macro 'ERRORFUNC'
#define ERRORFUNC(mesg,x) __attribute__ ((__error__ mesg)) x
                                          ^
/opt/homebrew/Cellar/ruby@2.7/2.7.8_1/include/ruby-2.7.0/arm64-darwin22/ruby/config.h:149:52: note: expanded from macro 'NORETURN'
#define NORETURN(x) __attribute__ ((__noreturn__)) x
                                                   ^
In file included from conftest.c:1:
In file included from /opt/homebrew/Cellar/ruby@2.7/2.7.8_1/include/ruby-2.7.0/ruby.h:33:
In file included from /opt/homebrew/Cellar/ruby@2.7/2.7.8_1/include/ruby-2.7.0/ruby/ruby.h:2762:
/opt/homebrew/Cellar/ruby@2.7/2.7.8_1/include/ruby-2.7.0/ruby/backward.h:59:1: warning: unknown attribute '__error__' ignored [-Wunknown-attributes]
DECLARE_DEPRECATED_INTERNAL_FEATURE(rb_generic_ivar_table);
^~~~~~~~~~~~~~~~~~~~~~~~~~~~~~~~~~~~~~~~~~~~~~~~~~~~~~~~~~
/opt/homebrew/Cellar/ruby@2.7/2.7.8_1/include/ruby-2.7.0/ruby/backward.h:35:14: note: expanded from macro 'DECLARE_DEPRECATED_INTERNAL_FEATURE'
    NORETURN(ERRORFUNC(("deprecated internal function"), DEPRECATED(void func(void))))
    ~~~~~~~~~^~~~~~~~~~~~~~~~~~~~~~~~~~~~~~~~~~~~~~~~~~~~~~~~~~~~~~~~~~~~~~~~~~~~~~~~~
/opt/homebrew/Cellar/ruby@2.7/2.7.8_1/include/ruby-2.7.0/arm64-darwin22/ruby/config.h:160:43: note: expanded from macro 'ERRORFUNC'
#define ERRORFUNC(mesg,x) __attribute__ ((__error__ mesg)) x
                                          ^
/opt/homebrew/Cellar/ruby@2.7/2.7.8_1/include/ruby-2.7.0/arm64-darwin22/ruby/config.h:149:52: note: expanded from macro 'NORETURN'
#define NORETURN(x) __attribute__ ((__noreturn__)) x
                                                   ^
In file included from conftest.c:1:
In file included from /opt/homebrew/Cellar/ruby@2.7/2.7.8_1/include/ruby-2.7.0/ruby.h:33:
In file included from /opt/homebrew/Cellar/ruby@2.7/2.7.8_1/include/ruby-2.7.0/ruby/ruby.h:2762:
/opt/homebrew/Cellar/ruby@2.7/2.7.8_1/include/ruby-2.7.0/ruby/backward.h:60:10: warning: unknown attribute '__error__' ignored [-Wunknown-attributes]
NORETURN(ERRORFUNC(("internal function"), VALUE rb_mod_const_missing(VALUE, VALUE)));
~~~~~~~~~^~~~~~~~~~~~~~~~~~~~~~~~~~~~~~~~~~~~~~~~~~~~~~~~~~~~~~~~~~~~~~~~~~~~~~~~~~~
/opt/homebrew/Cellar/ruby@2.7/2.7.8_1/include/ruby-2.7.0/arm64-darwin22/ruby/config.h:160:43: note: expanded from macro 'ERRORFUNC'
#define ERRORFUNC(mesg,x) __attribute__ ((__error__ mesg)) x
                                          ^
/opt/homebrew/Cellar/ruby@2.7/2.7.8_1/include/ruby-2.7.0/arm64-darwin22/ruby/config.h:149:52: note: expanded from macro 'NORETURN'
#define NORETURN(x) __attribute__ ((__noreturn__)) x
                                                   ^
22 warnings generated.
checked program was:
/* begin */
 1: #include "ruby.h"
 2: 
 3: /*top*/
 4: extern int t(void);
 5: int main(int argc, char **argv)
 6: {
 7:   if (argc > 1000000) {
 8:     int (* volatile tp)(void)=(int (*)(void))&t;
 9:     printf("%d", (*tp)());
10:   }
11: 
12:   return !!argv[argc];
13: }
14: extern void ffi_prep_cif_var();
15: int t(void) { ffi_prep_cif_var(); return 0; }
/* end */

--------------------

have_func: checking for ffi_raw_call()... -------------------- yes

"clang -o conftest -I/opt/homebrew/Cellar/ruby@2.7/2.7.8_1/include/ruby-2.7.0/arm64-darwin22 -I/opt/homebrew/Cellar/ruby@2.7/2.7.8_1/include/ruby-2.7.0/ruby/backward -I/opt/homebrew/Cellar/ruby@2.7/2.7.8_1/include/ruby-2.7.0 -I. -I/Library/Developer/CommandLineTools/SDKs/MacOSX.sdk/usr/include/ffi  -I/opt/homebrew/opt/libyaml/include -I/opt/homebrew/opt/openssl@3/include -I/opt/homebrew/opt/readline/include -D_XOPEN_SOURCE -D_DARWIN_C_SOURCE -D_DARWIN_UNLIMITED_SELECT -D_REENTRANT   -g -O2 -fno-common -pipe conftest.c  -L. -L/opt/homebrew/Cellar/ruby@2.7/2.7.8_1/lib -L/opt/homebrew/opt/libyaml/lib -L/opt/homebrew/opt/openssl@3/lib -L/opt/homebrew/opt/readline/lib -L. -fstack-protector-strong -L/opt/homebrew/lib -L/opt/homebrew/opt/libyaml/lib -L/opt/homebrew/opt/openssl@3/lib -L/opt/homebrew/opt/readline/lib  -m64  -lffi  -lruby.2.7 -lffi   "
In file included from conftest.c:1:
In file included from /opt/homebrew/Cellar/ruby@2.7/2.7.8_1/include/ruby-2.7.0/ruby.h:33:
/opt/homebrew/Cellar/ruby@2.7/2.7.8_1/include/ruby-2.7.0/ruby/ruby.h:1865:1: warning: unknown attribute '__error__' ignored [-Wunknown-attributes]
ERRORFUNC((" argument length doesn't match"), int rb_varargs_bad_length(int,int));
^~~~~~~~~~~~~~~~~~~~~~~~~~~~~~~~~~~~~~~~~~~~~~~~~~~~~~~~~~~~~~~~~~~~~~~~~~~~~~~~~
/opt/homebrew/Cellar/ruby@2.7/2.7.8_1/include/ruby-2.7.0/arm64-darwin22/ruby/config.h:160:43: note: expanded from macro 'ERRORFUNC'
#define ERRORFUNC(mesg,x) __attribute__ ((__error__ mesg)) x
                                          ^~~~~~~~~~~~~~
In file included from conftest.c:1:
In file included from /opt/homebrew/Cellar/ruby@2.7/2.7.8_1/include/ruby-2.7.0/ruby.h:33:
/opt/homebrew/Cellar/ruby@2.7/2.7.8_1/include/ruby-2.7.0/ruby/ruby.h:2347:1: warning: unknown attribute '__error__' ignored [-Wunknown-attributes]
ERRORFUNC(("bad scan arg format"), void rb_scan_args_bad_format(const char*));
^~~~~~~~~~~~~~~~~~~~~~~~~~~~~~~~~~~~~~~~~~~~~~~~~~~~~~~~~~~~~~~~~~~~~~~~~~~~~
/opt/homebrew/Cellar/ruby@2.7/2.7.8_1/include/ruby-2.7.0/arm64-darwin22/ruby/config.h:160:43: note: expanded from macro 'ERRORFUNC'
#define ERRORFUNC(mesg,x) __attribute__ ((__error__ mesg)) x
                                          ^~~~~~~~~~~~~~
In file included from conftest.c:1:
In file included from /opt/homebrew/Cellar/ruby@2.7/2.7.8_1/include/ruby-2.7.0/ruby.h:33:
/opt/homebrew/Cellar/ruby@2.7/2.7.8_1/include/ruby-2.7.0/ruby/ruby.h:2348:1: warning: unknown attribute '__error__' ignored [-Wunknown-attributes]
ERRORFUNC(("variable argument length doesn't match"), void rb_scan_args_length_mismatch(const char*,int));
^~~~~~~~~~~~~~~~~~~~~~~~~~~~~~~~~~~~~~~~~~~~~~~~~~~~~~~~~~~~~~~~~~~~~~~~~~~~~~~~~~~~~~~~~~~~~~~~~~~~~~~~~
/opt/homebrew/Cellar/ruby@2.7/2.7.8_1/include/ruby-2.7.0/arm64-darwin22/ruby/config.h:160:43: note: expanded from macro 'ERRORFUNC'
#define ERRORFUNC(mesg,x) __attribute__ ((__error__ mesg)) x
                                          ^~~~~~~~~~~~~~
In file included from conftest.c:1:
In file included from /opt/homebrew/Cellar/ruby@2.7/2.7.8_1/include/ruby-2.7.0/ruby.h:33:
In file included from /opt/homebrew/Cellar/ruby@2.7/2.7.8_1/include/ruby-2.7.0/ruby/ruby.h:2762:
/opt/homebrew/Cellar/ruby@2.7/2.7.8_1/include/ruby-2.7.0/ruby/backward.h:16:1: warning: unknown attribute '__error__' ignored [-Wunknown-attributes]
DECLARE_DEPRECATED_FEATURE(2.2, rb_disable_super);
^~~~~~~~~~~~~~~~~~~~~~~~~~~~~~~~~~~~~~~~~~~~~~~~~
/opt/homebrew/Cellar/ruby@2.7/2.7.8_1/include/ruby-2.7.0/ruby/backward.h:13:14: note: expanded from macro 'DECLARE_DEPRECATED_FEATURE'
    NORETURN(ERRORFUNC(("deprecated since "#ver), DEPRECATED(void func(void))))
    ~~~~~~~~~^~~~~~~~~~~~~~~~~~~~~~~~~~~~~~~~~~~~~~~~~~~~~~~~~~~~~~~~~~~~~~~~~~
/opt/homebrew/Cellar/ruby@2.7/2.7.8_1/include/ruby-2.7.0/arm64-darwin22/ruby/config.h:160:43: note: expanded from macro 'ERRORFUNC'
#define ERRORFUNC(mesg,x) __attribute__ ((__error__ mesg)) x
                                          ^
/opt/homebrew/Cellar/ruby@2.7/2.7.8_1/include/ruby-2.7.0/arm64-darwin22/ruby/config.h:149:52: note: expanded from macro 'NORETURN'
#define NORETURN(x) __attribute__ ((__noreturn__)) x
                                                   ^
In file included from conftest.c:1:
In file included from /opt/homebrew/Cellar/ruby@2.7/2.7.8_1/include/ruby-2.7.0/ruby.h:33:
In file included from /opt/homebrew/Cellar/ruby@2.7/2.7.8_1/include/ruby-2.7.0/ruby/ruby.h:2762:
/opt/homebrew/Cellar/ruby@2.7/2.7.8_1/include/ruby-2.7.0/ruby/backward.h:17:1: warning: unknown attribute '__error__' ignored [-Wunknown-attributes]
DECLARE_DEPRECATED_FEATURE(2.2, rb_enable_super);
^~~~~~~~~~~~~~~~~~~~~~~~~~~~~~~~~~~~~~~~~~~~~~~~
/opt/homebrew/Cellar/ruby@2.7/2.7.8_1/include/ruby-2.7.0/ruby/backward.h:13:14: note: expanded from macro 'DECLARE_DEPRECATED_FEATURE'
    NORETURN(ERRORFUNC(("deprecated since "#ver), DEPRECATED(void func(void))))
    ~~~~~~~~~^~~~~~~~~~~~~~~~~~~~~~~~~~~~~~~~~~~~~~~~~~~~~~~~~~~~~~~~~~~~~~~~~~
/opt/homebrew/Cellar/ruby@2.7/2.7.8_1/include/ruby-2.7.0/arm64-darwin22/ruby/config.h:160:43: note: expanded from macro 'ERRORFUNC'
#define ERRORFUNC(mesg,x) __attribute__ ((__error__ mesg)) x
                                          ^
/opt/homebrew/Cellar/ruby@2.7/2.7.8_1/include/ruby-2.7.0/arm64-darwin22/ruby/config.h:149:52: note: expanded from macro 'NORETURN'
#define NORETURN(x) __attribute__ ((__noreturn__)) x
                                                   ^
In file included from conftest.c:1:
In file included from /opt/homebrew/Cellar/ruby@2.7/2.7.8_1/include/ruby-2.7.0/ruby.h:33:
In file included from /opt/homebrew/Cellar/ruby@2.7/2.7.8_1/include/ruby-2.7.0/ruby/ruby.h:2762:
/opt/homebrew/Cellar/ruby@2.7/2.7.8_1/include/ruby-2.7.0/ruby/backward.h:20:1: warning: unknown attribute '__error__' ignored [-Wunknown-attributes]
DECLARE_DEPRECATED_FEATURE(2.2, rb_hash_iter_lev);
^~~~~~~~~~~~~~~~~~~~~~~~~~~~~~~~~~~~~~~~~~~~~~~~~
/opt/homebrew/Cellar/ruby@2.7/2.7.8_1/include/ruby-2.7.0/ruby/backward.h:13:14: note: expanded from macro 'DECLARE_DEPRECATED_FEATURE'
    NORETURN(ERRORFUNC(("deprecated since "#ver), DEPRECATED(void func(void))))
    ~~~~~~~~~^~~~~~~~~~~~~~~~~~~~~~~~~~~~~~~~~~~~~~~~~~~~~~~~~~~~~~~~~~~~~~~~~~
/opt/homebrew/Cellar/ruby@2.7/2.7.8_1/include/ruby-2.7.0/arm64-darwin22/ruby/config.h:160:43: note: expanded from macro 'ERRORFUNC'
#define ERRORFUNC(mesg,x) __attribute__ ((__error__ mesg)) x
                                          ^
/opt/homebrew/Cellar/ruby@2.7/2.7.8_1/include/ruby-2.7.0/arm64-darwin22/ruby/config.h:149:52: note: expanded from macro 'NORETURN'
#define NORETURN(x) __attribute__ ((__noreturn__)) x
                                                   ^
In file included from conftest.c:1:
In file included from /opt/homebrew/Cellar/ruby@2.7/2.7.8_1/include/ruby-2.7.0/ruby.h:33:
In file included from /opt/homebrew/Cellar/ruby@2.7/2.7.8_1/include/ruby-2.7.0/ruby/ruby.h:2762:
/opt/homebrew/Cellar/ruby@2.7/2.7.8_1/include/ruby-2.7.0/ruby/backward.h:21:1: warning: unknown attribute '__error__' ignored [-Wunknown-attributes]
DECLARE_DEPRECATED_FEATURE(2.2, rb_hash_ifnone);
^~~~~~~~~~~~~~~~~~~~~~~~~~~~~~~~~~~~~~~~~~~~~~~
/opt/homebrew/Cellar/ruby@2.7/2.7.8_1/include/ruby-2.7.0/ruby/backward.h:13:14: note: expanded from macro 'DECLARE_DEPRECATED_FEATURE'
    NORETURN(ERRORFUNC(("deprecated since "#ver), DEPRECATED(void func(void))))
    ~~~~~~~~~^~~~~~~~~~~~~~~~~~~~~~~~~~~~~~~~~~~~~~~~~~~~~~~~~~~~~~~~~~~~~~~~~~
/opt/homebrew/Cellar/ruby@2.7/2.7.8_1/include/ruby-2.7.0/arm64-darwin22/ruby/config.h:160:43: note: expanded from macro 'ERRORFUNC'
#define ERRORFUNC(mesg,x) __attribute__ ((__error__ mesg)) x
                                          ^
/opt/homebrew/Cellar/ruby@2.7/2.7.8_1/include/ruby-2.7.0/arm64-darwin22/ruby/config.h:149:52: note: expanded from macro 'NORETURN'
#define NORETURN(x) __attribute__ ((__noreturn__)) x
                                                   ^
In file included from conftest.c:1:
In file included from /opt/homebrew/Cellar/ruby@2.7/2.7.8_1/include/ruby-2.7.0/ruby.h:33:
In file included from /opt/homebrew/Cellar/ruby@2.7/2.7.8_1/include/ruby-2.7.0/ruby/ruby.h:2762:
/opt/homebrew/Cellar/ruby@2.7/2.7.8_1/include/ruby-2.7.0/ruby/backward.h:24:1: warning: unknown attribute '__error__' ignored [-Wunknown-attributes]
DECLARE_DEPRECATED_FEATURE(2.2, rb_str_associate);
^~~~~~~~~~~~~~~~~~~~~~~~~~~~~~~~~~~~~~~~~~~~~~~~~
/opt/homebrew/Cellar/ruby@2.7/2.7.8_1/include/ruby-2.7.0/ruby/backward.h:13:14: note: expanded from macro 'DECLARE_DEPRECATED_FEATURE'
    NORETURN(ERRORFUNC(("deprecated since "#ver), DEPRECATED(void func(void))))
    ~~~~~~~~~^~~~~~~~~~~~~~~~~~~~~~~~~~~~~~~~~~~~~~~~~~~~~~~~~~~~~~~~~~~~~~~~~~
/opt/homebrew/Cellar/ruby@2.7/2.7.8_1/include/ruby-2.7.0/arm64-darwin22/ruby/config.h:160:43: note: expanded from macro 'ERRORFUNC'
#define ERRORFUNC(mesg,x) __attribute__ ((__error__ mesg)) x
                                          ^
/opt/homebrew/Cellar/ruby@2.7/2.7.8_1/include/ruby-2.7.0/arm64-darwin22/ruby/config.h:149:52: note: expanded from macro 'NORETURN'
#define NORETURN(x) __attribute__ ((__noreturn__)) x
                                                   ^
In file included from conftest.c:1:
In file included from /opt/homebrew/Cellar/ruby@2.7/2.7.8_1/include/ruby-2.7.0/ruby.h:33:
In file included from /opt/homebrew/Cellar/ruby@2.7/2.7.8_1/include/ruby-2.7.0/ruby/ruby.h:2762:
/opt/homebrew/Cellar/ruby@2.7/2.7.8_1/include/ruby-2.7.0/ruby/backward.h:25:1: warning: unknown attribute '__error__' ignored [-Wunknown-attributes]
DECLARE_DEPRECATED_FEATURE(2.2, rb_str_associated);
^~~~~~~~~~~~~~~~~~~~~~~~~~~~~~~~~~~~~~~~~~~~~~~~~~
/opt/homebrew/Cellar/ruby@2.7/2.7.8_1/include/ruby-2.7.0/ruby/backward.h:13:14: note: expanded from macro 'DECLARE_DEPRECATED_FEATURE'
    NORETURN(ERRORFUNC(("deprecated since "#ver), DEPRECATED(void func(void))))
    ~~~~~~~~~^~~~~~~~~~~~~~~~~~~~~~~~~~~~~~~~~~~~~~~~~~~~~~~~~~~~~~~~~~~~~~~~~~
/opt/homebrew/Cellar/ruby@2.7/2.7.8_1/include/ruby-2.7.0/arm64-darwin22/ruby/config.h:160:43: note: expanded from macro 'ERRORFUNC'
#define ERRORFUNC(mesg,x) __attribute__ ((__error__ mesg)) x
                                          ^
/opt/homebrew/Cellar/ruby@2.7/2.7.8_1/include/ruby-2.7.0/arm64-darwin22/ruby/config.h:149:52: note: expanded from macro 'NORETURN'
#define NORETURN(x) __attribute__ ((__noreturn__)) x
                                                   ^
In file included from conftest.c:1:
In file included from /opt/homebrew/Cellar/ruby@2.7/2.7.8_1/include/ruby-2.7.0/ruby.h:33:
In file included from /opt/homebrew/Cellar/ruby@2.7/2.7.8_1/include/ruby-2.7.0/ruby/ruby.h:2762:
/opt/homebrew/Cellar/ruby@2.7/2.7.8_1/include/ruby-2.7.0/ruby/backward.h:31:1: warning: unknown attribute '__error__' ignored [-Wunknown-attributes]
DECLARE_DEPRECATED_FEATURE(2.2, rb_clear_cache);
^~~~~~~~~~~~~~~~~~~~~~~~~~~~~~~~~~~~~~~~~~~~~~~
/opt/homebrew/Cellar/ruby@2.7/2.7.8_1/include/ruby-2.7.0/ruby/backward.h:13:14: note: expanded from macro 'DECLARE_DEPRECATED_FEATURE'
    NORETURN(ERRORFUNC(("deprecated since "#ver), DEPRECATED(void func(void))))
    ~~~~~~~~~^~~~~~~~~~~~~~~~~~~~~~~~~~~~~~~~~~~~~~~~~~~~~~~~~~~~~~~~~~~~~~~~~~
/opt/homebrew/Cellar/ruby@2.7/2.7.8_1/include/ruby-2.7.0/arm64-darwin22/ruby/config.h:160:43: note: expanded from macro 'ERRORFUNC'
#define ERRORFUNC(mesg,x) __attribute__ ((__error__ mesg)) x
                                          ^
/opt/homebrew/Cellar/ruby@2.7/2.7.8_1/include/ruby-2.7.0/arm64-darwin22/ruby/config.h:149:52: note: expanded from macro 'NORETURN'
#define NORETURN(x) __attribute__ ((__noreturn__)) x
                                                   ^
In file included from conftest.c:1:
In file included from /opt/homebrew/Cellar/ruby@2.7/2.7.8_1/include/ruby-2.7.0/ruby.h:33:
In file included from /opt/homebrew/Cellar/ruby@2.7/2.7.8_1/include/ruby-2.7.0/ruby/ruby.h:2762:
/opt/homebrew/Cellar/ruby@2.7/2.7.8_1/include/ruby-2.7.0/ruby/backward.h:32:1: warning: unknown attribute '__error__' ignored [-Wunknown-attributes]
DECLARE_DEPRECATED_FEATURE(2.2, rb_frame_pop);
^~~~~~~~~~~~~~~~~~~~~~~~~~~~~~~~~~~~~~~~~~~~~
/opt/homebrew/Cellar/ruby@2.7/2.7.8_1/include/ruby-2.7.0/ruby/backward.h:13:14: note: expanded from macro 'DECLARE_DEPRECATED_FEATURE'
    NORETURN(ERRORFUNC(("deprecated since "#ver), DEPRECATED(void func(void))))
    ~~~~~~~~~^~~~~~~~~~~~~~~~~~~~~~~~~~~~~~~~~~~~~~~~~~~~~~~~~~~~~~~~~~~~~~~~~~
/opt/homebrew/Cellar/ruby@2.7/2.7.8_1/include/ruby-2.7.0/arm64-darwin22/ruby/config.h:160:43: note: expanded from macro 'ERRORFUNC'
#define ERRORFUNC(mesg,x) __attribute__ ((__error__ mesg)) x
                                          ^
/opt/homebrew/Cellar/ruby@2.7/2.7.8_1/include/ruby-2.7.0/arm64-darwin22/ruby/config.h:149:52: note: expanded from macro 'NORETURN'
#define NORETURN(x) __attribute__ ((__noreturn__)) x
                                                   ^
In file included from conftest.c:1:
In file included from /opt/homebrew/Cellar/ruby@2.7/2.7.8_1/include/ruby-2.7.0/ruby.h:33:
In file included from /opt/homebrew/Cellar/ruby@2.7/2.7.8_1/include/ruby-2.7.0/ruby/ruby.h:2762:
/opt/homebrew/Cellar/ruby@2.7/2.7.8_1/include/ruby-2.7.0/ruby/backward.h:38:10: warning: unknown attribute '__error__' ignored [-Wunknown-attributes]
NORETURN(ERRORFUNC(("internal function"), void rb_frozen_class_p(VALUE)));
~~~~~~~~~^~~~~~~~~~~~~~~~~~~~~~~~~~~~~~~~~~~~~~~~~~~~~~~~~~~~~~~~~~~~~~~~
/opt/homebrew/Cellar/ruby@2.7/2.7.8_1/include/ruby-2.7.0/arm64-darwin22/ruby/config.h:160:43: note: expanded from macro 'ERRORFUNC'
#define ERRORFUNC(mesg,x) __attribute__ ((__error__ mesg)) x
                                          ^
/opt/homebrew/Cellar/ruby@2.7/2.7.8_1/include/ruby-2.7.0/arm64-darwin22/ruby/config.h:149:52: note: expanded from macro 'NORETURN'
#define NORETURN(x) __attribute__ ((__noreturn__)) x
                                                   ^
In file included from conftest.c:1:
In file included from /opt/homebrew/Cellar/ruby@2.7/2.7.8_1/include/ruby-2.7.0/ruby.h:33:
In file included from /opt/homebrew/Cellar/ruby@2.7/2.7.8_1/include/ruby-2.7.0/ruby/ruby.h:2762:
/opt/homebrew/Cellar/ruby@2.7/2.7.8_1/include/ruby-2.7.0/ruby/backward.h:39:1: warning: unknown attribute '__error__' ignored [-Wunknown-attributes]
DECLARE_DEPRECATED_INTERNAL_FEATURE(rb_exec_end_proc);
^~~~~~~~~~~~~~~~~~~~~~~~~~~~~~~~~~~~~~~~~~~~~~~~~~~~~
/opt/homebrew/Cellar/ruby@2.7/2.7.8_1/include/ruby-2.7.0/ruby/backward.h:35:14: note: expanded from macro 'DECLARE_DEPRECATED_INTERNAL_FEATURE'
    NORETURN(ERRORFUNC(("deprecated internal function"), DEPRECATED(void func(void))))
    ~~~~~~~~~^~~~~~~~~~~~~~~~~~~~~~~~~~~~~~~~~~~~~~~~~~~~~~~~~~~~~~~~~~~~~~~~~~~~~~~~~
/opt/homebrew/Cellar/ruby@2.7/2.7.8_1/include/ruby-2.7.0/arm64-darwin22/ruby/config.h:160:43: note: expanded from macro 'ERRORFUNC'
#define ERRORFUNC(mesg,x) __attribute__ ((__error__ mesg)) x
                                          ^
/opt/homebrew/Cellar/ruby@2.7/2.7.8_1/include/ruby-2.7.0/arm64-darwin22/ruby/config.h:149:52: note: expanded from macro 'NORETURN'
#define NORETURN(x) __attribute__ ((__noreturn__)) x
                                                   ^
In file included from conftest.c:1:
In file included from /opt/homebrew/Cellar/ruby@2.7/2.7.8_1/include/ruby-2.7.0/ruby.h:33:
In file included from /opt/homebrew/Cellar/ruby@2.7/2.7.8_1/include/ruby-2.7.0/ruby/ruby.h:2762:
/opt/homebrew/Cellar/ruby@2.7/2.7.8_1/include/ruby-2.7.0/ruby/backward.h:42:1: warning: unknown attribute '__error__' ignored [-Wunknown-attributes]
DECLARE_DEPRECATED_INTERNAL_FEATURE(rb_compile_error);
^~~~~~~~~~~~~~~~~~~~~~~~~~~~~~~~~~~~~~~~~~~~~~~~~~~~~
/opt/homebrew/Cellar/ruby@2.7/2.7.8_1/include/ruby-2.7.0/ruby/backward.h:35:14: note: expanded from macro 'DECLARE_DEPRECATED_INTERNAL_FEATURE'
    NORETURN(ERRORFUNC(("deprecated internal function"), DEPRECATED(void func(void))))
    ~~~~~~~~~^~~~~~~~~~~~~~~~~~~~~~~~~~~~~~~~~~~~~~~~~~~~~~~~~~~~~~~~~~~~~~~~~~~~~~~~~
/opt/homebrew/Cellar/ruby@2.7/2.7.8_1/include/ruby-2.7.0/arm64-darwin22/ruby/config.h:160:43: note: expanded from macro 'ERRORFUNC'
#define ERRORFUNC(mesg,x) __attribute__ ((__error__ mesg)) x
                                          ^
/opt/homebrew/Cellar/ruby@2.7/2.7.8_1/include/ruby-2.7.0/arm64-darwin22/ruby/config.h:149:52: note: expanded from macro 'NORETURN'
#define NORETURN(x) __attribute__ ((__noreturn__)) x
                                                   ^
In file included from conftest.c:1:
In file included from /opt/homebrew/Cellar/ruby@2.7/2.7.8_1/include/ruby-2.7.0/ruby.h:33:
In file included from /opt/homebrew/Cellar/ruby@2.7/2.7.8_1/include/ruby-2.7.0/ruby/ruby.h:2762:
/opt/homebrew/Cellar/ruby@2.7/2.7.8_1/include/ruby-2.7.0/ruby/backward.h:43:1: warning: unknown attribute '__error__' ignored [-Wunknown-attributes]
DECLARE_DEPRECATED_INTERNAL_FEATURE(rb_compile_error_with_enc);
^~~~~~~~~~~~~~~~~~~~~~~~~~~~~~~~~~~~~~~~~~~~~~~~~~~~~~~~~~~~~~
/opt/homebrew/Cellar/ruby@2.7/2.7.8_1/include/ruby-2.7.0/ruby/backward.h:35:14: note: expanded from macro 'DECLARE_DEPRECATED_INTERNAL_FEATURE'
    NORETURN(ERRORFUNC(("deprecated internal function"), DEPRECATED(void func(void))))
    ~~~~~~~~~^~~~~~~~~~~~~~~~~~~~~~~~~~~~~~~~~~~~~~~~~~~~~~~~~~~~~~~~~~~~~~~~~~~~~~~~~
/opt/homebrew/Cellar/ruby@2.7/2.7.8_1/include/ruby-2.7.0/arm64-darwin22/ruby/config.h:160:43: note: expanded from macro 'ERRORFUNC'
#define ERRORFUNC(mesg,x) __attribute__ ((__error__ mesg)) x
                                          ^
/opt/homebrew/Cellar/ruby@2.7/2.7.8_1/include/ruby-2.7.0/arm64-darwin22/ruby/config.h:149:52: note: expanded from macro 'NORETURN'
#define NORETURN(x) __attribute__ ((__noreturn__)) x
                                                   ^
In file included from conftest.c:1:
In file included from /opt/homebrew/Cellar/ruby@2.7/2.7.8_1/include/ruby-2.7.0/ruby.h:33:
In file included from /opt/homebrew/Cellar/ruby@2.7/2.7.8_1/include/ruby-2.7.0/ruby/ruby.h:2762:
/opt/homebrew/Cellar/ruby@2.7/2.7.8_1/include/ruby-2.7.0/ruby/backward.h:44:1: warning: unknown attribute '__error__' ignored [-Wunknown-attributes]
DECLARE_DEPRECATED_INTERNAL_FEATURE(rb_compile_error_append);
^~~~~~~~~~~~~~~~~~~~~~~~~~~~~~~~~~~~~~~~~~~~~~~~~~~~~~~~~~~~
/opt/homebrew/Cellar/ruby@2.7/2.7.8_1/include/ruby-2.7.0/ruby/backward.h:35:14: note: expanded from macro 'DECLARE_DEPRECATED_INTERNAL_FEATURE'
    NORETURN(ERRORFUNC(("deprecated internal function"), DEPRECATED(void func(void))))
    ~~~~~~~~~^~~~~~~~~~~~~~~~~~~~~~~~~~~~~~~~~~~~~~~~~~~~~~~~~~~~~~~~~~~~~~~~~~~~~~~~~
/opt/homebrew/Cellar/ruby@2.7/2.7.8_1/include/ruby-2.7.0/arm64-darwin22/ruby/config.h:160:43: note: expanded from macro 'ERRORFUNC'
#define ERRORFUNC(mesg,x) __attribute__ ((__error__ mesg)) x
                                          ^
/opt/homebrew/Cellar/ruby@2.7/2.7.8_1/include/ruby-2.7.0/arm64-darwin22/ruby/config.h:149:52: note: expanded from macro 'NORETURN'
#define NORETURN(x) __attribute__ ((__noreturn__)) x
                                                   ^
In file included from conftest.c:1:
In file included from /opt/homebrew/Cellar/ruby@2.7/2.7.8_1/include/ruby-2.7.0/ruby.h:33:
In file included from /opt/homebrew/Cellar/ruby@2.7/2.7.8_1/include/ruby-2.7.0/ruby/ruby.h:2762:
/opt/homebrew/Cellar/ruby@2.7/2.7.8_1/include/ruby-2.7.0/ruby/backward.h:47:1: warning: unknown attribute '__error__' ignored [-Wunknown-attributes]
DECLARE_DEPRECATED_INTERNAL_FEATURE(rb_gc_call_finalizer_at_exit);
^~~~~~~~~~~~~~~~~~~~~~~~~~~~~~~~~~~~~~~~~~~~~~~~~~~~~~~~~~~~~~~~~
/opt/homebrew/Cellar/ruby@2.7/2.7.8_1/include/ruby-2.7.0/ruby/backward.h:35:14: note: expanded from macro 'DECLARE_DEPRECATED_INTERNAL_FEATURE'
    NORETURN(ERRORFUNC(("deprecated internal function"), DEPRECATED(void func(void))))
    ~~~~~~~~~^~~~~~~~~~~~~~~~~~~~~~~~~~~~~~~~~~~~~~~~~~~~~~~~~~~~~~~~~~~~~~~~~~~~~~~~~
/opt/homebrew/Cellar/ruby@2.7/2.7.8_1/include/ruby-2.7.0/arm64-darwin22/ruby/config.h:160:43: note: expanded from macro 'ERRORFUNC'
#define ERRORFUNC(mesg,x) __attribute__ ((__error__ mesg)) x
                                          ^
/opt/homebrew/Cellar/ruby@2.7/2.7.8_1/include/ruby-2.7.0/arm64-darwin22/ruby/config.h:149:52: note: expanded from macro 'NORETURN'
#define NORETURN(x) __attribute__ ((__noreturn__)) x
                                                   ^
In file included from conftest.c:1:
In file included from /opt/homebrew/Cellar/ruby@2.7/2.7.8_1/include/ruby-2.7.0/ruby.h:33:
In file included from /opt/homebrew/Cellar/ruby@2.7/2.7.8_1/include/ruby-2.7.0/ruby/ruby.h:2762:
/opt/homebrew/Cellar/ruby@2.7/2.7.8_1/include/ruby-2.7.0/ruby/backward.h:50:1: warning: unknown attribute '__error__' ignored [-Wunknown-attributes]
DECLARE_DEPRECATED_INTERNAL_FEATURE(rb_trap_exit);
^~~~~~~~~~~~~~~~~~~~~~~~~~~~~~~~~~~~~~~~~~~~~~~~~
/opt/homebrew/Cellar/ruby@2.7/2.7.8_1/include/ruby-2.7.0/ruby/backward.h:35:14: note: expanded from macro 'DECLARE_DEPRECATED_INTERNAL_FEATURE'
    NORETURN(ERRORFUNC(("deprecated internal function"), DEPRECATED(void func(void))))
    ~~~~~~~~~^~~~~~~~~~~~~~~~~~~~~~~~~~~~~~~~~~~~~~~~~~~~~~~~~~~~~~~~~~~~~~~~~~~~~~~~~
/opt/homebrew/Cellar/ruby@2.7/2.7.8_1/include/ruby-2.7.0/arm64-darwin22/ruby/config.h:160:43: note: expanded from macro 'ERRORFUNC'
#define ERRORFUNC(mesg,x) __attribute__ ((__error__ mesg)) x
                                          ^
/opt/homebrew/Cellar/ruby@2.7/2.7.8_1/include/ruby-2.7.0/arm64-darwin22/ruby/config.h:149:52: note: expanded from macro 'NORETURN'
#define NORETURN(x) __attribute__ ((__noreturn__)) x
                                                   ^
In file included from conftest.c:1:
In file included from /opt/homebrew/Cellar/ruby@2.7/2.7.8_1/include/ruby-2.7.0/ruby.h:33:
In file included from /opt/homebrew/Cellar/ruby@2.7/2.7.8_1/include/ruby-2.7.0/ruby/ruby.h:2762:
/opt/homebrew/Cellar/ruby@2.7/2.7.8_1/include/ruby-2.7.0/ruby/backward.h:53:1: warning: unknown attribute '__error__' ignored [-Wunknown-attributes]
DECLARE_DEPRECATED_INTERNAL_FEATURE(rb_struct_ptr);
^~~~~~~~~~~~~~~~~~~~~~~~~~~~~~~~~~~~~~~~~~~~~~~~~~
/opt/homebrew/Cellar/ruby@2.7/2.7.8_1/include/ruby-2.7.0/ruby/backward.h:35:14: note: expanded from macro 'DECLARE_DEPRECATED_INTERNAL_FEATURE'
    NORETURN(ERRORFUNC(("deprecated internal function"), DEPRECATED(void func(void))))
    ~~~~~~~~~^~~~~~~~~~~~~~~~~~~~~~~~~~~~~~~~~~~~~~~~~~~~~~~~~~~~~~~~~~~~~~~~~~~~~~~~~
/opt/homebrew/Cellar/ruby@2.7/2.7.8_1/include/ruby-2.7.0/arm64-darwin22/ruby/config.h:160:43: note: expanded from macro 'ERRORFUNC'
#define ERRORFUNC(mesg,x) __attribute__ ((__error__ mesg)) x
                                          ^
/opt/homebrew/Cellar/ruby@2.7/2.7.8_1/include/ruby-2.7.0/arm64-darwin22/ruby/config.h:149:52: note: expanded from macro 'NORETURN'
#define NORETURN(x) __attribute__ ((__noreturn__)) x
                                                   ^
In file included from conftest.c:1:
In file included from /opt/homebrew/Cellar/ruby@2.7/2.7.8_1/include/ruby-2.7.0/ruby.h:33:
In file included from /opt/homebrew/Cellar/ruby@2.7/2.7.8_1/include/ruby-2.7.0/ruby/ruby.h:2762:
/opt/homebrew/Cellar/ruby@2.7/2.7.8_1/include/ruby-2.7.0/ruby/backward.h:56:1: warning: unknown attribute '__error__' ignored [-Wunknown-attributes]
DECLARE_DEPRECATED_INTERNAL_FEATURE(rb_clear_trace_func);
^~~~~~~~~~~~~~~~~~~~~~~~~~~~~~~~~~~~~~~~~~~~~~~~~~~~~~~~
/opt/homebrew/Cellar/ruby@2.7/2.7.8_1/include/ruby-2.7.0/ruby/backward.h:35:14: note: expanded from macro 'DECLARE_DEPRECATED_INTERNAL_FEATURE'
    NORETURN(ERRORFUNC(("deprecated internal function"), DEPRECATED(void func(void))))
    ~~~~~~~~~^~~~~~~~~~~~~~~~~~~~~~~~~~~~~~~~~~~~~~~~~~~~~~~~~~~~~~~~~~~~~~~~~~~~~~~~~
/opt/homebrew/Cellar/ruby@2.7/2.7.8_1/include/ruby-2.7.0/arm64-darwin22/ruby/config.h:160:43: note: expanded from macro 'ERRORFUNC'
#define ERRORFUNC(mesg,x) __attribute__ ((__error__ mesg)) x
                                          ^
/opt/homebrew/Cellar/ruby@2.7/2.7.8_1/include/ruby-2.7.0/arm64-darwin22/ruby/config.h:149:52: note: expanded from macro 'NORETURN'
#define NORETURN(x) __attribute__ ((__noreturn__)) x
                                                   ^
In file included from conftest.c:1:
In file included from /opt/homebrew/Cellar/ruby@2.7/2.7.8_1/include/ruby-2.7.0/ruby.h:33:
In file included from /opt/homebrew/Cellar/ruby@2.7/2.7.8_1/include/ruby-2.7.0/ruby/ruby.h:2762:
/opt/homebrew/Cellar/ruby@2.7/2.7.8_1/include/ruby-2.7.0/ruby/backward.h:59:1: warning: unknown attribute '__error__' ignored [-Wunknown-attributes]
DECLARE_DEPRECATED_INTERNAL_FEATURE(rb_generic_ivar_table);
^~~~~~~~~~~~~~~~~~~~~~~~~~~~~~~~~~~~~~~~~~~~~~~~~~~~~~~~~~
/opt/homebrew/Cellar/ruby@2.7/2.7.8_1/include/ruby-2.7.0/ruby/backward.h:35:14: note: expanded from macro 'DECLARE_DEPRECATED_INTERNAL_FEATURE'
    NORETURN(ERRORFUNC(("deprecated internal function"), DEPRECATED(void func(void))))
    ~~~~~~~~~^~~~~~~~~~~~~~~~~~~~~~~~~~~~~~~~~~~~~~~~~~~~~~~~~~~~~~~~~~~~~~~~~~~~~~~~~
/opt/homebrew/Cellar/ruby@2.7/2.7.8_1/include/ruby-2.7.0/arm64-darwin22/ruby/config.h:160:43: note: expanded from macro 'ERRORFUNC'
#define ERRORFUNC(mesg,x) __attribute__ ((__error__ mesg)) x
                                          ^
/opt/homebrew/Cellar/ruby@2.7/2.7.8_1/include/ruby-2.7.0/arm64-darwin22/ruby/config.h:149:52: note: expanded from macro 'NORETURN'
#define NORETURN(x) __attribute__ ((__noreturn__)) x
                                                   ^
In file included from conftest.c:1:
In file included from /opt/homebrew/Cellar/ruby@2.7/2.7.8_1/include/ruby-2.7.0/ruby.h:33:
In file included from /opt/homebrew/Cellar/ruby@2.7/2.7.8_1/include/ruby-2.7.0/ruby/ruby.h:2762:
/opt/homebrew/Cellar/ruby@2.7/2.7.8_1/include/ruby-2.7.0/ruby/backward.h:60:10: warning: unknown attribute '__error__' ignored [-Wunknown-attributes]
NORETURN(ERRORFUNC(("internal function"), VALUE rb_mod_const_missing(VALUE, VALUE)));
~~~~~~~~~^~~~~~~~~~~~~~~~~~~~~~~~~~~~~~~~~~~~~~~~~~~~~~~~~~~~~~~~~~~~~~~~~~~~~~~~~~~
/opt/homebrew/Cellar/ruby@2.7/2.7.8_1/include/ruby-2.7.0/arm64-darwin22/ruby/config.h:160:43: note: expanded from macro 'ERRORFUNC'
#define ERRORFUNC(mesg,x) __attribute__ ((__error__ mesg)) x
                                          ^
/opt/homebrew/Cellar/ruby@2.7/2.7.8_1/include/ruby-2.7.0/arm64-darwin22/ruby/config.h:149:52: note: expanded from macro 'NORETURN'
#define NORETURN(x) __attribute__ ((__noreturn__)) x
                                                   ^
conftest.c:14:57: error: use of undeclared identifier 'ffi_raw_call'
int t(void) { void ((*volatile p)()); p = (void ((*)()))ffi_raw_call; return !p; }
                                                        ^
22 warnings and 1 error generated.
checked program was:
/* begin */
 1: #include "ruby.h"
 2: 
 3: /*top*/
 4: extern int t(void);
 5: int main(int argc, char **argv)
 6: {
 7:   if (argc > 1000000) {
 8:     int (* volatile tp)(void)=(int (*)(void))&t;
 9:     printf("%d", (*tp)());
10:   }
11: 
12:   return !!argv[argc];
13: }
14: int t(void) { void ((*volatile p)()); p = (void ((*)()))ffi_raw_call; return !p; }
/* end */

"clang -o conftest -I/opt/homebrew/Cellar/ruby@2.7/2.7.8_1/include/ruby-2.7.0/arm64-darwin22 -I/opt/homebrew/Cellar/ruby@2.7/2.7.8_1/include/ruby-2.7.0/ruby/backward -I/opt/homebrew/Cellar/ruby@2.7/2.7.8_1/include/ruby-2.7.0 -I. -I/Library/Developer/CommandLineTools/SDKs/MacOSX.sdk/usr/include/ffi  -I/opt/homebrew/opt/libyaml/include -I/opt/homebrew/opt/openssl@3/include -I/opt/homebrew/opt/readline/include -D_XOPEN_SOURCE -D_DARWIN_C_SOURCE -D_DARWIN_UNLIMITED_SELECT -D_REENTRANT   -g -O2 -fno-common -pipe conftest.c  -L. -L/opt/homebrew/Cellar/ruby@2.7/2.7.8_1/lib -L/opt/homebrew/opt/libyaml/lib -L/opt/homebrew/opt/openssl@3/lib -L/opt/homebrew/opt/readline/lib -L. -fstack-protector-strong -L/opt/homebrew/lib -L/opt/homebrew/opt/libyaml/lib -L/opt/homebrew/opt/openssl@3/lib -L/opt/homebrew/opt/readline/lib  -m64  -lffi  -lruby.2.7 -lffi   "
In file included from conftest.c:1:
In file included from /opt/homebrew/Cellar/ruby@2.7/2.7.8_1/include/ruby-2.7.0/ruby.h:33:
/opt/homebrew/Cellar/ruby@2.7/2.7.8_1/include/ruby-2.7.0/ruby/ruby.h:1865:1: warning: unknown attribute '__error__' ignored [-Wunknown-attributes]
ERRORFUNC((" argument length doesn't match"), int rb_varargs_bad_length(int,int));
^~~~~~~~~~~~~~~~~~~~~~~~~~~~~~~~~~~~~~~~~~~~~~~~~~~~~~~~~~~~~~~~~~~~~~~~~~~~~~~~~
/opt/homebrew/Cellar/ruby@2.7/2.7.8_1/include/ruby-2.7.0/arm64-darwin22/ruby/config.h:160:43: note: expanded from macro 'ERRORFUNC'
#define ERRORFUNC(mesg,x) __attribute__ ((__error__ mesg)) x
                                          ^~~~~~~~~~~~~~
In file included from conftest.c:1:
In file included from /opt/homebrew/Cellar/ruby@2.7/2.7.8_1/include/ruby-2.7.0/ruby.h:33:
/opt/homebrew/Cellar/ruby@2.7/2.7.8_1/include/ruby-2.7.0/ruby/ruby.h:2347:1: warning: unknown attribute '__error__' ignored [-Wunknown-attributes]
ERRORFUNC(("bad scan arg format"), void rb_scan_args_bad_format(const char*));
^~~~~~~~~~~~~~~~~~~~~~~~~~~~~~~~~~~~~~~~~~~~~~~~~~~~~~~~~~~~~~~~~~~~~~~~~~~~~
/opt/homebrew/Cellar/ruby@2.7/2.7.8_1/include/ruby-2.7.0/arm64-darwin22/ruby/config.h:160:43: note: expanded from macro 'ERRORFUNC'
#define ERRORFUNC(mesg,x) __attribute__ ((__error__ mesg)) x
                                          ^~~~~~~~~~~~~~
In file included from conftest.c:1:
In file included from /opt/homebrew/Cellar/ruby@2.7/2.7.8_1/include/ruby-2.7.0/ruby.h:33:
/opt/homebrew/Cellar/ruby@2.7/2.7.8_1/include/ruby-2.7.0/ruby/ruby.h:2348:1: warning: unknown attribute '__error__' ignored [-Wunknown-attributes]
ERRORFUNC(("variable argument length doesn't match"), void rb_scan_args_length_mismatch(const char*,int));
^~~~~~~~~~~~~~~~~~~~~~~~~~~~~~~~~~~~~~~~~~~~~~~~~~~~~~~~~~~~~~~~~~~~~~~~~~~~~~~~~~~~~~~~~~~~~~~~~~~~~~~~~
/opt/homebrew/Cellar/ruby@2.7/2.7.8_1/include/ruby-2.7.0/arm64-darwin22/ruby/config.h:160:43: note: expanded from macro 'ERRORFUNC'
#define ERRORFUNC(mesg,x) __attribute__ ((__error__ mesg)) x
                                          ^~~~~~~~~~~~~~
In file included from conftest.c:1:
In file included from /opt/homebrew/Cellar/ruby@2.7/2.7.8_1/include/ruby-2.7.0/ruby.h:33:
In file included from /opt/homebrew/Cellar/ruby@2.7/2.7.8_1/include/ruby-2.7.0/ruby/ruby.h:2762:
/opt/homebrew/Cellar/ruby@2.7/2.7.8_1/include/ruby-2.7.0/ruby/backward.h:16:1: warning: unknown attribute '__error__' ignored [-Wunknown-attributes]
DECLARE_DEPRECATED_FEATURE(2.2, rb_disable_super);
^~~~~~~~~~~~~~~~~~~~~~~~~~~~~~~~~~~~~~~~~~~~~~~~~
/opt/homebrew/Cellar/ruby@2.7/2.7.8_1/include/ruby-2.7.0/ruby/backward.h:13:14: note: expanded from macro 'DECLARE_DEPRECATED_FEATURE'
    NORETURN(ERRORFUNC(("deprecated since "#ver), DEPRECATED(void func(void))))
    ~~~~~~~~~^~~~~~~~~~~~~~~~~~~~~~~~~~~~~~~~~~~~~~~~~~~~~~~~~~~~~~~~~~~~~~~~~~
/opt/homebrew/Cellar/ruby@2.7/2.7.8_1/include/ruby-2.7.0/arm64-darwin22/ruby/config.h:160:43: note: expanded from macro 'ERRORFUNC'
#define ERRORFUNC(mesg,x) __attribute__ ((__error__ mesg)) x
                                          ^
/opt/homebrew/Cellar/ruby@2.7/2.7.8_1/include/ruby-2.7.0/arm64-darwin22/ruby/config.h:149:52: note: expanded from macro 'NORETURN'
#define NORETURN(x) __attribute__ ((__noreturn__)) x
                                                   ^
In file included from conftest.c:1:
In file included from /opt/homebrew/Cellar/ruby@2.7/2.7.8_1/include/ruby-2.7.0/ruby.h:33:
In file included from /opt/homebrew/Cellar/ruby@2.7/2.7.8_1/include/ruby-2.7.0/ruby/ruby.h:2762:
/opt/homebrew/Cellar/ruby@2.7/2.7.8_1/include/ruby-2.7.0/ruby/backward.h:17:1: warning: unknown attribute '__error__' ignored [-Wunknown-attributes]
DECLARE_DEPRECATED_FEATURE(2.2, rb_enable_super);
^~~~~~~~~~~~~~~~~~~~~~~~~~~~~~~~~~~~~~~~~~~~~~~~
/opt/homebrew/Cellar/ruby@2.7/2.7.8_1/include/ruby-2.7.0/ruby/backward.h:13:14: note: expanded from macro 'DECLARE_DEPRECATED_FEATURE'
    NORETURN(ERRORFUNC(("deprecated since "#ver), DEPRECATED(void func(void))))
    ~~~~~~~~~^~~~~~~~~~~~~~~~~~~~~~~~~~~~~~~~~~~~~~~~~~~~~~~~~~~~~~~~~~~~~~~~~~
/opt/homebrew/Cellar/ruby@2.7/2.7.8_1/include/ruby-2.7.0/arm64-darwin22/ruby/config.h:160:43: note: expanded from macro 'ERRORFUNC'
#define ERRORFUNC(mesg,x) __attribute__ ((__error__ mesg)) x
                                          ^
/opt/homebrew/Cellar/ruby@2.7/2.7.8_1/include/ruby-2.7.0/arm64-darwin22/ruby/config.h:149:52: note: expanded from macro 'NORETURN'
#define NORETURN(x) __attribute__ ((__noreturn__)) x
                                                   ^
In file included from conftest.c:1:
In file included from /opt/homebrew/Cellar/ruby@2.7/2.7.8_1/include/ruby-2.7.0/ruby.h:33:
In file included from /opt/homebrew/Cellar/ruby@2.7/2.7.8_1/include/ruby-2.7.0/ruby/ruby.h:2762:
/opt/homebrew/Cellar/ruby@2.7/2.7.8_1/include/ruby-2.7.0/ruby/backward.h:20:1: warning: unknown attribute '__error__' ignored [-Wunknown-attributes]
DECLARE_DEPRECATED_FEATURE(2.2, rb_hash_iter_lev);
^~~~~~~~~~~~~~~~~~~~~~~~~~~~~~~~~~~~~~~~~~~~~~~~~
/opt/homebrew/Cellar/ruby@2.7/2.7.8_1/include/ruby-2.7.0/ruby/backward.h:13:14: note: expanded from macro 'DECLARE_DEPRECATED_FEATURE'
    NORETURN(ERRORFUNC(("deprecated since "#ver), DEPRECATED(void func(void))))
    ~~~~~~~~~^~~~~~~~~~~~~~~~~~~~~~~~~~~~~~~~~~~~~~~~~~~~~~~~~~~~~~~~~~~~~~~~~~
/opt/homebrew/Cellar/ruby@2.7/2.7.8_1/include/ruby-2.7.0/arm64-darwin22/ruby/config.h:160:43: note: expanded from macro 'ERRORFUNC'
#define ERRORFUNC(mesg,x) __attribute__ ((__error__ mesg)) x
                                          ^
/opt/homebrew/Cellar/ruby@2.7/2.7.8_1/include/ruby-2.7.0/arm64-darwin22/ruby/config.h:149:52: note: expanded from macro 'NORETURN'
#define NORETURN(x) __attribute__ ((__noreturn__)) x
                                                   ^
In file included from conftest.c:1:
In file included from /opt/homebrew/Cellar/ruby@2.7/2.7.8_1/include/ruby-2.7.0/ruby.h:33:
In file included from /opt/homebrew/Cellar/ruby@2.7/2.7.8_1/include/ruby-2.7.0/ruby/ruby.h:2762:
/opt/homebrew/Cellar/ruby@2.7/2.7.8_1/include/ruby-2.7.0/ruby/backward.h:21:1: warning: unknown attribute '__error__' ignored [-Wunknown-attributes]
DECLARE_DEPRECATED_FEATURE(2.2, rb_hash_ifnone);
^~~~~~~~~~~~~~~~~~~~~~~~~~~~~~~~~~~~~~~~~~~~~~~
/opt/homebrew/Cellar/ruby@2.7/2.7.8_1/include/ruby-2.7.0/ruby/backward.h:13:14: note: expanded from macro 'DECLARE_DEPRECATED_FEATURE'
    NORETURN(ERRORFUNC(("deprecated since "#ver), DEPRECATED(void func(void))))
    ~~~~~~~~~^~~~~~~~~~~~~~~~~~~~~~~~~~~~~~~~~~~~~~~~~~~~~~~~~~~~~~~~~~~~~~~~~~
/opt/homebrew/Cellar/ruby@2.7/2.7.8_1/include/ruby-2.7.0/arm64-darwin22/ruby/config.h:160:43: note: expanded from macro 'ERRORFUNC'
#define ERRORFUNC(mesg,x) __attribute__ ((__error__ mesg)) x
                                          ^
/opt/homebrew/Cellar/ruby@2.7/2.7.8_1/include/ruby-2.7.0/arm64-darwin22/ruby/config.h:149:52: note: expanded from macro 'NORETURN'
#define NORETURN(x) __attribute__ ((__noreturn__)) x
                                                   ^
In file included from conftest.c:1:
In file included from /opt/homebrew/Cellar/ruby@2.7/2.7.8_1/include/ruby-2.7.0/ruby.h:33:
In file included from /opt/homebrew/Cellar/ruby@2.7/2.7.8_1/include/ruby-2.7.0/ruby/ruby.h:2762:
/opt/homebrew/Cellar/ruby@2.7/2.7.8_1/include/ruby-2.7.0/ruby/backward.h:24:1: warning: unknown attribute '__error__' ignored [-Wunknown-attributes]
DECLARE_DEPRECATED_FEATURE(2.2, rb_str_associate);
^~~~~~~~~~~~~~~~~~~~~~~~~~~~~~~~~~~~~~~~~~~~~~~~~
/opt/homebrew/Cellar/ruby@2.7/2.7.8_1/include/ruby-2.7.0/ruby/backward.h:13:14: note: expanded from macro 'DECLARE_DEPRECATED_FEATURE'
    NORETURN(ERRORFUNC(("deprecated since "#ver), DEPRECATED(void func(void))))
    ~~~~~~~~~^~~~~~~~~~~~~~~~~~~~~~~~~~~~~~~~~~~~~~~~~~~~~~~~~~~~~~~~~~~~~~~~~~
/opt/homebrew/Cellar/ruby@2.7/2.7.8_1/include/ruby-2.7.0/arm64-darwin22/ruby/config.h:160:43: note: expanded from macro 'ERRORFUNC'
#define ERRORFUNC(mesg,x) __attribute__ ((__error__ mesg)) x
                                          ^
/opt/homebrew/Cellar/ruby@2.7/2.7.8_1/include/ruby-2.7.0/arm64-darwin22/ruby/config.h:149:52: note: expanded from macro 'NORETURN'
#define NORETURN(x) __attribute__ ((__noreturn__)) x
                                                   ^
In file included from conftest.c:1:
In file included from /opt/homebrew/Cellar/ruby@2.7/2.7.8_1/include/ruby-2.7.0/ruby.h:33:
In file included from /opt/homebrew/Cellar/ruby@2.7/2.7.8_1/include/ruby-2.7.0/ruby/ruby.h:2762:
/opt/homebrew/Cellar/ruby@2.7/2.7.8_1/include/ruby-2.7.0/ruby/backward.h:25:1: warning: unknown attribute '__error__' ignored [-Wunknown-attributes]
DECLARE_DEPRECATED_FEATURE(2.2, rb_str_associated);
^~~~~~~~~~~~~~~~~~~~~~~~~~~~~~~~~~~~~~~~~~~~~~~~~~
/opt/homebrew/Cellar/ruby@2.7/2.7.8_1/include/ruby-2.7.0/ruby/backward.h:13:14: note: expanded from macro 'DECLARE_DEPRECATED_FEATURE'
    NORETURN(ERRORFUNC(("deprecated since "#ver), DEPRECATED(void func(void))))
    ~~~~~~~~~^~~~~~~~~~~~~~~~~~~~~~~~~~~~~~~~~~~~~~~~~~~~~~~~~~~~~~~~~~~~~~~~~~
/opt/homebrew/Cellar/ruby@2.7/2.7.8_1/include/ruby-2.7.0/arm64-darwin22/ruby/config.h:160:43: note: expanded from macro 'ERRORFUNC'
#define ERRORFUNC(mesg,x) __attribute__ ((__error__ mesg)) x
                                          ^
/opt/homebrew/Cellar/ruby@2.7/2.7.8_1/include/ruby-2.7.0/arm64-darwin22/ruby/config.h:149:52: note: expanded from macro 'NORETURN'
#define NORETURN(x) __attribute__ ((__noreturn__)) x
                                                   ^
In file included from conftest.c:1:
In file included from /opt/homebrew/Cellar/ruby@2.7/2.7.8_1/include/ruby-2.7.0/ruby.h:33:
In file included from /opt/homebrew/Cellar/ruby@2.7/2.7.8_1/include/ruby-2.7.0/ruby/ruby.h:2762:
/opt/homebrew/Cellar/ruby@2.7/2.7.8_1/include/ruby-2.7.0/ruby/backward.h:31:1: warning: unknown attribute '__error__' ignored [-Wunknown-attributes]
DECLARE_DEPRECATED_FEATURE(2.2, rb_clear_cache);
^~~~~~~~~~~~~~~~~~~~~~~~~~~~~~~~~~~~~~~~~~~~~~~
/opt/homebrew/Cellar/ruby@2.7/2.7.8_1/include/ruby-2.7.0/ruby/backward.h:13:14: note: expanded from macro 'DECLARE_DEPRECATED_FEATURE'
    NORETURN(ERRORFUNC(("deprecated since "#ver), DEPRECATED(void func(void))))
    ~~~~~~~~~^~~~~~~~~~~~~~~~~~~~~~~~~~~~~~~~~~~~~~~~~~~~~~~~~~~~~~~~~~~~~~~~~~
/opt/homebrew/Cellar/ruby@2.7/2.7.8_1/include/ruby-2.7.0/arm64-darwin22/ruby/config.h:160:43: note: expanded from macro 'ERRORFUNC'
#define ERRORFUNC(mesg,x) __attribute__ ((__error__ mesg)) x
                                          ^
/opt/homebrew/Cellar/ruby@2.7/2.7.8_1/include/ruby-2.7.0/arm64-darwin22/ruby/config.h:149:52: note: expanded from macro 'NORETURN'
#define NORETURN(x) __attribute__ ((__noreturn__)) x
                                                   ^
In file included from conftest.c:1:
In file included from /opt/homebrew/Cellar/ruby@2.7/2.7.8_1/include/ruby-2.7.0/ruby.h:33:
In file included from /opt/homebrew/Cellar/ruby@2.7/2.7.8_1/include/ruby-2.7.0/ruby/ruby.h:2762:
/opt/homebrew/Cellar/ruby@2.7/2.7.8_1/include/ruby-2.7.0/ruby/backward.h:32:1: warning: unknown attribute '__error__' ignored [-Wunknown-attributes]
DECLARE_DEPRECATED_FEATURE(2.2, rb_frame_pop);
^~~~~~~~~~~~~~~~~~~~~~~~~~~~~~~~~~~~~~~~~~~~~
/opt/homebrew/Cellar/ruby@2.7/2.7.8_1/include/ruby-2.7.0/ruby/backward.h:13:14: note: expanded from macro 'DECLARE_DEPRECATED_FEATURE'
    NORETURN(ERRORFUNC(("deprecated since "#ver), DEPRECATED(void func(void))))
    ~~~~~~~~~^~~~~~~~~~~~~~~~~~~~~~~~~~~~~~~~~~~~~~~~~~~~~~~~~~~~~~~~~~~~~~~~~~
/opt/homebrew/Cellar/ruby@2.7/2.7.8_1/include/ruby-2.7.0/arm64-darwin22/ruby/config.h:160:43: note: expanded from macro 'ERRORFUNC'
#define ERRORFUNC(mesg,x) __attribute__ ((__error__ mesg)) x
                                          ^
/opt/homebrew/Cellar/ruby@2.7/2.7.8_1/include/ruby-2.7.0/arm64-darwin22/ruby/config.h:149:52: note: expanded from macro 'NORETURN'
#define NORETURN(x) __attribute__ ((__noreturn__)) x
                                                   ^
In file included from conftest.c:1:
In file included from /opt/homebrew/Cellar/ruby@2.7/2.7.8_1/include/ruby-2.7.0/ruby.h:33:
In file included from /opt/homebrew/Cellar/ruby@2.7/2.7.8_1/include/ruby-2.7.0/ruby/ruby.h:2762:
/opt/homebrew/Cellar/ruby@2.7/2.7.8_1/include/ruby-2.7.0/ruby/backward.h:38:10: warning: unknown attribute '__error__' ignored [-Wunknown-attributes]
NORETURN(ERRORFUNC(("internal function"), void rb_frozen_class_p(VALUE)));
~~~~~~~~~^~~~~~~~~~~~~~~~~~~~~~~~~~~~~~~~~~~~~~~~~~~~~~~~~~~~~~~~~~~~~~~~
/opt/homebrew/Cellar/ruby@2.7/2.7.8_1/include/ruby-2.7.0/arm64-darwin22/ruby/config.h:160:43: note: expanded from macro 'ERRORFUNC'
#define ERRORFUNC(mesg,x) __attribute__ ((__error__ mesg)) x
                                          ^
/opt/homebrew/Cellar/ruby@2.7/2.7.8_1/include/ruby-2.7.0/arm64-darwin22/ruby/config.h:149:52: note: expanded from macro 'NORETURN'
#define NORETURN(x) __attribute__ ((__noreturn__)) x
                                                   ^
In file included from conftest.c:1:
In file included from /opt/homebrew/Cellar/ruby@2.7/2.7.8_1/include/ruby-2.7.0/ruby.h:33:
In file included from /opt/homebrew/Cellar/ruby@2.7/2.7.8_1/include/ruby-2.7.0/ruby/ruby.h:2762:
/opt/homebrew/Cellar/ruby@2.7/2.7.8_1/include/ruby-2.7.0/ruby/backward.h:39:1: warning: unknown attribute '__error__' ignored [-Wunknown-attributes]
DECLARE_DEPRECATED_INTERNAL_FEATURE(rb_exec_end_proc);
^~~~~~~~~~~~~~~~~~~~~~~~~~~~~~~~~~~~~~~~~~~~~~~~~~~~~
/opt/homebrew/Cellar/ruby@2.7/2.7.8_1/include/ruby-2.7.0/ruby/backward.h:35:14: note: expanded from macro 'DECLARE_DEPRECATED_INTERNAL_FEATURE'
    NORETURN(ERRORFUNC(("deprecated internal function"), DEPRECATED(void func(void))))
    ~~~~~~~~~^~~~~~~~~~~~~~~~~~~~~~~~~~~~~~~~~~~~~~~~~~~~~~~~~~~~~~~~~~~~~~~~~~~~~~~~~
/opt/homebrew/Cellar/ruby@2.7/2.7.8_1/include/ruby-2.7.0/arm64-darwin22/ruby/config.h:160:43: note: expanded from macro 'ERRORFUNC'
#define ERRORFUNC(mesg,x) __attribute__ ((__error__ mesg)) x
                                          ^
/opt/homebrew/Cellar/ruby@2.7/2.7.8_1/include/ruby-2.7.0/arm64-darwin22/ruby/config.h:149:52: note: expanded from macro 'NORETURN'
#define NORETURN(x) __attribute__ ((__noreturn__)) x
                                                   ^
In file included from conftest.c:1:
In file included from /opt/homebrew/Cellar/ruby@2.7/2.7.8_1/include/ruby-2.7.0/ruby.h:33:
In file included from /opt/homebrew/Cellar/ruby@2.7/2.7.8_1/include/ruby-2.7.0/ruby/ruby.h:2762:
/opt/homebrew/Cellar/ruby@2.7/2.7.8_1/include/ruby-2.7.0/ruby/backward.h:42:1: warning: unknown attribute '__error__' ignored [-Wunknown-attributes]
DECLARE_DEPRECATED_INTERNAL_FEATURE(rb_compile_error);
^~~~~~~~~~~~~~~~~~~~~~~~~~~~~~~~~~~~~~~~~~~~~~~~~~~~~
/opt/homebrew/Cellar/ruby@2.7/2.7.8_1/include/ruby-2.7.0/ruby/backward.h:35:14: note: expanded from macro 'DECLARE_DEPRECATED_INTERNAL_FEATURE'
    NORETURN(ERRORFUNC(("deprecated internal function"), DEPRECATED(void func(void))))
    ~~~~~~~~~^~~~~~~~~~~~~~~~~~~~~~~~~~~~~~~~~~~~~~~~~~~~~~~~~~~~~~~~~~~~~~~~~~~~~~~~~
/opt/homebrew/Cellar/ruby@2.7/2.7.8_1/include/ruby-2.7.0/arm64-darwin22/ruby/config.h:160:43: note: expanded from macro 'ERRORFUNC'
#define ERRORFUNC(mesg,x) __attribute__ ((__error__ mesg)) x
                                          ^
/opt/homebrew/Cellar/ruby@2.7/2.7.8_1/include/ruby-2.7.0/arm64-darwin22/ruby/config.h:149:52: note: expanded from macro 'NORETURN'
#define NORETURN(x) __attribute__ ((__noreturn__)) x
                                                   ^
In file included from conftest.c:1:
In file included from /opt/homebrew/Cellar/ruby@2.7/2.7.8_1/include/ruby-2.7.0/ruby.h:33:
In file included from /opt/homebrew/Cellar/ruby@2.7/2.7.8_1/include/ruby-2.7.0/ruby/ruby.h:2762:
/opt/homebrew/Cellar/ruby@2.7/2.7.8_1/include/ruby-2.7.0/ruby/backward.h:43:1: warning: unknown attribute '__error__' ignored [-Wunknown-attributes]
DECLARE_DEPRECATED_INTERNAL_FEATURE(rb_compile_error_with_enc);
^~~~~~~~~~~~~~~~~~~~~~~~~~~~~~~~~~~~~~~~~~~~~~~~~~~~~~~~~~~~~~
/opt/homebrew/Cellar/ruby@2.7/2.7.8_1/include/ruby-2.7.0/ruby/backward.h:35:14: note: expanded from macro 'DECLARE_DEPRECATED_INTERNAL_FEATURE'
    NORETURN(ERRORFUNC(("deprecated internal function"), DEPRECATED(void func(void))))
    ~~~~~~~~~^~~~~~~~~~~~~~~~~~~~~~~~~~~~~~~~~~~~~~~~~~~~~~~~~~~~~~~~~~~~~~~~~~~~~~~~~
/opt/homebrew/Cellar/ruby@2.7/2.7.8_1/include/ruby-2.7.0/arm64-darwin22/ruby/config.h:160:43: note: expanded from macro 'ERRORFUNC'
#define ERRORFUNC(mesg,x) __attribute__ ((__error__ mesg)) x
                                          ^
/opt/homebrew/Cellar/ruby@2.7/2.7.8_1/include/ruby-2.7.0/arm64-darwin22/ruby/config.h:149:52: note: expanded from macro 'NORETURN'
#define NORETURN(x) __attribute__ ((__noreturn__)) x
                                                   ^
In file included from conftest.c:1:
In file included from /opt/homebrew/Cellar/ruby@2.7/2.7.8_1/include/ruby-2.7.0/ruby.h:33:
In file included from /opt/homebrew/Cellar/ruby@2.7/2.7.8_1/include/ruby-2.7.0/ruby/ruby.h:2762:
/opt/homebrew/Cellar/ruby@2.7/2.7.8_1/include/ruby-2.7.0/ruby/backward.h:44:1: warning: unknown attribute '__error__' ignored [-Wunknown-attributes]
DECLARE_DEPRECATED_INTERNAL_FEATURE(rb_compile_error_append);
^~~~~~~~~~~~~~~~~~~~~~~~~~~~~~~~~~~~~~~~~~~~~~~~~~~~~~~~~~~~
/opt/homebrew/Cellar/ruby@2.7/2.7.8_1/include/ruby-2.7.0/ruby/backward.h:35:14: note: expanded from macro 'DECLARE_DEPRECATED_INTERNAL_FEATURE'
    NORETURN(ERRORFUNC(("deprecated internal function"), DEPRECATED(void func(void))))
    ~~~~~~~~~^~~~~~~~~~~~~~~~~~~~~~~~~~~~~~~~~~~~~~~~~~~~~~~~~~~~~~~~~~~~~~~~~~~~~~~~~
/opt/homebrew/Cellar/ruby@2.7/2.7.8_1/include/ruby-2.7.0/arm64-darwin22/ruby/config.h:160:43: note: expanded from macro 'ERRORFUNC'
#define ERRORFUNC(mesg,x) __attribute__ ((__error__ mesg)) x
                                          ^
/opt/homebrew/Cellar/ruby@2.7/2.7.8_1/include/ruby-2.7.0/arm64-darwin22/ruby/config.h:149:52: note: expanded from macro 'NORETURN'
#define NORETURN(x) __attribute__ ((__noreturn__)) x
                                                   ^
In file included from conftest.c:1:
In file included from /opt/homebrew/Cellar/ruby@2.7/2.7.8_1/include/ruby-2.7.0/ruby.h:33:
In file included from /opt/homebrew/Cellar/ruby@2.7/2.7.8_1/include/ruby-2.7.0/ruby/ruby.h:2762:
/opt/homebrew/Cellar/ruby@2.7/2.7.8_1/include/ruby-2.7.0/ruby/backward.h:47:1: warning: unknown attribute '__error__' ignored [-Wunknown-attributes]
DECLARE_DEPRECATED_INTERNAL_FEATURE(rb_gc_call_finalizer_at_exit);
^~~~~~~~~~~~~~~~~~~~~~~~~~~~~~~~~~~~~~~~~~~~~~~~~~~~~~~~~~~~~~~~~
/opt/homebrew/Cellar/ruby@2.7/2.7.8_1/include/ruby-2.7.0/ruby/backward.h:35:14: note: expanded from macro 'DECLARE_DEPRECATED_INTERNAL_FEATURE'
    NORETURN(ERRORFUNC(("deprecated internal function"), DEPRECATED(void func(void))))
    ~~~~~~~~~^~~~~~~~~~~~~~~~~~~~~~~~~~~~~~~~~~~~~~~~~~~~~~~~~~~~~~~~~~~~~~~~~~~~~~~~~
/opt/homebrew/Cellar/ruby@2.7/2.7.8_1/include/ruby-2.7.0/arm64-darwin22/ruby/config.h:160:43: note: expanded from macro 'ERRORFUNC'
#define ERRORFUNC(mesg,x) __attribute__ ((__error__ mesg)) x
                                          ^
/opt/homebrew/Cellar/ruby@2.7/2.7.8_1/include/ruby-2.7.0/arm64-darwin22/ruby/config.h:149:52: note: expanded from macro 'NORETURN'
#define NORETURN(x) __attribute__ ((__noreturn__)) x
                                                   ^
In file included from conftest.c:1:
In file included from /opt/homebrew/Cellar/ruby@2.7/2.7.8_1/include/ruby-2.7.0/ruby.h:33:
In file included from /opt/homebrew/Cellar/ruby@2.7/2.7.8_1/include/ruby-2.7.0/ruby/ruby.h:2762:
/opt/homebrew/Cellar/ruby@2.7/2.7.8_1/include/ruby-2.7.0/ruby/backward.h:50:1: warning: unknown attribute '__error__' ignored [-Wunknown-attributes]
DECLARE_DEPRECATED_INTERNAL_FEATURE(rb_trap_exit);
^~~~~~~~~~~~~~~~~~~~~~~~~~~~~~~~~~~~~~~~~~~~~~~~~
/opt/homebrew/Cellar/ruby@2.7/2.7.8_1/include/ruby-2.7.0/ruby/backward.h:35:14: note: expanded from macro 'DECLARE_DEPRECATED_INTERNAL_FEATURE'
    NORETURN(ERRORFUNC(("deprecated internal function"), DEPRECATED(void func(void))))
    ~~~~~~~~~^~~~~~~~~~~~~~~~~~~~~~~~~~~~~~~~~~~~~~~~~~~~~~~~~~~~~~~~~~~~~~~~~~~~~~~~~
/opt/homebrew/Cellar/ruby@2.7/2.7.8_1/include/ruby-2.7.0/arm64-darwin22/ruby/config.h:160:43: note: expanded from macro 'ERRORFUNC'
#define ERRORFUNC(mesg,x) __attribute__ ((__error__ mesg)) x
                                          ^
/opt/homebrew/Cellar/ruby@2.7/2.7.8_1/include/ruby-2.7.0/arm64-darwin22/ruby/config.h:149:52: note: expanded from macro 'NORETURN'
#define NORETURN(x) __attribute__ ((__noreturn__)) x
                                                   ^
In file included from conftest.c:1:
In file included from /opt/homebrew/Cellar/ruby@2.7/2.7.8_1/include/ruby-2.7.0/ruby.h:33:
In file included from /opt/homebrew/Cellar/ruby@2.7/2.7.8_1/include/ruby-2.7.0/ruby/ruby.h:2762:
/opt/homebrew/Cellar/ruby@2.7/2.7.8_1/include/ruby-2.7.0/ruby/backward.h:53:1: warning: unknown attribute '__error__' ignored [-Wunknown-attributes]
DECLARE_DEPRECATED_INTERNAL_FEATURE(rb_struct_ptr);
^~~~~~~~~~~~~~~~~~~~~~~~~~~~~~~~~~~~~~~~~~~~~~~~~~
/opt/homebrew/Cellar/ruby@2.7/2.7.8_1/include/ruby-2.7.0/ruby/backward.h:35:14: note: expanded from macro 'DECLARE_DEPRECATED_INTERNAL_FEATURE'
    NORETURN(ERRORFUNC(("deprecated internal function"), DEPRECATED(void func(void))))
    ~~~~~~~~~^~~~~~~~~~~~~~~~~~~~~~~~~~~~~~~~~~~~~~~~~~~~~~~~~~~~~~~~~~~~~~~~~~~~~~~~~
/opt/homebrew/Cellar/ruby@2.7/2.7.8_1/include/ruby-2.7.0/arm64-darwin22/ruby/config.h:160:43: note: expanded from macro 'ERRORFUNC'
#define ERRORFUNC(mesg,x) __attribute__ ((__error__ mesg)) x
                                          ^
/opt/homebrew/Cellar/ruby@2.7/2.7.8_1/include/ruby-2.7.0/arm64-darwin22/ruby/config.h:149:52: note: expanded from macro 'NORETURN'
#define NORETURN(x) __attribute__ ((__noreturn__)) x
                                                   ^
In file included from conftest.c:1:
In file included from /opt/homebrew/Cellar/ruby@2.7/2.7.8_1/include/ruby-2.7.0/ruby.h:33:
In file included from /opt/homebrew/Cellar/ruby@2.7/2.7.8_1/include/ruby-2.7.0/ruby/ruby.h:2762:
/opt/homebrew/Cellar/ruby@2.7/2.7.8_1/include/ruby-2.7.0/ruby/backward.h:56:1: warning: unknown attribute '__error__' ignored [-Wunknown-attributes]
DECLARE_DEPRECATED_INTERNAL_FEATURE(rb_clear_trace_func);
^~~~~~~~~~~~~~~~~~~~~~~~~~~~~~~~~~~~~~~~~~~~~~~~~~~~~~~~
/opt/homebrew/Cellar/ruby@2.7/2.7.8_1/include/ruby-2.7.0/ruby/backward.h:35:14: note: expanded from macro 'DECLARE_DEPRECATED_INTERNAL_FEATURE'
    NORETURN(ERRORFUNC(("deprecated internal function"), DEPRECATED(void func(void))))
    ~~~~~~~~~^~~~~~~~~~~~~~~~~~~~~~~~~~~~~~~~~~~~~~~~~~~~~~~~~~~~~~~~~~~~~~~~~~~~~~~~~
/opt/homebrew/Cellar/ruby@2.7/2.7.8_1/include/ruby-2.7.0/arm64-darwin22/ruby/config.h:160:43: note: expanded from macro 'ERRORFUNC'
#define ERRORFUNC(mesg,x) __attribute__ ((__error__ mesg)) x
                                          ^
/opt/homebrew/Cellar/ruby@2.7/2.7.8_1/include/ruby-2.7.0/arm64-darwin22/ruby/config.h:149:52: note: expanded from macro 'NORETURN'
#define NORETURN(x) __attribute__ ((__noreturn__)) x
                                                   ^
In file included from conftest.c:1:
In file included from /opt/homebrew/Cellar/ruby@2.7/2.7.8_1/include/ruby-2.7.0/ruby.h:33:
In file included from /opt/homebrew/Cellar/ruby@2.7/2.7.8_1/include/ruby-2.7.0/ruby/ruby.h:2762:
/opt/homebrew/Cellar/ruby@2.7/2.7.8_1/include/ruby-2.7.0/ruby/backward.h:59:1: warning: unknown attribute '__error__' ignored [-Wunknown-attributes]
DECLARE_DEPRECATED_INTERNAL_FEATURE(rb_generic_ivar_table);
^~~~~~~~~~~~~~~~~~~~~~~~~~~~~~~~~~~~~~~~~~~~~~~~~~~~~~~~~~
/opt/homebrew/Cellar/ruby@2.7/2.7.8_1/include/ruby-2.7.0/ruby/backward.h:35:14: note: expanded from macro 'DECLARE_DEPRECATED_INTERNAL_FEATURE'
    NORETURN(ERRORFUNC(("deprecated internal function"), DEPRECATED(void func(void))))
    ~~~~~~~~~^~~~~~~~~~~~~~~~~~~~~~~~~~~~~~~~~~~~~~~~~~~~~~~~~~~~~~~~~~~~~~~~~~~~~~~~~
/opt/homebrew/Cellar/ruby@2.7/2.7.8_1/include/ruby-2.7.0/arm64-darwin22/ruby/config.h:160:43: note: expanded from macro 'ERRORFUNC'
#define ERRORFUNC(mesg,x) __attribute__ ((__error__ mesg)) x
                                          ^
/opt/homebrew/Cellar/ruby@2.7/2.7.8_1/include/ruby-2.7.0/arm64-darwin22/ruby/config.h:149:52: note: expanded from macro 'NORETURN'
#define NORETURN(x) __attribute__ ((__noreturn__)) x
                                                   ^
In file included from conftest.c:1:
In file included from /opt/homebrew/Cellar/ruby@2.7/2.7.8_1/include/ruby-2.7.0/ruby.h:33:
In file included from /opt/homebrew/Cellar/ruby@2.7/2.7.8_1/include/ruby-2.7.0/ruby/ruby.h:2762:
/opt/homebrew/Cellar/ruby@2.7/2.7.8_1/include/ruby-2.7.0/ruby/backward.h:60:10: warning: unknown attribute '__error__' ignored [-Wunknown-attributes]
NORETURN(ERRORFUNC(("internal function"), VALUE rb_mod_const_missing(VALUE, VALUE)));
~~~~~~~~~^~~~~~~~~~~~~~~~~~~~~~~~~~~~~~~~~~~~~~~~~~~~~~~~~~~~~~~~~~~~~~~~~~~~~~~~~~~
/opt/homebrew/Cellar/ruby@2.7/2.7.8_1/include/ruby-2.7.0/arm64-darwin22/ruby/config.h:160:43: note: expanded from macro 'ERRORFUNC'
#define ERRORFUNC(mesg,x) __attribute__ ((__error__ mesg)) x
                                          ^
/opt/homebrew/Cellar/ruby@2.7/2.7.8_1/include/ruby-2.7.0/arm64-darwin22/ruby/config.h:149:52: note: expanded from macro 'NORETURN'
#define NORETURN(x) __attribute__ ((__noreturn__)) x
                                                   ^
22 warnings generated.
checked program was:
/* begin */
 1: #include "ruby.h"
 2: 
 3: /*top*/
 4: extern int t(void);
 5: int main(int argc, char **argv)
 6: {
 7:   if (argc > 1000000) {
 8:     int (* volatile tp)(void)=(int (*)(void))&t;
 9:     printf("%d", (*tp)());
10:   }
11: 
12:   return !!argv[argc];
13: }
14: extern void ffi_raw_call();
15: int t(void) { ffi_raw_call(); return 0; }
/* end */

--------------------

have_func: checking for ffi_prep_raw_closure()... -------------------- yes

"clang -o conftest -I/opt/homebrew/Cellar/ruby@2.7/2.7.8_1/include/ruby-2.7.0/arm64-darwin22 -I/opt/homebrew/Cellar/ruby@2.7/2.7.8_1/include/ruby-2.7.0/ruby/backward -I/opt/homebrew/Cellar/ruby@2.7/2.7.8_1/include/ruby-2.7.0 -I. -I/Library/Developer/CommandLineTools/SDKs/MacOSX.sdk/usr/include/ffi  -I/opt/homebrew/opt/libyaml/include -I/opt/homebrew/opt/openssl@3/include -I/opt/homebrew/opt/readline/include -D_XOPEN_SOURCE -D_DARWIN_C_SOURCE -D_DARWIN_UNLIMITED_SELECT -D_REENTRANT   -g -O2 -fno-common -pipe conftest.c  -L. -L/opt/homebrew/Cellar/ruby@2.7/2.7.8_1/lib -L/opt/homebrew/opt/libyaml/lib -L/opt/homebrew/opt/openssl@3/lib -L/opt/homebrew/opt/readline/lib -L. -fstack-protector-strong -L/opt/homebrew/lib -L/opt/homebrew/opt/libyaml/lib -L/opt/homebrew/opt/openssl@3/lib -L/opt/homebrew/opt/readline/lib  -m64  -lffi  -lruby.2.7 -lffi   "
In file included from conftest.c:1:
In file included from /opt/homebrew/Cellar/ruby@2.7/2.7.8_1/include/ruby-2.7.0/ruby.h:33:
/opt/homebrew/Cellar/ruby@2.7/2.7.8_1/include/ruby-2.7.0/ruby/ruby.h:1865:1: warning: unknown attribute '__error__' ignored [-Wunknown-attributes]
ERRORFUNC((" argument length doesn't match"), int rb_varargs_bad_length(int,int));
^~~~~~~~~~~~~~~~~~~~~~~~~~~~~~~~~~~~~~~~~~~~~~~~~~~~~~~~~~~~~~~~~~~~~~~~~~~~~~~~~
/opt/homebrew/Cellar/ruby@2.7/2.7.8_1/include/ruby-2.7.0/arm64-darwin22/ruby/config.h:160:43: note: expanded from macro 'ERRORFUNC'
#define ERRORFUNC(mesg,x) __attribute__ ((__error__ mesg)) x
                                          ^~~~~~~~~~~~~~
In file included from conftest.c:1:
In file included from /opt/homebrew/Cellar/ruby@2.7/2.7.8_1/include/ruby-2.7.0/ruby.h:33:
/opt/homebrew/Cellar/ruby@2.7/2.7.8_1/include/ruby-2.7.0/ruby/ruby.h:2347:1: warning: unknown attribute '__error__' ignored [-Wunknown-attributes]
ERRORFUNC(("bad scan arg format"), void rb_scan_args_bad_format(const char*));
^~~~~~~~~~~~~~~~~~~~~~~~~~~~~~~~~~~~~~~~~~~~~~~~~~~~~~~~~~~~~~~~~~~~~~~~~~~~~
/opt/homebrew/Cellar/ruby@2.7/2.7.8_1/include/ruby-2.7.0/arm64-darwin22/ruby/config.h:160:43: note: expanded from macro 'ERRORFUNC'
#define ERRORFUNC(mesg,x) __attribute__ ((__error__ mesg)) x
                                          ^~~~~~~~~~~~~~
In file included from conftest.c:1:
In file included from /opt/homebrew/Cellar/ruby@2.7/2.7.8_1/include/ruby-2.7.0/ruby.h:33:
/opt/homebrew/Cellar/ruby@2.7/2.7.8_1/include/ruby-2.7.0/ruby/ruby.h:2348:1: warning: unknown attribute '__error__' ignored [-Wunknown-attributes]
ERRORFUNC(("variable argument length doesn't match"), void rb_scan_args_length_mismatch(const char*,int));
^~~~~~~~~~~~~~~~~~~~~~~~~~~~~~~~~~~~~~~~~~~~~~~~~~~~~~~~~~~~~~~~~~~~~~~~~~~~~~~~~~~~~~~~~~~~~~~~~~~~~~~~~
/opt/homebrew/Cellar/ruby@2.7/2.7.8_1/include/ruby-2.7.0/arm64-darwin22/ruby/config.h:160:43: note: expanded from macro 'ERRORFUNC'
#define ERRORFUNC(mesg,x) __attribute__ ((__error__ mesg)) x
                                          ^~~~~~~~~~~~~~
In file included from conftest.c:1:
In file included from /opt/homebrew/Cellar/ruby@2.7/2.7.8_1/include/ruby-2.7.0/ruby.h:33:
In file included from /opt/homebrew/Cellar/ruby@2.7/2.7.8_1/include/ruby-2.7.0/ruby/ruby.h:2762:
/opt/homebrew/Cellar/ruby@2.7/2.7.8_1/include/ruby-2.7.0/ruby/backward.h:16:1: warning: unknown attribute '__error__' ignored [-Wunknown-attributes]
DECLARE_DEPRECATED_FEATURE(2.2, rb_disable_super);
^~~~~~~~~~~~~~~~~~~~~~~~~~~~~~~~~~~~~~~~~~~~~~~~~
/opt/homebrew/Cellar/ruby@2.7/2.7.8_1/include/ruby-2.7.0/ruby/backward.h:13:14: note: expanded from macro 'DECLARE_DEPRECATED_FEATURE'
    NORETURN(ERRORFUNC(("deprecated since "#ver), DEPRECATED(void func(void))))
    ~~~~~~~~~^~~~~~~~~~~~~~~~~~~~~~~~~~~~~~~~~~~~~~~~~~~~~~~~~~~~~~~~~~~~~~~~~~
/opt/homebrew/Cellar/ruby@2.7/2.7.8_1/include/ruby-2.7.0/arm64-darwin22/ruby/config.h:160:43: note: expanded from macro 'ERRORFUNC'
#define ERRORFUNC(mesg,x) __attribute__ ((__error__ mesg)) x
                                          ^
/opt/homebrew/Cellar/ruby@2.7/2.7.8_1/include/ruby-2.7.0/arm64-darwin22/ruby/config.h:149:52: note: expanded from macro 'NORETURN'
#define NORETURN(x) __attribute__ ((__noreturn__)) x
                                                   ^
In file included from conftest.c:1:
In file included from /opt/homebrew/Cellar/ruby@2.7/2.7.8_1/include/ruby-2.7.0/ruby.h:33:
In file included from /opt/homebrew/Cellar/ruby@2.7/2.7.8_1/include/ruby-2.7.0/ruby/ruby.h:2762:
/opt/homebrew/Cellar/ruby@2.7/2.7.8_1/include/ruby-2.7.0/ruby/backward.h:17:1: warning: unknown attribute '__error__' ignored [-Wunknown-attributes]
DECLARE_DEPRECATED_FEATURE(2.2, rb_enable_super);
^~~~~~~~~~~~~~~~~~~~~~~~~~~~~~~~~~~~~~~~~~~~~~~~
/opt/homebrew/Cellar/ruby@2.7/2.7.8_1/include/ruby-2.7.0/ruby/backward.h:13:14: note: expanded from macro 'DECLARE_DEPRECATED_FEATURE'
    NORETURN(ERRORFUNC(("deprecated since "#ver), DEPRECATED(void func(void))))
    ~~~~~~~~~^~~~~~~~~~~~~~~~~~~~~~~~~~~~~~~~~~~~~~~~~~~~~~~~~~~~~~~~~~~~~~~~~~
/opt/homebrew/Cellar/ruby@2.7/2.7.8_1/include/ruby-2.7.0/arm64-darwin22/ruby/config.h:160:43: note: expanded from macro 'ERRORFUNC'
#define ERRORFUNC(mesg,x) __attribute__ ((__error__ mesg)) x
                                          ^
/opt/homebrew/Cellar/ruby@2.7/2.7.8_1/include/ruby-2.7.0/arm64-darwin22/ruby/config.h:149:52: note: expanded from macro 'NORETURN'
#define NORETURN(x) __attribute__ ((__noreturn__)) x
                                                   ^
In file included from conftest.c:1:
In file included from /opt/homebrew/Cellar/ruby@2.7/2.7.8_1/include/ruby-2.7.0/ruby.h:33:
In file included from /opt/homebrew/Cellar/ruby@2.7/2.7.8_1/include/ruby-2.7.0/ruby/ruby.h:2762:
/opt/homebrew/Cellar/ruby@2.7/2.7.8_1/include/ruby-2.7.0/ruby/backward.h:20:1: warning: unknown attribute '__error__' ignored [-Wunknown-attributes]
DECLARE_DEPRECATED_FEATURE(2.2, rb_hash_iter_lev);
^~~~~~~~~~~~~~~~~~~~~~~~~~~~~~~~~~~~~~~~~~~~~~~~~
/opt/homebrew/Cellar/ruby@2.7/2.7.8_1/include/ruby-2.7.0/ruby/backward.h:13:14: note: expanded from macro 'DECLARE_DEPRECATED_FEATURE'
    NORETURN(ERRORFUNC(("deprecated since "#ver), DEPRECATED(void func(void))))
    ~~~~~~~~~^~~~~~~~~~~~~~~~~~~~~~~~~~~~~~~~~~~~~~~~~~~~~~~~~~~~~~~~~~~~~~~~~~
/opt/homebrew/Cellar/ruby@2.7/2.7.8_1/include/ruby-2.7.0/arm64-darwin22/ruby/config.h:160:43: note: expanded from macro 'ERRORFUNC'
#define ERRORFUNC(mesg,x) __attribute__ ((__error__ mesg)) x
                                          ^
/opt/homebrew/Cellar/ruby@2.7/2.7.8_1/include/ruby-2.7.0/arm64-darwin22/ruby/config.h:149:52: note: expanded from macro 'NORETURN'
#define NORETURN(x) __attribute__ ((__noreturn__)) x
                                                   ^
In file included from conftest.c:1:
In file included from /opt/homebrew/Cellar/ruby@2.7/2.7.8_1/include/ruby-2.7.0/ruby.h:33:
In file included from /opt/homebrew/Cellar/ruby@2.7/2.7.8_1/include/ruby-2.7.0/ruby/ruby.h:2762:
/opt/homebrew/Cellar/ruby@2.7/2.7.8_1/include/ruby-2.7.0/ruby/backward.h:21:1: warning: unknown attribute '__error__' ignored [-Wunknown-attributes]
DECLARE_DEPRECATED_FEATURE(2.2, rb_hash_ifnone);
^~~~~~~~~~~~~~~~~~~~~~~~~~~~~~~~~~~~~~~~~~~~~~~
/opt/homebrew/Cellar/ruby@2.7/2.7.8_1/include/ruby-2.7.0/ruby/backward.h:13:14: note: expanded from macro 'DECLARE_DEPRECATED_FEATURE'
    NORETURN(ERRORFUNC(("deprecated since "#ver), DEPRECATED(void func(void))))
    ~~~~~~~~~^~~~~~~~~~~~~~~~~~~~~~~~~~~~~~~~~~~~~~~~~~~~~~~~~~~~~~~~~~~~~~~~~~
/opt/homebrew/Cellar/ruby@2.7/2.7.8_1/include/ruby-2.7.0/arm64-darwin22/ruby/config.h:160:43: note: expanded from macro 'ERRORFUNC'
#define ERRORFUNC(mesg,x) __attribute__ ((__error__ mesg)) x
                                          ^
/opt/homebrew/Cellar/ruby@2.7/2.7.8_1/include/ruby-2.7.0/arm64-darwin22/ruby/config.h:149:52: note: expanded from macro 'NORETURN'
#define NORETURN(x) __attribute__ ((__noreturn__)) x
                                                   ^
In file included from conftest.c:1:
In file included from /opt/homebrew/Cellar/ruby@2.7/2.7.8_1/include/ruby-2.7.0/ruby.h:33:
In file included from /opt/homebrew/Cellar/ruby@2.7/2.7.8_1/include/ruby-2.7.0/ruby/ruby.h:2762:
/opt/homebrew/Cellar/ruby@2.7/2.7.8_1/include/ruby-2.7.0/ruby/backward.h:24:1: warning: unknown attribute '__error__' ignored [-Wunknown-attributes]
DECLARE_DEPRECATED_FEATURE(2.2, rb_str_associate);
^~~~~~~~~~~~~~~~~~~~~~~~~~~~~~~~~~~~~~~~~~~~~~~~~
/opt/homebrew/Cellar/ruby@2.7/2.7.8_1/include/ruby-2.7.0/ruby/backward.h:13:14: note: expanded from macro 'DECLARE_DEPRECATED_FEATURE'
    NORETURN(ERRORFUNC(("deprecated since "#ver), DEPRECATED(void func(void))))
    ~~~~~~~~~^~~~~~~~~~~~~~~~~~~~~~~~~~~~~~~~~~~~~~~~~~~~~~~~~~~~~~~~~~~~~~~~~~
/opt/homebrew/Cellar/ruby@2.7/2.7.8_1/include/ruby-2.7.0/arm64-darwin22/ruby/config.h:160:43: note: expanded from macro 'ERRORFUNC'
#define ERRORFUNC(mesg,x) __attribute__ ((__error__ mesg)) x
                                          ^
/opt/homebrew/Cellar/ruby@2.7/2.7.8_1/include/ruby-2.7.0/arm64-darwin22/ruby/config.h:149:52: note: expanded from macro 'NORETURN'
#define NORETURN(x) __attribute__ ((__noreturn__)) x
                                                   ^
In file included from conftest.c:1:
In file included from /opt/homebrew/Cellar/ruby@2.7/2.7.8_1/include/ruby-2.7.0/ruby.h:33:
In file included from /opt/homebrew/Cellar/ruby@2.7/2.7.8_1/include/ruby-2.7.0/ruby/ruby.h:2762:
/opt/homebrew/Cellar/ruby@2.7/2.7.8_1/include/ruby-2.7.0/ruby/backward.h:25:1: warning: unknown attribute '__error__' ignored [-Wunknown-attributes]
DECLARE_DEPRECATED_FEATURE(2.2, rb_str_associated);
^~~~~~~~~~~~~~~~~~~~~~~~~~~~~~~~~~~~~~~~~~~~~~~~~~
/opt/homebrew/Cellar/ruby@2.7/2.7.8_1/include/ruby-2.7.0/ruby/backward.h:13:14: note: expanded from macro 'DECLARE_DEPRECATED_FEATURE'
    NORETURN(ERRORFUNC(("deprecated since "#ver), DEPRECATED(void func(void))))
    ~~~~~~~~~^~~~~~~~~~~~~~~~~~~~~~~~~~~~~~~~~~~~~~~~~~~~~~~~~~~~~~~~~~~~~~~~~~
/opt/homebrew/Cellar/ruby@2.7/2.7.8_1/include/ruby-2.7.0/arm64-darwin22/ruby/config.h:160:43: note: expanded from macro 'ERRORFUNC'
#define ERRORFUNC(mesg,x) __attribute__ ((__error__ mesg)) x
                                          ^
/opt/homebrew/Cellar/ruby@2.7/2.7.8_1/include/ruby-2.7.0/arm64-darwin22/ruby/config.h:149:52: note: expanded from macro 'NORETURN'
#define NORETURN(x) __attribute__ ((__noreturn__)) x
                                                   ^
In file included from conftest.c:1:
In file included from /opt/homebrew/Cellar/ruby@2.7/2.7.8_1/include/ruby-2.7.0/ruby.h:33:
In file included from /opt/homebrew/Cellar/ruby@2.7/2.7.8_1/include/ruby-2.7.0/ruby/ruby.h:2762:
/opt/homebrew/Cellar/ruby@2.7/2.7.8_1/include/ruby-2.7.0/ruby/backward.h:31:1: warning: unknown attribute '__error__' ignored [-Wunknown-attributes]
DECLARE_DEPRECATED_FEATURE(2.2, rb_clear_cache);
^~~~~~~~~~~~~~~~~~~~~~~~~~~~~~~~~~~~~~~~~~~~~~~
/opt/homebrew/Cellar/ruby@2.7/2.7.8_1/include/ruby-2.7.0/ruby/backward.h:13:14: note: expanded from macro 'DECLARE_DEPRECATED_FEATURE'
    NORETURN(ERRORFUNC(("deprecated since "#ver), DEPRECATED(void func(void))))
    ~~~~~~~~~^~~~~~~~~~~~~~~~~~~~~~~~~~~~~~~~~~~~~~~~~~~~~~~~~~~~~~~~~~~~~~~~~~
/opt/homebrew/Cellar/ruby@2.7/2.7.8_1/include/ruby-2.7.0/arm64-darwin22/ruby/config.h:160:43: note: expanded from macro 'ERRORFUNC'
#define ERRORFUNC(mesg,x) __attribute__ ((__error__ mesg)) x
                                          ^
/opt/homebrew/Cellar/ruby@2.7/2.7.8_1/include/ruby-2.7.0/arm64-darwin22/ruby/config.h:149:52: note: expanded from macro 'NORETURN'
#define NORETURN(x) __attribute__ ((__noreturn__)) x
                                                   ^
In file included from conftest.c:1:
In file included from /opt/homebrew/Cellar/ruby@2.7/2.7.8_1/include/ruby-2.7.0/ruby.h:33:
In file included from /opt/homebrew/Cellar/ruby@2.7/2.7.8_1/include/ruby-2.7.0/ruby/ruby.h:2762:
/opt/homebrew/Cellar/ruby@2.7/2.7.8_1/include/ruby-2.7.0/ruby/backward.h:32:1: warning: unknown attribute '__error__' ignored [-Wunknown-attributes]
DECLARE_DEPRECATED_FEATURE(2.2, rb_frame_pop);
^~~~~~~~~~~~~~~~~~~~~~~~~~~~~~~~~~~~~~~~~~~~~
/opt/homebrew/Cellar/ruby@2.7/2.7.8_1/include/ruby-2.7.0/ruby/backward.h:13:14: note: expanded from macro 'DECLARE_DEPRECATED_FEATURE'
    NORETURN(ERRORFUNC(("deprecated since "#ver), DEPRECATED(void func(void))))
    ~~~~~~~~~^~~~~~~~~~~~~~~~~~~~~~~~~~~~~~~~~~~~~~~~~~~~~~~~~~~~~~~~~~~~~~~~~~
/opt/homebrew/Cellar/ruby@2.7/2.7.8_1/include/ruby-2.7.0/arm64-darwin22/ruby/config.h:160:43: note: expanded from macro 'ERRORFUNC'
#define ERRORFUNC(mesg,x) __attribute__ ((__error__ mesg)) x
                                          ^
/opt/homebrew/Cellar/ruby@2.7/2.7.8_1/include/ruby-2.7.0/arm64-darwin22/ruby/config.h:149:52: note: expanded from macro 'NORETURN'
#define NORETURN(x) __attribute__ ((__noreturn__)) x
                                                   ^
In file included from conftest.c:1:
In file included from /opt/homebrew/Cellar/ruby@2.7/2.7.8_1/include/ruby-2.7.0/ruby.h:33:
In file included from /opt/homebrew/Cellar/ruby@2.7/2.7.8_1/include/ruby-2.7.0/ruby/ruby.h:2762:
/opt/homebrew/Cellar/ruby@2.7/2.7.8_1/include/ruby-2.7.0/ruby/backward.h:38:10: warning: unknown attribute '__error__' ignored [-Wunknown-attributes]
NORETURN(ERRORFUNC(("internal function"), void rb_frozen_class_p(VALUE)));
~~~~~~~~~^~~~~~~~~~~~~~~~~~~~~~~~~~~~~~~~~~~~~~~~~~~~~~~~~~~~~~~~~~~~~~~~
/opt/homebrew/Cellar/ruby@2.7/2.7.8_1/include/ruby-2.7.0/arm64-darwin22/ruby/config.h:160:43: note: expanded from macro 'ERRORFUNC'
#define ERRORFUNC(mesg,x) __attribute__ ((__error__ mesg)) x
                                          ^
/opt/homebrew/Cellar/ruby@2.7/2.7.8_1/include/ruby-2.7.0/arm64-darwin22/ruby/config.h:149:52: note: expanded from macro 'NORETURN'
#define NORETURN(x) __attribute__ ((__noreturn__)) x
                                                   ^
In file included from conftest.c:1:
In file included from /opt/homebrew/Cellar/ruby@2.7/2.7.8_1/include/ruby-2.7.0/ruby.h:33:
In file included from /opt/homebrew/Cellar/ruby@2.7/2.7.8_1/include/ruby-2.7.0/ruby/ruby.h:2762:
/opt/homebrew/Cellar/ruby@2.7/2.7.8_1/include/ruby-2.7.0/ruby/backward.h:39:1: warning: unknown attribute '__error__' ignored [-Wunknown-attributes]
DECLARE_DEPRECATED_INTERNAL_FEATURE(rb_exec_end_proc);
^~~~~~~~~~~~~~~~~~~~~~~~~~~~~~~~~~~~~~~~~~~~~~~~~~~~~
/opt/homebrew/Cellar/ruby@2.7/2.7.8_1/include/ruby-2.7.0/ruby/backward.h:35:14: note: expanded from macro 'DECLARE_DEPRECATED_INTERNAL_FEATURE'
    NORETURN(ERRORFUNC(("deprecated internal function"), DEPRECATED(void func(void))))
    ~~~~~~~~~^~~~~~~~~~~~~~~~~~~~~~~~~~~~~~~~~~~~~~~~~~~~~~~~~~~~~~~~~~~~~~~~~~~~~~~~~
/opt/homebrew/Cellar/ruby@2.7/2.7.8_1/include/ruby-2.7.0/arm64-darwin22/ruby/config.h:160:43: note: expanded from macro 'ERRORFUNC'
#define ERRORFUNC(mesg,x) __attribute__ ((__error__ mesg)) x
                                          ^
/opt/homebrew/Cellar/ruby@2.7/2.7.8_1/include/ruby-2.7.0/arm64-darwin22/ruby/config.h:149:52: note: expanded from macro 'NORETURN'
#define NORETURN(x) __attribute__ ((__noreturn__)) x
                                                   ^
In file included from conftest.c:1:
In file included from /opt/homebrew/Cellar/ruby@2.7/2.7.8_1/include/ruby-2.7.0/ruby.h:33:
In file included from /opt/homebrew/Cellar/ruby@2.7/2.7.8_1/include/ruby-2.7.0/ruby/ruby.h:2762:
/opt/homebrew/Cellar/ruby@2.7/2.7.8_1/include/ruby-2.7.0/ruby/backward.h:42:1: warning: unknown attribute '__error__' ignored [-Wunknown-attributes]
DECLARE_DEPRECATED_INTERNAL_FEATURE(rb_compile_error);
^~~~~~~~~~~~~~~~~~~~~~~~~~~~~~~~~~~~~~~~~~~~~~~~~~~~~
/opt/homebrew/Cellar/ruby@2.7/2.7.8_1/include/ruby-2.7.0/ruby/backward.h:35:14: note: expanded from macro 'DECLARE_DEPRECATED_INTERNAL_FEATURE'
    NORETURN(ERRORFUNC(("deprecated internal function"), DEPRECATED(void func(void))))
    ~~~~~~~~~^~~~~~~~~~~~~~~~~~~~~~~~~~~~~~~~~~~~~~~~~~~~~~~~~~~~~~~~~~~~~~~~~~~~~~~~~
/opt/homebrew/Cellar/ruby@2.7/2.7.8_1/include/ruby-2.7.0/arm64-darwin22/ruby/config.h:160:43: note: expanded from macro 'ERRORFUNC'
#define ERRORFUNC(mesg,x) __attribute__ ((__error__ mesg)) x
                                          ^
/opt/homebrew/Cellar/ruby@2.7/2.7.8_1/include/ruby-2.7.0/arm64-darwin22/ruby/config.h:149:52: note: expanded from macro 'NORETURN'
#define NORETURN(x) __attribute__ ((__noreturn__)) x
                                                   ^
In file included from conftest.c:1:
In file included from /opt/homebrew/Cellar/ruby@2.7/2.7.8_1/include/ruby-2.7.0/ruby.h:33:
In file included from /opt/homebrew/Cellar/ruby@2.7/2.7.8_1/include/ruby-2.7.0/ruby/ruby.h:2762:
/opt/homebrew/Cellar/ruby@2.7/2.7.8_1/include/ruby-2.7.0/ruby/backward.h:43:1: warning: unknown attribute '__error__' ignored [-Wunknown-attributes]
DECLARE_DEPRECATED_INTERNAL_FEATURE(rb_compile_error_with_enc);
^~~~~~~~~~~~~~~~~~~~~~~~~~~~~~~~~~~~~~~~~~~~~~~~~~~~~~~~~~~~~~
/opt/homebrew/Cellar/ruby@2.7/2.7.8_1/include/ruby-2.7.0/ruby/backward.h:35:14: note: expanded from macro 'DECLARE_DEPRECATED_INTERNAL_FEATURE'
    NORETURN(ERRORFUNC(("deprecated internal function"), DEPRECATED(void func(void))))
    ~~~~~~~~~^~~~~~~~~~~~~~~~~~~~~~~~~~~~~~~~~~~~~~~~~~~~~~~~~~~~~~~~~~~~~~~~~~~~~~~~~
/opt/homebrew/Cellar/ruby@2.7/2.7.8_1/include/ruby-2.7.0/arm64-darwin22/ruby/config.h:160:43: note: expanded from macro 'ERRORFUNC'
#define ERRORFUNC(mesg,x) __attribute__ ((__error__ mesg)) x
                                          ^
/opt/homebrew/Cellar/ruby@2.7/2.7.8_1/include/ruby-2.7.0/arm64-darwin22/ruby/config.h:149:52: note: expanded from macro 'NORETURN'
#define NORETURN(x) __attribute__ ((__noreturn__)) x
                                                   ^
In file included from conftest.c:1:
In file included from /opt/homebrew/Cellar/ruby@2.7/2.7.8_1/include/ruby-2.7.0/ruby.h:33:
In file included from /opt/homebrew/Cellar/ruby@2.7/2.7.8_1/include/ruby-2.7.0/ruby/ruby.h:2762:
/opt/homebrew/Cellar/ruby@2.7/2.7.8_1/include/ruby-2.7.0/ruby/backward.h:44:1: warning: unknown attribute '__error__' ignored [-Wunknown-attributes]
DECLARE_DEPRECATED_INTERNAL_FEATURE(rb_compile_error_append);
^~~~~~~~~~~~~~~~~~~~~~~~~~~~~~~~~~~~~~~~~~~~~~~~~~~~~~~~~~~~
/opt/homebrew/Cellar/ruby@2.7/2.7.8_1/include/ruby-2.7.0/ruby/backward.h:35:14: note: expanded from macro 'DECLARE_DEPRECATED_INTERNAL_FEATURE'
    NORETURN(ERRORFUNC(("deprecated internal function"), DEPRECATED(void func(void))))
    ~~~~~~~~~^~~~~~~~~~~~~~~~~~~~~~~~~~~~~~~~~~~~~~~~~~~~~~~~~~~~~~~~~~~~~~~~~~~~~~~~~
/opt/homebrew/Cellar/ruby@2.7/2.7.8_1/include/ruby-2.7.0/arm64-darwin22/ruby/config.h:160:43: note: expanded from macro 'ERRORFUNC'
#define ERRORFUNC(mesg,x) __attribute__ ((__error__ mesg)) x
                                          ^
/opt/homebrew/Cellar/ruby@2.7/2.7.8_1/include/ruby-2.7.0/arm64-darwin22/ruby/config.h:149:52: note: expanded from macro 'NORETURN'
#define NORETURN(x) __attribute__ ((__noreturn__)) x
                                                   ^
In file included from conftest.c:1:
In file included from /opt/homebrew/Cellar/ruby@2.7/2.7.8_1/include/ruby-2.7.0/ruby.h:33:
In file included from /opt/homebrew/Cellar/ruby@2.7/2.7.8_1/include/ruby-2.7.0/ruby/ruby.h:2762:
/opt/homebrew/Cellar/ruby@2.7/2.7.8_1/include/ruby-2.7.0/ruby/backward.h:47:1: warning: unknown attribute '__error__' ignored [-Wunknown-attributes]
DECLARE_DEPRECATED_INTERNAL_FEATURE(rb_gc_call_finalizer_at_exit);
^~~~~~~~~~~~~~~~~~~~~~~~~~~~~~~~~~~~~~~~~~~~~~~~~~~~~~~~~~~~~~~~~
/opt/homebrew/Cellar/ruby@2.7/2.7.8_1/include/ruby-2.7.0/ruby/backward.h:35:14: note: expanded from macro 'DECLARE_DEPRECATED_INTERNAL_FEATURE'
    NORETURN(ERRORFUNC(("deprecated internal function"), DEPRECATED(void func(void))))
    ~~~~~~~~~^~~~~~~~~~~~~~~~~~~~~~~~~~~~~~~~~~~~~~~~~~~~~~~~~~~~~~~~~~~~~~~~~~~~~~~~~
/opt/homebrew/Cellar/ruby@2.7/2.7.8_1/include/ruby-2.7.0/arm64-darwin22/ruby/config.h:160:43: note: expanded from macro 'ERRORFUNC'
#define ERRORFUNC(mesg,x) __attribute__ ((__error__ mesg)) x
                                          ^
/opt/homebrew/Cellar/ruby@2.7/2.7.8_1/include/ruby-2.7.0/arm64-darwin22/ruby/config.h:149:52: note: expanded from macro 'NORETURN'
#define NORETURN(x) __attribute__ ((__noreturn__)) x
                                                   ^
In file included from conftest.c:1:
In file included from /opt/homebrew/Cellar/ruby@2.7/2.7.8_1/include/ruby-2.7.0/ruby.h:33:
In file included from /opt/homebrew/Cellar/ruby@2.7/2.7.8_1/include/ruby-2.7.0/ruby/ruby.h:2762:
/opt/homebrew/Cellar/ruby@2.7/2.7.8_1/include/ruby-2.7.0/ruby/backward.h:50:1: warning: unknown attribute '__error__' ignored [-Wunknown-attributes]
DECLARE_DEPRECATED_INTERNAL_FEATURE(rb_trap_exit);
^~~~~~~~~~~~~~~~~~~~~~~~~~~~~~~~~~~~~~~~~~~~~~~~~
/opt/homebrew/Cellar/ruby@2.7/2.7.8_1/include/ruby-2.7.0/ruby/backward.h:35:14: note: expanded from macro 'DECLARE_DEPRECATED_INTERNAL_FEATURE'
    NORETURN(ERRORFUNC(("deprecated internal function"), DEPRECATED(void func(void))))
    ~~~~~~~~~^~~~~~~~~~~~~~~~~~~~~~~~~~~~~~~~~~~~~~~~~~~~~~~~~~~~~~~~~~~~~~~~~~~~~~~~~
/opt/homebrew/Cellar/ruby@2.7/2.7.8_1/include/ruby-2.7.0/arm64-darwin22/ruby/config.h:160:43: note: expanded from macro 'ERRORFUNC'
#define ERRORFUNC(mesg,x) __attribute__ ((__error__ mesg)) x
                                          ^
/opt/homebrew/Cellar/ruby@2.7/2.7.8_1/include/ruby-2.7.0/arm64-darwin22/ruby/config.h:149:52: note: expanded from macro 'NORETURN'
#define NORETURN(x) __attribute__ ((__noreturn__)) x
                                                   ^
In file included from conftest.c:1:
In file included from /opt/homebrew/Cellar/ruby@2.7/2.7.8_1/include/ruby-2.7.0/ruby.h:33:
In file included from /opt/homebrew/Cellar/ruby@2.7/2.7.8_1/include/ruby-2.7.0/ruby/ruby.h:2762:
/opt/homebrew/Cellar/ruby@2.7/2.7.8_1/include/ruby-2.7.0/ruby/backward.h:53:1: warning: unknown attribute '__error__' ignored [-Wunknown-attributes]
DECLARE_DEPRECATED_INTERNAL_FEATURE(rb_struct_ptr);
^~~~~~~~~~~~~~~~~~~~~~~~~~~~~~~~~~~~~~~~~~~~~~~~~~
/opt/homebrew/Cellar/ruby@2.7/2.7.8_1/include/ruby-2.7.0/ruby/backward.h:35:14: note: expanded from macro 'DECLARE_DEPRECATED_INTERNAL_FEATURE'
    NORETURN(ERRORFUNC(("deprecated internal function"), DEPRECATED(void func(void))))
    ~~~~~~~~~^~~~~~~~~~~~~~~~~~~~~~~~~~~~~~~~~~~~~~~~~~~~~~~~~~~~~~~~~~~~~~~~~~~~~~~~~
/opt/homebrew/Cellar/ruby@2.7/2.7.8_1/include/ruby-2.7.0/arm64-darwin22/ruby/config.h:160:43: note: expanded from macro 'ERRORFUNC'
#define ERRORFUNC(mesg,x) __attribute__ ((__error__ mesg)) x
                                          ^
/opt/homebrew/Cellar/ruby@2.7/2.7.8_1/include/ruby-2.7.0/arm64-darwin22/ruby/config.h:149:52: note: expanded from macro 'NORETURN'
#define NORETURN(x) __attribute__ ((__noreturn__)) x
                                                   ^
In file included from conftest.c:1:
In file included from /opt/homebrew/Cellar/ruby@2.7/2.7.8_1/include/ruby-2.7.0/ruby.h:33:
In file included from /opt/homebrew/Cellar/ruby@2.7/2.7.8_1/include/ruby-2.7.0/ruby/ruby.h:2762:
/opt/homebrew/Cellar/ruby@2.7/2.7.8_1/include/ruby-2.7.0/ruby/backward.h:56:1: warning: unknown attribute '__error__' ignored [-Wunknown-attributes]
DECLARE_DEPRECATED_INTERNAL_FEATURE(rb_clear_trace_func);
^~~~~~~~~~~~~~~~~~~~~~~~~~~~~~~~~~~~~~~~~~~~~~~~~~~~~~~~
/opt/homebrew/Cellar/ruby@2.7/2.7.8_1/include/ruby-2.7.0/ruby/backward.h:35:14: note: expanded from macro 'DECLARE_DEPRECATED_INTERNAL_FEATURE'
    NORETURN(ERRORFUNC(("deprecated internal function"), DEPRECATED(void func(void))))
    ~~~~~~~~~^~~~~~~~~~~~~~~~~~~~~~~~~~~~~~~~~~~~~~~~~~~~~~~~~~~~~~~~~~~~~~~~~~~~~~~~~
/opt/homebrew/Cellar/ruby@2.7/2.7.8_1/include/ruby-2.7.0/arm64-darwin22/ruby/config.h:160:43: note: expanded from macro 'ERRORFUNC'
#define ERRORFUNC(mesg,x) __attribute__ ((__error__ mesg)) x
                                          ^
/opt/homebrew/Cellar/ruby@2.7/2.7.8_1/include/ruby-2.7.0/arm64-darwin22/ruby/config.h:149:52: note: expanded from macro 'NORETURN'
#define NORETURN(x) __attribute__ ((__noreturn__)) x
                                                   ^
In file included from conftest.c:1:
In file included from /opt/homebrew/Cellar/ruby@2.7/2.7.8_1/include/ruby-2.7.0/ruby.h:33:
In file included from /opt/homebrew/Cellar/ruby@2.7/2.7.8_1/include/ruby-2.7.0/ruby/ruby.h:2762:
/opt/homebrew/Cellar/ruby@2.7/2.7.8_1/include/ruby-2.7.0/ruby/backward.h:59:1: warning: unknown attribute '__error__' ignored [-Wunknown-attributes]
DECLARE_DEPRECATED_INTERNAL_FEATURE(rb_generic_ivar_table);
^~~~~~~~~~~~~~~~~~~~~~~~~~~~~~~~~~~~~~~~~~~~~~~~~~~~~~~~~~
/opt/homebrew/Cellar/ruby@2.7/2.7.8_1/include/ruby-2.7.0/ruby/backward.h:35:14: note: expanded from macro 'DECLARE_DEPRECATED_INTERNAL_FEATURE'
    NORETURN(ERRORFUNC(("deprecated internal function"), DEPRECATED(void func(void))))
    ~~~~~~~~~^~~~~~~~~~~~~~~~~~~~~~~~~~~~~~~~~~~~~~~~~~~~~~~~~~~~~~~~~~~~~~~~~~~~~~~~~
/opt/homebrew/Cellar/ruby@2.7/2.7.8_1/include/ruby-2.7.0/arm64-darwin22/ruby/config.h:160:43: note: expanded from macro 'ERRORFUNC'
#define ERRORFUNC(mesg,x) __attribute__ ((__error__ mesg)) x
                                          ^
/opt/homebrew/Cellar/ruby@2.7/2.7.8_1/include/ruby-2.7.0/arm64-darwin22/ruby/config.h:149:52: note: expanded from macro 'NORETURN'
#define NORETURN(x) __attribute__ ((__noreturn__)) x
                                                   ^
In file included from conftest.c:1:
In file included from /opt/homebrew/Cellar/ruby@2.7/2.7.8_1/include/ruby-2.7.0/ruby.h:33:
In file included from /opt/homebrew/Cellar/ruby@2.7/2.7.8_1/include/ruby-2.7.0/ruby/ruby.h:2762:
/opt/homebrew/Cellar/ruby@2.7/2.7.8_1/include/ruby-2.7.0/ruby/backward.h:60:10: warning: unknown attribute '__error__' ignored [-Wunknown-attributes]
NORETURN(ERRORFUNC(("internal function"), VALUE rb_mod_const_missing(VALUE, VALUE)));
~~~~~~~~~^~~~~~~~~~~~~~~~~~~~~~~~~~~~~~~~~~~~~~~~~~~~~~~~~~~~~~~~~~~~~~~~~~~~~~~~~~~
/opt/homebrew/Cellar/ruby@2.7/2.7.8_1/include/ruby-2.7.0/arm64-darwin22/ruby/config.h:160:43: note: expanded from macro 'ERRORFUNC'
#define ERRORFUNC(mesg,x) __attribute__ ((__error__ mesg)) x
                                          ^
/opt/homebrew/Cellar/ruby@2.7/2.7.8_1/include/ruby-2.7.0/arm64-darwin22/ruby/config.h:149:52: note: expanded from macro 'NORETURN'
#define NORETURN(x) __attribute__ ((__noreturn__)) x
                                                   ^
conftest.c:14:57: error: use of undeclared identifier 'ffi_prep_raw_closure'
int t(void) { void ((*volatile p)()); p = (void ((*)()))ffi_prep_raw_closure; return !p; }
                                                        ^
22 warnings and 1 error generated.
checked program was:
/* begin */
 1: #include "ruby.h"
 2: 
 3: /*top*/
 4: extern int t(void);
 5: int main(int argc, char **argv)
 6: {
 7:   if (argc > 1000000) {
 8:     int (* volatile tp)(void)=(int (*)(void))&t;
 9:     printf("%d", (*tp)());
10:   }
11: 
12:   return !!argv[argc];
13: }
14: int t(void) { void ((*volatile p)()); p = (void ((*)()))ffi_prep_raw_closure; return !p; }
/* end */

"clang -o conftest -I/opt/homebrew/Cellar/ruby@2.7/2.7.8_1/include/ruby-2.7.0/arm64-darwin22 -I/opt/homebrew/Cellar/ruby@2.7/2.7.8_1/include/ruby-2.7.0/ruby/backward -I/opt/homebrew/Cellar/ruby@2.7/2.7.8_1/include/ruby-2.7.0 -I. -I/Library/Developer/CommandLineTools/SDKs/MacOSX.sdk/usr/include/ffi  -I/opt/homebrew/opt/libyaml/include -I/opt/homebrew/opt/openssl@3/include -I/opt/homebrew/opt/readline/include -D_XOPEN_SOURCE -D_DARWIN_C_SOURCE -D_DARWIN_UNLIMITED_SELECT -D_REENTRANT   -g -O2 -fno-common -pipe conftest.c  -L. -L/opt/homebrew/Cellar/ruby@2.7/2.7.8_1/lib -L/opt/homebrew/opt/libyaml/lib -L/opt/homebrew/opt/openssl@3/lib -L/opt/homebrew/opt/readline/lib -L. -fstack-protector-strong -L/opt/homebrew/lib -L/opt/homebrew/opt/libyaml/lib -L/opt/homebrew/opt/openssl@3/lib -L/opt/homebrew/opt/readline/lib  -m64  -lffi  -lruby.2.7 -lffi   "
In file included from conftest.c:1:
In file included from /opt/homebrew/Cellar/ruby@2.7/2.7.8_1/include/ruby-2.7.0/ruby.h:33:
/opt/homebrew/Cellar/ruby@2.7/2.7.8_1/include/ruby-2.7.0/ruby/ruby.h:1865:1: warning: unknown attribute '__error__' ignored [-Wunknown-attributes]
ERRORFUNC((" argument length doesn't match"), int rb_varargs_bad_length(int,int));
^~~~~~~~~~~~~~~~~~~~~~~~~~~~~~~~~~~~~~~~~~~~~~~~~~~~~~~~~~~~~~~~~~~~~~~~~~~~~~~~~
/opt/homebrew/Cellar/ruby@2.7/2.7.8_1/include/ruby-2.7.0/arm64-darwin22/ruby/config.h:160:43: note: expanded from macro 'ERRORFUNC'
#define ERRORFUNC(mesg,x) __attribute__ ((__error__ mesg)) x
                                          ^~~~~~~~~~~~~~
In file included from conftest.c:1:
In file included from /opt/homebrew/Cellar/ruby@2.7/2.7.8_1/include/ruby-2.7.0/ruby.h:33:
/opt/homebrew/Cellar/ruby@2.7/2.7.8_1/include/ruby-2.7.0/ruby/ruby.h:2347:1: warning: unknown attribute '__error__' ignored [-Wunknown-attributes]
ERRORFUNC(("bad scan arg format"), void rb_scan_args_bad_format(const char*));
^~~~~~~~~~~~~~~~~~~~~~~~~~~~~~~~~~~~~~~~~~~~~~~~~~~~~~~~~~~~~~~~~~~~~~~~~~~~~
/opt/homebrew/Cellar/ruby@2.7/2.7.8_1/include/ruby-2.7.0/arm64-darwin22/ruby/config.h:160:43: note: expanded from macro 'ERRORFUNC'
#define ERRORFUNC(mesg,x) __attribute__ ((__error__ mesg)) x
                                          ^~~~~~~~~~~~~~
In file included from conftest.c:1:
In file included from /opt/homebrew/Cellar/ruby@2.7/2.7.8_1/include/ruby-2.7.0/ruby.h:33:
/opt/homebrew/Cellar/ruby@2.7/2.7.8_1/include/ruby-2.7.0/ruby/ruby.h:2348:1: warning: unknown attribute '__error__' ignored [-Wunknown-attributes]
ERRORFUNC(("variable argument length doesn't match"), void rb_scan_args_length_mismatch(const char*,int));
^~~~~~~~~~~~~~~~~~~~~~~~~~~~~~~~~~~~~~~~~~~~~~~~~~~~~~~~~~~~~~~~~~~~~~~~~~~~~~~~~~~~~~~~~~~~~~~~~~~~~~~~~
/opt/homebrew/Cellar/ruby@2.7/2.7.8_1/include/ruby-2.7.0/arm64-darwin22/ruby/config.h:160:43: note: expanded from macro 'ERRORFUNC'
#define ERRORFUNC(mesg,x) __attribute__ ((__error__ mesg)) x
                                          ^~~~~~~~~~~~~~
In file included from conftest.c:1:
In file included from /opt/homebrew/Cellar/ruby@2.7/2.7.8_1/include/ruby-2.7.0/ruby.h:33:
In file included from /opt/homebrew/Cellar/ruby@2.7/2.7.8_1/include/ruby-2.7.0/ruby/ruby.h:2762:
/opt/homebrew/Cellar/ruby@2.7/2.7.8_1/include/ruby-2.7.0/ruby/backward.h:16:1: warning: unknown attribute '__error__' ignored [-Wunknown-attributes]
DECLARE_DEPRECATED_FEATURE(2.2, rb_disable_super);
^~~~~~~~~~~~~~~~~~~~~~~~~~~~~~~~~~~~~~~~~~~~~~~~~
/opt/homebrew/Cellar/ruby@2.7/2.7.8_1/include/ruby-2.7.0/ruby/backward.h:13:14: note: expanded from macro 'DECLARE_DEPRECATED_FEATURE'
    NORETURN(ERRORFUNC(("deprecated since "#ver), DEPRECATED(void func(void))))
    ~~~~~~~~~^~~~~~~~~~~~~~~~~~~~~~~~~~~~~~~~~~~~~~~~~~~~~~~~~~~~~~~~~~~~~~~~~~
/opt/homebrew/Cellar/ruby@2.7/2.7.8_1/include/ruby-2.7.0/arm64-darwin22/ruby/config.h:160:43: note: expanded from macro 'ERRORFUNC'
#define ERRORFUNC(mesg,x) __attribute__ ((__error__ mesg)) x
                                          ^
/opt/homebrew/Cellar/ruby@2.7/2.7.8_1/include/ruby-2.7.0/arm64-darwin22/ruby/config.h:149:52: note: expanded from macro 'NORETURN'
#define NORETURN(x) __attribute__ ((__noreturn__)) x
                                                   ^
In file included from conftest.c:1:
In file included from /opt/homebrew/Cellar/ruby@2.7/2.7.8_1/include/ruby-2.7.0/ruby.h:33:
In file included from /opt/homebrew/Cellar/ruby@2.7/2.7.8_1/include/ruby-2.7.0/ruby/ruby.h:2762:
/opt/homebrew/Cellar/ruby@2.7/2.7.8_1/include/ruby-2.7.0/ruby/backward.h:17:1: warning: unknown attribute '__error__' ignored [-Wunknown-attributes]
DECLARE_DEPRECATED_FEATURE(2.2, rb_enable_super);
^~~~~~~~~~~~~~~~~~~~~~~~~~~~~~~~~~~~~~~~~~~~~~~~
/opt/homebrew/Cellar/ruby@2.7/2.7.8_1/include/ruby-2.7.0/ruby/backward.h:13:14: note: expanded from macro 'DECLARE_DEPRECATED_FEATURE'
    NORETURN(ERRORFUNC(("deprecated since "#ver), DEPRECATED(void func(void))))
    ~~~~~~~~~^~~~~~~~~~~~~~~~~~~~~~~~~~~~~~~~~~~~~~~~~~~~~~~~~~~~~~~~~~~~~~~~~~
/opt/homebrew/Cellar/ruby@2.7/2.7.8_1/include/ruby-2.7.0/arm64-darwin22/ruby/config.h:160:43: note: expanded from macro 'ERRORFUNC'
#define ERRORFUNC(mesg,x) __attribute__ ((__error__ mesg)) x
                                          ^
/opt/homebrew/Cellar/ruby@2.7/2.7.8_1/include/ruby-2.7.0/arm64-darwin22/ruby/config.h:149:52: note: expanded from macro 'NORETURN'
#define NORETURN(x) __attribute__ ((__noreturn__)) x
                                                   ^
In file included from conftest.c:1:
In file included from /opt/homebrew/Cellar/ruby@2.7/2.7.8_1/include/ruby-2.7.0/ruby.h:33:
In file included from /opt/homebrew/Cellar/ruby@2.7/2.7.8_1/include/ruby-2.7.0/ruby/ruby.h:2762:
/opt/homebrew/Cellar/ruby@2.7/2.7.8_1/include/ruby-2.7.0/ruby/backward.h:20:1: warning: unknown attribute '__error__' ignored [-Wunknown-attributes]
DECLARE_DEPRECATED_FEATURE(2.2, rb_hash_iter_lev);
^~~~~~~~~~~~~~~~~~~~~~~~~~~~~~~~~~~~~~~~~~~~~~~~~
/opt/homebrew/Cellar/ruby@2.7/2.7.8_1/include/ruby-2.7.0/ruby/backward.h:13:14: note: expanded from macro 'DECLARE_DEPRECATED_FEATURE'
    NORETURN(ERRORFUNC(("deprecated since "#ver), DEPRECATED(void func(void))))
    ~~~~~~~~~^~~~~~~~~~~~~~~~~~~~~~~~~~~~~~~~~~~~~~~~~~~~~~~~~~~~~~~~~~~~~~~~~~
/opt/homebrew/Cellar/ruby@2.7/2.7.8_1/include/ruby-2.7.0/arm64-darwin22/ruby/config.h:160:43: note: expanded from macro 'ERRORFUNC'
#define ERRORFUNC(mesg,x) __attribute__ ((__error__ mesg)) x
                                          ^
/opt/homebrew/Cellar/ruby@2.7/2.7.8_1/include/ruby-2.7.0/arm64-darwin22/ruby/config.h:149:52: note: expanded from macro 'NORETURN'
#define NORETURN(x) __attribute__ ((__noreturn__)) x
                                                   ^
In file included from conftest.c:1:
In file included from /opt/homebrew/Cellar/ruby@2.7/2.7.8_1/include/ruby-2.7.0/ruby.h:33:
In file included from /opt/homebrew/Cellar/ruby@2.7/2.7.8_1/include/ruby-2.7.0/ruby/ruby.h:2762:
/opt/homebrew/Cellar/ruby@2.7/2.7.8_1/include/ruby-2.7.0/ruby/backward.h:21:1: warning: unknown attribute '__error__' ignored [-Wunknown-attributes]
DECLARE_DEPRECATED_FEATURE(2.2, rb_hash_ifnone);
^~~~~~~~~~~~~~~~~~~~~~~~~~~~~~~~~~~~~~~~~~~~~~~
/opt/homebrew/Cellar/ruby@2.7/2.7.8_1/include/ruby-2.7.0/ruby/backward.h:13:14: note: expanded from macro 'DECLARE_DEPRECATED_FEATURE'
    NORETURN(ERRORFUNC(("deprecated since "#ver), DEPRECATED(void func(void))))
    ~~~~~~~~~^~~~~~~~~~~~~~~~~~~~~~~~~~~~~~~~~~~~~~~~~~~~~~~~~~~~~~~~~~~~~~~~~~
/opt/homebrew/Cellar/ruby@2.7/2.7.8_1/include/ruby-2.7.0/arm64-darwin22/ruby/config.h:160:43: note: expanded from macro 'ERRORFUNC'
#define ERRORFUNC(mesg,x) __attribute__ ((__error__ mesg)) x
                                          ^
/opt/homebrew/Cellar/ruby@2.7/2.7.8_1/include/ruby-2.7.0/arm64-darwin22/ruby/config.h:149:52: note: expanded from macro 'NORETURN'
#define NORETURN(x) __attribute__ ((__noreturn__)) x
                                                   ^
In file included from conftest.c:1:
In file included from /opt/homebrew/Cellar/ruby@2.7/2.7.8_1/include/ruby-2.7.0/ruby.h:33:
In file included from /opt/homebrew/Cellar/ruby@2.7/2.7.8_1/include/ruby-2.7.0/ruby/ruby.h:2762:
/opt/homebrew/Cellar/ruby@2.7/2.7.8_1/include/ruby-2.7.0/ruby/backward.h:24:1: warning: unknown attribute '__error__' ignored [-Wunknown-attributes]
DECLARE_DEPRECATED_FEATURE(2.2, rb_str_associate);
^~~~~~~~~~~~~~~~~~~~~~~~~~~~~~~~~~~~~~~~~~~~~~~~~
/opt/homebrew/Cellar/ruby@2.7/2.7.8_1/include/ruby-2.7.0/ruby/backward.h:13:14: note: expanded from macro 'DECLARE_DEPRECATED_FEATURE'
    NORETURN(ERRORFUNC(("deprecated since "#ver), DEPRECATED(void func(void))))
    ~~~~~~~~~^~~~~~~~~~~~~~~~~~~~~~~~~~~~~~~~~~~~~~~~~~~~~~~~~~~~~~~~~~~~~~~~~~
/opt/homebrew/Cellar/ruby@2.7/2.7.8_1/include/ruby-2.7.0/arm64-darwin22/ruby/config.h:160:43: note: expanded from macro 'ERRORFUNC'
#define ERRORFUNC(mesg,x) __attribute__ ((__error__ mesg)) x
                                          ^
/opt/homebrew/Cellar/ruby@2.7/2.7.8_1/include/ruby-2.7.0/arm64-darwin22/ruby/config.h:149:52: note: expanded from macro 'NORETURN'
#define NORETURN(x) __attribute__ ((__noreturn__)) x
                                                   ^
In file included from conftest.c:1:
In file included from /opt/homebrew/Cellar/ruby@2.7/2.7.8_1/include/ruby-2.7.0/ruby.h:33:
In file included from /opt/homebrew/Cellar/ruby@2.7/2.7.8_1/include/ruby-2.7.0/ruby/ruby.h:2762:
/opt/homebrew/Cellar/ruby@2.7/2.7.8_1/include/ruby-2.7.0/ruby/backward.h:25:1: warning: unknown attribute '__error__' ignored [-Wunknown-attributes]
DECLARE_DEPRECATED_FEATURE(2.2, rb_str_associated);
^~~~~~~~~~~~~~~~~~~~~~~~~~~~~~~~~~~~~~~~~~~~~~~~~~
/opt/homebrew/Cellar/ruby@2.7/2.7.8_1/include/ruby-2.7.0/ruby/backward.h:13:14: note: expanded from macro 'DECLARE_DEPRECATED_FEATURE'
    NORETURN(ERRORFUNC(("deprecated since "#ver), DEPRECATED(void func(void))))
    ~~~~~~~~~^~~~~~~~~~~~~~~~~~~~~~~~~~~~~~~~~~~~~~~~~~~~~~~~~~~~~~~~~~~~~~~~~~
/opt/homebrew/Cellar/ruby@2.7/2.7.8_1/include/ruby-2.7.0/arm64-darwin22/ruby/config.h:160:43: note: expanded from macro 'ERRORFUNC'
#define ERRORFUNC(mesg,x) __attribute__ ((__error__ mesg)) x
                                          ^
/opt/homebrew/Cellar/ruby@2.7/2.7.8_1/include/ruby-2.7.0/arm64-darwin22/ruby/config.h:149:52: note: expanded from macro 'NORETURN'
#define NORETURN(x) __attribute__ ((__noreturn__)) x
                                                   ^
In file included from conftest.c:1:
In file included from /opt/homebrew/Cellar/ruby@2.7/2.7.8_1/include/ruby-2.7.0/ruby.h:33:
In file included from /opt/homebrew/Cellar/ruby@2.7/2.7.8_1/include/ruby-2.7.0/ruby/ruby.h:2762:
/opt/homebrew/Cellar/ruby@2.7/2.7.8_1/include/ruby-2.7.0/ruby/backward.h:31:1: warning: unknown attribute '__error__' ignored [-Wunknown-attributes]
DECLARE_DEPRECATED_FEATURE(2.2, rb_clear_cache);
^~~~~~~~~~~~~~~~~~~~~~~~~~~~~~~~~~~~~~~~~~~~~~~
/opt/homebrew/Cellar/ruby@2.7/2.7.8_1/include/ruby-2.7.0/ruby/backward.h:13:14: note: expanded from macro 'DECLARE_DEPRECATED_FEATURE'
    NORETURN(ERRORFUNC(("deprecated since "#ver), DEPRECATED(void func(void))))
    ~~~~~~~~~^~~~~~~~~~~~~~~~~~~~~~~~~~~~~~~~~~~~~~~~~~~~~~~~~~~~~~~~~~~~~~~~~~
/opt/homebrew/Cellar/ruby@2.7/2.7.8_1/include/ruby-2.7.0/arm64-darwin22/ruby/config.h:160:43: note: expanded from macro 'ERRORFUNC'
#define ERRORFUNC(mesg,x) __attribute__ ((__error__ mesg)) x
                                          ^
/opt/homebrew/Cellar/ruby@2.7/2.7.8_1/include/ruby-2.7.0/arm64-darwin22/ruby/config.h:149:52: note: expanded from macro 'NORETURN'
#define NORETURN(x) __attribute__ ((__noreturn__)) x
                                                   ^
In file included from conftest.c:1:
In file included from /opt/homebrew/Cellar/ruby@2.7/2.7.8_1/include/ruby-2.7.0/ruby.h:33:
In file included from /opt/homebrew/Cellar/ruby@2.7/2.7.8_1/include/ruby-2.7.0/ruby/ruby.h:2762:
/opt/homebrew/Cellar/ruby@2.7/2.7.8_1/include/ruby-2.7.0/ruby/backward.h:32:1: warning: unknown attribute '__error__' ignored [-Wunknown-attributes]
DECLARE_DEPRECATED_FEATURE(2.2, rb_frame_pop);
^~~~~~~~~~~~~~~~~~~~~~~~~~~~~~~~~~~~~~~~~~~~~
/opt/homebrew/Cellar/ruby@2.7/2.7.8_1/include/ruby-2.7.0/ruby/backward.h:13:14: note: expanded from macro 'DECLARE_DEPRECATED_FEATURE'
    NORETURN(ERRORFUNC(("deprecated since "#ver), DEPRECATED(void func(void))))
    ~~~~~~~~~^~~~~~~~~~~~~~~~~~~~~~~~~~~~~~~~~~~~~~~~~~~~~~~~~~~~~~~~~~~~~~~~~~
/opt/homebrew/Cellar/ruby@2.7/2.7.8_1/include/ruby-2.7.0/arm64-darwin22/ruby/config.h:160:43: note: expanded from macro 'ERRORFUNC'
#define ERRORFUNC(mesg,x) __attribute__ ((__error__ mesg)) x
                                          ^
/opt/homebrew/Cellar/ruby@2.7/2.7.8_1/include/ruby-2.7.0/arm64-darwin22/ruby/config.h:149:52: note: expanded from macro 'NORETURN'
#define NORETURN(x) __attribute__ ((__noreturn__)) x
                                                   ^
In file included from conftest.c:1:
In file included from /opt/homebrew/Cellar/ruby@2.7/2.7.8_1/include/ruby-2.7.0/ruby.h:33:
In file included from /opt/homebrew/Cellar/ruby@2.7/2.7.8_1/include/ruby-2.7.0/ruby/ruby.h:2762:
/opt/homebrew/Cellar/ruby@2.7/2.7.8_1/include/ruby-2.7.0/ruby/backward.h:38:10: warning: unknown attribute '__error__' ignored [-Wunknown-attributes]
NORETURN(ERRORFUNC(("internal function"), void rb_frozen_class_p(VALUE)));
~~~~~~~~~^~~~~~~~~~~~~~~~~~~~~~~~~~~~~~~~~~~~~~~~~~~~~~~~~~~~~~~~~~~~~~~~
/opt/homebrew/Cellar/ruby@2.7/2.7.8_1/include/ruby-2.7.0/arm64-darwin22/ruby/config.h:160:43: note: expanded from macro 'ERRORFUNC'
#define ERRORFUNC(mesg,x) __attribute__ ((__error__ mesg)) x
                                          ^
/opt/homebrew/Cellar/ruby@2.7/2.7.8_1/include/ruby-2.7.0/arm64-darwin22/ruby/config.h:149:52: note: expanded from macro 'NORETURN'
#define NORETURN(x) __attribute__ ((__noreturn__)) x
                                                   ^
In file included from conftest.c:1:
In file included from /opt/homebrew/Cellar/ruby@2.7/2.7.8_1/include/ruby-2.7.0/ruby.h:33:
In file included from /opt/homebrew/Cellar/ruby@2.7/2.7.8_1/include/ruby-2.7.0/ruby/ruby.h:2762:
/opt/homebrew/Cellar/ruby@2.7/2.7.8_1/include/ruby-2.7.0/ruby/backward.h:39:1: warning: unknown attribute '__error__' ignored [-Wunknown-attributes]
DECLARE_DEPRECATED_INTERNAL_FEATURE(rb_exec_end_proc);
^~~~~~~~~~~~~~~~~~~~~~~~~~~~~~~~~~~~~~~~~~~~~~~~~~~~~
/opt/homebrew/Cellar/ruby@2.7/2.7.8_1/include/ruby-2.7.0/ruby/backward.h:35:14: note: expanded from macro 'DECLARE_DEPRECATED_INTERNAL_FEATURE'
    NORETURN(ERRORFUNC(("deprecated internal function"), DEPRECATED(void func(void))))
    ~~~~~~~~~^~~~~~~~~~~~~~~~~~~~~~~~~~~~~~~~~~~~~~~~~~~~~~~~~~~~~~~~~~~~~~~~~~~~~~~~~
/opt/homebrew/Cellar/ruby@2.7/2.7.8_1/include/ruby-2.7.0/arm64-darwin22/ruby/config.h:160:43: note: expanded from macro 'ERRORFUNC'
#define ERRORFUNC(mesg,x) __attribute__ ((__error__ mesg)) x
                                          ^
/opt/homebrew/Cellar/ruby@2.7/2.7.8_1/include/ruby-2.7.0/arm64-darwin22/ruby/config.h:149:52: note: expanded from macro 'NORETURN'
#define NORETURN(x) __attribute__ ((__noreturn__)) x
                                                   ^
In file included from conftest.c:1:
In file included from /opt/homebrew/Cellar/ruby@2.7/2.7.8_1/include/ruby-2.7.0/ruby.h:33:
In file included from /opt/homebrew/Cellar/ruby@2.7/2.7.8_1/include/ruby-2.7.0/ruby/ruby.h:2762:
/opt/homebrew/Cellar/ruby@2.7/2.7.8_1/include/ruby-2.7.0/ruby/backward.h:42:1: warning: unknown attribute '__error__' ignored [-Wunknown-attributes]
DECLARE_DEPRECATED_INTERNAL_FEATURE(rb_compile_error);
^~~~~~~~~~~~~~~~~~~~~~~~~~~~~~~~~~~~~~~~~~~~~~~~~~~~~
/opt/homebrew/Cellar/ruby@2.7/2.7.8_1/include/ruby-2.7.0/ruby/backward.h:35:14: note: expanded from macro 'DECLARE_DEPRECATED_INTERNAL_FEATURE'
    NORETURN(ERRORFUNC(("deprecated internal function"), DEPRECATED(void func(void))))
    ~~~~~~~~~^~~~~~~~~~~~~~~~~~~~~~~~~~~~~~~~~~~~~~~~~~~~~~~~~~~~~~~~~~~~~~~~~~~~~~~~~
/opt/homebrew/Cellar/ruby@2.7/2.7.8_1/include/ruby-2.7.0/arm64-darwin22/ruby/config.h:160:43: note: expanded from macro 'ERRORFUNC'
#define ERRORFUNC(mesg,x) __attribute__ ((__error__ mesg)) x
                                          ^
/opt/homebrew/Cellar/ruby@2.7/2.7.8_1/include/ruby-2.7.0/arm64-darwin22/ruby/config.h:149:52: note: expanded from macro 'NORETURN'
#define NORETURN(x) __attribute__ ((__noreturn__)) x
                                                   ^
In file included from conftest.c:1:
In file included from /opt/homebrew/Cellar/ruby@2.7/2.7.8_1/include/ruby-2.7.0/ruby.h:33:
In file included from /opt/homebrew/Cellar/ruby@2.7/2.7.8_1/include/ruby-2.7.0/ruby/ruby.h:2762:
/opt/homebrew/Cellar/ruby@2.7/2.7.8_1/include/ruby-2.7.0/ruby/backward.h:43:1: warning: unknown attribute '__error__' ignored [-Wunknown-attributes]
DECLARE_DEPRECATED_INTERNAL_FEATURE(rb_compile_error_with_enc);
^~~~~~~~~~~~~~~~~~~~~~~~~~~~~~~~~~~~~~~~~~~~~~~~~~~~~~~~~~~~~~
/opt/homebrew/Cellar/ruby@2.7/2.7.8_1/include/ruby-2.7.0/ruby/backward.h:35:14: note: expanded from macro 'DECLARE_DEPRECATED_INTERNAL_FEATURE'
    NORETURN(ERRORFUNC(("deprecated internal function"), DEPRECATED(void func(void))))
    ~~~~~~~~~^~~~~~~~~~~~~~~~~~~~~~~~~~~~~~~~~~~~~~~~~~~~~~~~~~~~~~~~~~~~~~~~~~~~~~~~~
/opt/homebrew/Cellar/ruby@2.7/2.7.8_1/include/ruby-2.7.0/arm64-darwin22/ruby/config.h:160:43: note: expanded from macro 'ERRORFUNC'
#define ERRORFUNC(mesg,x) __attribute__ ((__error__ mesg)) x
                                          ^
/opt/homebrew/Cellar/ruby@2.7/2.7.8_1/include/ruby-2.7.0/arm64-darwin22/ruby/config.h:149:52: note: expanded from macro 'NORETURN'
#define NORETURN(x) __attribute__ ((__noreturn__)) x
                                                   ^
In file included from conftest.c:1:
In file included from /opt/homebrew/Cellar/ruby@2.7/2.7.8_1/include/ruby-2.7.0/ruby.h:33:
In file included from /opt/homebrew/Cellar/ruby@2.7/2.7.8_1/include/ruby-2.7.0/ruby/ruby.h:2762:
/opt/homebrew/Cellar/ruby@2.7/2.7.8_1/include/ruby-2.7.0/ruby/backward.h:44:1: warning: unknown attribute '__error__' ignored [-Wunknown-attributes]
DECLARE_DEPRECATED_INTERNAL_FEATURE(rb_compile_error_append);
^~~~~~~~~~~~~~~~~~~~~~~~~~~~~~~~~~~~~~~~~~~~~~~~~~~~~~~~~~~~
/opt/homebrew/Cellar/ruby@2.7/2.7.8_1/include/ruby-2.7.0/ruby/backward.h:35:14: note: expanded from macro 'DECLARE_DEPRECATED_INTERNAL_FEATURE'
    NORETURN(ERRORFUNC(("deprecated internal function"), DEPRECATED(void func(void))))
    ~~~~~~~~~^~~~~~~~~~~~~~~~~~~~~~~~~~~~~~~~~~~~~~~~~~~~~~~~~~~~~~~~~~~~~~~~~~~~~~~~~
/opt/homebrew/Cellar/ruby@2.7/2.7.8_1/include/ruby-2.7.0/arm64-darwin22/ruby/config.h:160:43: note: expanded from macro 'ERRORFUNC'
#define ERRORFUNC(mesg,x) __attribute__ ((__error__ mesg)) x
                                          ^
/opt/homebrew/Cellar/ruby@2.7/2.7.8_1/include/ruby-2.7.0/arm64-darwin22/ruby/config.h:149:52: note: expanded from macro 'NORETURN'
#define NORETURN(x) __attribute__ ((__noreturn__)) x
                                                   ^
In file included from conftest.c:1:
In file included from /opt/homebrew/Cellar/ruby@2.7/2.7.8_1/include/ruby-2.7.0/ruby.h:33:
In file included from /opt/homebrew/Cellar/ruby@2.7/2.7.8_1/include/ruby-2.7.0/ruby/ruby.h:2762:
/opt/homebrew/Cellar/ruby@2.7/2.7.8_1/include/ruby-2.7.0/ruby/backward.h:47:1: warning: unknown attribute '__error__' ignored [-Wunknown-attributes]
DECLARE_DEPRECATED_INTERNAL_FEATURE(rb_gc_call_finalizer_at_exit);
^~~~~~~~~~~~~~~~~~~~~~~~~~~~~~~~~~~~~~~~~~~~~~~~~~~~~~~~~~~~~~~~~
/opt/homebrew/Cellar/ruby@2.7/2.7.8_1/include/ruby-2.7.0/ruby/backward.h:35:14: note: expanded from macro 'DECLARE_DEPRECATED_INTERNAL_FEATURE'
    NORETURN(ERRORFUNC(("deprecated internal function"), DEPRECATED(void func(void))))
    ~~~~~~~~~^~~~~~~~~~~~~~~~~~~~~~~~~~~~~~~~~~~~~~~~~~~~~~~~~~~~~~~~~~~~~~~~~~~~~~~~~
/opt/homebrew/Cellar/ruby@2.7/2.7.8_1/include/ruby-2.7.0/arm64-darwin22/ruby/config.h:160:43: note: expanded from macro 'ERRORFUNC'
#define ERRORFUNC(mesg,x) __attribute__ ((__error__ mesg)) x
                                          ^
/opt/homebrew/Cellar/ruby@2.7/2.7.8_1/include/ruby-2.7.0/arm64-darwin22/ruby/config.h:149:52: note: expanded from macro 'NORETURN'
#define NORETURN(x) __attribute__ ((__noreturn__)) x
                                                   ^
In file included from conftest.c:1:
In file included from /opt/homebrew/Cellar/ruby@2.7/2.7.8_1/include/ruby-2.7.0/ruby.h:33:
In file included from /opt/homebrew/Cellar/ruby@2.7/2.7.8_1/include/ruby-2.7.0/ruby/ruby.h:2762:
/opt/homebrew/Cellar/ruby@2.7/2.7.8_1/include/ruby-2.7.0/ruby/backward.h:50:1: warning: unknown attribute '__error__' ignored [-Wunknown-attributes]
DECLARE_DEPRECATED_INTERNAL_FEATURE(rb_trap_exit);
^~~~~~~~~~~~~~~~~~~~~~~~~~~~~~~~~~~~~~~~~~~~~~~~~
/opt/homebrew/Cellar/ruby@2.7/2.7.8_1/include/ruby-2.7.0/ruby/backward.h:35:14: note: expanded from macro 'DECLARE_DEPRECATED_INTERNAL_FEATURE'
    NORETURN(ERRORFUNC(("deprecated internal function"), DEPRECATED(void func(void))))
    ~~~~~~~~~^~~~~~~~~~~~~~~~~~~~~~~~~~~~~~~~~~~~~~~~~~~~~~~~~~~~~~~~~~~~~~~~~~~~~~~~~
/opt/homebrew/Cellar/ruby@2.7/2.7.8_1/include/ruby-2.7.0/arm64-darwin22/ruby/config.h:160:43: note: expanded from macro 'ERRORFUNC'
#define ERRORFUNC(mesg,x) __attribute__ ((__error__ mesg)) x
                                          ^
/opt/homebrew/Cellar/ruby@2.7/2.7.8_1/include/ruby-2.7.0/arm64-darwin22/ruby/config.h:149:52: note: expanded from macro 'NORETURN'
#define NORETURN(x) __attribute__ ((__noreturn__)) x
                                                   ^
In file included from conftest.c:1:
In file included from /opt/homebrew/Cellar/ruby@2.7/2.7.8_1/include/ruby-2.7.0/ruby.h:33:
In file included from /opt/homebrew/Cellar/ruby@2.7/2.7.8_1/include/ruby-2.7.0/ruby/ruby.h:2762:
/opt/homebrew/Cellar/ruby@2.7/2.7.8_1/include/ruby-2.7.0/ruby/backward.h:53:1: warning: unknown attribute '__error__' ignored [-Wunknown-attributes]
DECLARE_DEPRECATED_INTERNAL_FEATURE(rb_struct_ptr);
^~~~~~~~~~~~~~~~~~~~~~~~~~~~~~~~~~~~~~~~~~~~~~~~~~
/opt/homebrew/Cellar/ruby@2.7/2.7.8_1/include/ruby-2.7.0/ruby/backward.h:35:14: note: expanded from macro 'DECLARE_DEPRECATED_INTERNAL_FEATURE'
    NORETURN(ERRORFUNC(("deprecated internal function"), DEPRECATED(void func(void))))
    ~~~~~~~~~^~~~~~~~~~~~~~~~~~~~~~~~~~~~~~~~~~~~~~~~~~~~~~~~~~~~~~~~~~~~~~~~~~~~~~~~~
/opt/homebrew/Cellar/ruby@2.7/2.7.8_1/include/ruby-2.7.0/arm64-darwin22/ruby/config.h:160:43: note: expanded from macro 'ERRORFUNC'
#define ERRORFUNC(mesg,x) __attribute__ ((__error__ mesg)) x
                                          ^
/opt/homebrew/Cellar/ruby@2.7/2.7.8_1/include/ruby-2.7.0/arm64-darwin22/ruby/config.h:149:52: note: expanded from macro 'NORETURN'
#define NORETURN(x) __attribute__ ((__noreturn__)) x
                                                   ^
In file included from conftest.c:1:
In file included from /opt/homebrew/Cellar/ruby@2.7/2.7.8_1/include/ruby-2.7.0/ruby.h:33:
In file included from /opt/homebrew/Cellar/ruby@2.7/2.7.8_1/include/ruby-2.7.0/ruby/ruby.h:2762:
/opt/homebrew/Cellar/ruby@2.7/2.7.8_1/include/ruby-2.7.0/ruby/backward.h:56:1: warning: unknown attribute '__error__' ignored [-Wunknown-attributes]
DECLARE_DEPRECATED_INTERNAL_FEATURE(rb_clear_trace_func);
^~~~~~~~~~~~~~~~~~~~~~~~~~~~~~~~~~~~~~~~~~~~~~~~~~~~~~~~
/opt/homebrew/Cellar/ruby@2.7/2.7.8_1/include/ruby-2.7.0/ruby/backward.h:35:14: note: expanded from macro 'DECLARE_DEPRECATED_INTERNAL_FEATURE'
    NORETURN(ERRORFUNC(("deprecated internal function"), DEPRECATED(void func(void))))
    ~~~~~~~~~^~~~~~~~~~~~~~~~~~~~~~~~~~~~~~~~~~~~~~~~~~~~~~~~~~~~~~~~~~~~~~~~~~~~~~~~~
/opt/homebrew/Cellar/ruby@2.7/2.7.8_1/include/ruby-2.7.0/arm64-darwin22/ruby/config.h:160:43: note: expanded from macro 'ERRORFUNC'
#define ERRORFUNC(mesg,x) __attribute__ ((__error__ mesg)) x
                                          ^
/opt/homebrew/Cellar/ruby@2.7/2.7.8_1/include/ruby-2.7.0/arm64-darwin22/ruby/config.h:149:52: note: expanded from macro 'NORETURN'
#define NORETURN(x) __attribute__ ((__noreturn__)) x
                                                   ^
In file included from conftest.c:1:
In file included from /opt/homebrew/Cellar/ruby@2.7/2.7.8_1/include/ruby-2.7.0/ruby.h:33:
In file included from /opt/homebrew/Cellar/ruby@2.7/2.7.8_1/include/ruby-2.7.0/ruby/ruby.h:2762:
/opt/homebrew/Cellar/ruby@2.7/2.7.8_1/include/ruby-2.7.0/ruby/backward.h:59:1: warning: unknown attribute '__error__' ignored [-Wunknown-attributes]
DECLARE_DEPRECATED_INTERNAL_FEATURE(rb_generic_ivar_table);
^~~~~~~~~~~~~~~~~~~~~~~~~~~~~~~~~~~~~~~~~~~~~~~~~~~~~~~~~~
/opt/homebrew/Cellar/ruby@2.7/2.7.8_1/include/ruby-2.7.0/ruby/backward.h:35:14: note: expanded from macro 'DECLARE_DEPRECATED_INTERNAL_FEATURE'
    NORETURN(ERRORFUNC(("deprecated internal function"), DEPRECATED(void func(void))))
    ~~~~~~~~~^~~~~~~~~~~~~~~~~~~~~~~~~~~~~~~~~~~~~~~~~~~~~~~~~~~~~~~~~~~~~~~~~~~~~~~~~
/opt/homebrew/Cellar/ruby@2.7/2.7.8_1/include/ruby-2.7.0/arm64-darwin22/ruby/config.h:160:43: note: expanded from macro 'ERRORFUNC'
#define ERRORFUNC(mesg,x) __attribute__ ((__error__ mesg)) x
                                          ^
/opt/homebrew/Cellar/ruby@2.7/2.7.8_1/include/ruby-2.7.0/arm64-darwin22/ruby/config.h:149:52: note: expanded from macro 'NORETURN'
#define NORETURN(x) __attribute__ ((__noreturn__)) x
                                                   ^
In file included from conftest.c:1:
In file included from /opt/homebrew/Cellar/ruby@2.7/2.7.8_1/include/ruby-2.7.0/ruby.h:33:
In file included from /opt/homebrew/Cellar/ruby@2.7/2.7.8_1/include/ruby-2.7.0/ruby/ruby.h:2762:
/opt/homebrew/Cellar/ruby@2.7/2.7.8_1/include/ruby-2.7.0/ruby/backward.h:60:10: warning: unknown attribute '__error__' ignored [-Wunknown-attributes]
NORETURN(ERRORFUNC(("internal function"), VALUE rb_mod_const_missing(VALUE, VALUE)));
~~~~~~~~~^~~~~~~~~~~~~~~~~~~~~~~~~~~~~~~~~~~~~~~~~~~~~~~~~~~~~~~~~~~~~~~~~~~~~~~~~~~
/opt/homebrew/Cellar/ruby@2.7/2.7.8_1/include/ruby-2.7.0/arm64-darwin22/ruby/config.h:160:43: note: expanded from macro 'ERRORFUNC'
#define ERRORFUNC(mesg,x) __attribute__ ((__error__ mesg)) x
                                          ^
/opt/homebrew/Cellar/ruby@2.7/2.7.8_1/include/ruby-2.7.0/arm64-darwin22/ruby/config.h:149:52: note: expanded from macro 'NORETURN'
#define NORETURN(x) __attribute__ ((__noreturn__)) x
                                                   ^
22 warnings generated.
checked program was:
/* begin */
 1: #include "ruby.h"
 2: 
 3: /*top*/
 4: extern int t(void);
 5: int main(int argc, char **argv)
 6: {
 7:   if (argc > 1000000) {
 8:     int (* volatile tp)(void)=(int (*)(void))&t;
 9:     printf("%d", (*tp)());
10:   }
11: 
12:   return !!argv[argc];
13: }
14: extern void ffi_prep_raw_closure();
15: int t(void) { ffi_prep_raw_closure(); return 0; }
/* end */

--------------------

block in append_ldflags: checking for whether -pthread is accepted as LDFLAGS... -------------------- yes

"clang -o conftest -I/opt/homebrew/Cellar/ruby@2.7/2.7.8_1/include/ruby-2.7.0/arm64-darwin22 -I/opt/homebrew/Cellar/ruby@2.7/2.7.8_1/include/ruby-2.7.0/ruby/backward -I/opt/homebrew/Cellar/ruby@2.7/2.7.8_1/include/ruby-2.7.0 -I. -I/Library/Developer/CommandLineTools/SDKs/MacOSX.sdk/usr/include/ffi  -I/opt/homebrew/opt/libyaml/include -I/opt/homebrew/opt/openssl@3/include -I/opt/homebrew/opt/readline/include -D_XOPEN_SOURCE -D_DARWIN_C_SOURCE -D_DARWIN_UNLIMITED_SELECT -D_REENTRANT   -g -O2 -fno-common -pipe conftest.c  -L. -L/opt/homebrew/Cellar/ruby@2.7/2.7.8_1/lib -L/opt/homebrew/opt/libyaml/lib -L/opt/homebrew/opt/openssl@3/lib -L/opt/homebrew/opt/readline/lib -L. -fstack-protector-strong -L/opt/homebrew/lib -L/opt/homebrew/opt/libyaml/lib -L/opt/homebrew/opt/openssl@3/lib -L/opt/homebrew/opt/readline/lib  -m64  -lffi  -lruby.2.7 -pthread  "
In file included from conftest.c:1:
In file included from /opt/homebrew/Cellar/ruby@2.7/2.7.8_1/include/ruby-2.7.0/ruby.h:33:
/opt/homebrew/Cellar/ruby@2.7/2.7.8_1/include/ruby-2.7.0/ruby/ruby.h:1865:1: warning: unknown attribute '__error__' ignored [-Wunknown-attributes]
ERRORFUNC((" argument length doesn't match"), int rb_varargs_bad_length(int,int));
^~~~~~~~~~~~~~~~~~~~~~~~~~~~~~~~~~~~~~~~~~~~~~~~~~~~~~~~~~~~~~~~~~~~~~~~~~~~~~~~~
/opt/homebrew/Cellar/ruby@2.7/2.7.8_1/include/ruby-2.7.0/arm64-darwin22/ruby/config.h:160:43: note: expanded from macro 'ERRORFUNC'
#define ERRORFUNC(mesg,x) __attribute__ ((__error__ mesg)) x
                                          ^~~~~~~~~~~~~~
In file included from conftest.c:1:
In file included from /opt/homebrew/Cellar/ruby@2.7/2.7.8_1/include/ruby-2.7.0/ruby.h:33:
/opt/homebrew/Cellar/ruby@2.7/2.7.8_1/include/ruby-2.7.0/ruby/ruby.h:2347:1: warning: unknown attribute '__error__' ignored [-Wunknown-attributes]
ERRORFUNC(("bad scan arg format"), void rb_scan_args_bad_format(const char*));
^~~~~~~~~~~~~~~~~~~~~~~~~~~~~~~~~~~~~~~~~~~~~~~~~~~~~~~~~~~~~~~~~~~~~~~~~~~~~
/opt/homebrew/Cellar/ruby@2.7/2.7.8_1/include/ruby-2.7.0/arm64-darwin22/ruby/config.h:160:43: note: expanded from macro 'ERRORFUNC'
#define ERRORFUNC(mesg,x) __attribute__ ((__error__ mesg)) x
                                          ^~~~~~~~~~~~~~
In file included from conftest.c:1:
In file included from /opt/homebrew/Cellar/ruby@2.7/2.7.8_1/include/ruby-2.7.0/ruby.h:33:
/opt/homebrew/Cellar/ruby@2.7/2.7.8_1/include/ruby-2.7.0/ruby/ruby.h:2348:1: warning: unknown attribute '__error__' ignored [-Wunknown-attributes]
ERRORFUNC(("variable argument length doesn't match"), void rb_scan_args_length_mismatch(const char*,int));
^~~~~~~~~~~~~~~~~~~~~~~~~~~~~~~~~~~~~~~~~~~~~~~~~~~~~~~~~~~~~~~~~~~~~~~~~~~~~~~~~~~~~~~~~~~~~~~~~~~~~~~~~
/opt/homebrew/Cellar/ruby@2.7/2.7.8_1/include/ruby-2.7.0/arm64-darwin22/ruby/config.h:160:43: note: expanded from macro 'ERRORFUNC'
#define ERRORFUNC(mesg,x) __attribute__ ((__error__ mesg)) x
                                          ^~~~~~~~~~~~~~
In file included from conftest.c:1:
In file included from /opt/homebrew/Cellar/ruby@2.7/2.7.8_1/include/ruby-2.7.0/ruby.h:33:
In file included from /opt/homebrew/Cellar/ruby@2.7/2.7.8_1/include/ruby-2.7.0/ruby/ruby.h:2762:
/opt/homebrew/Cellar/ruby@2.7/2.7.8_1/include/ruby-2.7.0/ruby/backward.h:16:1: warning: unknown attribute '__error__' ignored [-Wunknown-attributes]
DECLARE_DEPRECATED_FEATURE(2.2, rb_disable_super);
^~~~~~~~~~~~~~~~~~~~~~~~~~~~~~~~~~~~~~~~~~~~~~~~~
/opt/homebrew/Cellar/ruby@2.7/2.7.8_1/include/ruby-2.7.0/ruby/backward.h:13:14: note: expanded from macro 'DECLARE_DEPRECATED_FEATURE'
    NORETURN(ERRORFUNC(("deprecated since "#ver), DEPRECATED(void func(void))))
    ~~~~~~~~~^~~~~~~~~~~~~~~~~~~~~~~~~~~~~~~~~~~~~~~~~~~~~~~~~~~~~~~~~~~~~~~~~~
/opt/homebrew/Cellar/ruby@2.7/2.7.8_1/include/ruby-2.7.0/arm64-darwin22/ruby/config.h:160:43: note: expanded from macro 'ERRORFUNC'
#define ERRORFUNC(mesg,x) __attribute__ ((__error__ mesg)) x
                                          ^
/opt/homebrew/Cellar/ruby@2.7/2.7.8_1/include/ruby-2.7.0/arm64-darwin22/ruby/config.h:149:52: note: expanded from macro 'NORETURN'
#define NORETURN(x) __attribute__ ((__noreturn__)) x
                                                   ^
In file included from conftest.c:1:
In file included from /opt/homebrew/Cellar/ruby@2.7/2.7.8_1/include/ruby-2.7.0/ruby.h:33:
In file included from /opt/homebrew/Cellar/ruby@2.7/2.7.8_1/include/ruby-2.7.0/ruby/ruby.h:2762:
/opt/homebrew/Cellar/ruby@2.7/2.7.8_1/include/ruby-2.7.0/ruby/backward.h:17:1: warning: unknown attribute '__error__' ignored [-Wunknown-attributes]
DECLARE_DEPRECATED_FEATURE(2.2, rb_enable_super);
^~~~~~~~~~~~~~~~~~~~~~~~~~~~~~~~~~~~~~~~~~~~~~~~
/opt/homebrew/Cellar/ruby@2.7/2.7.8_1/include/ruby-2.7.0/ruby/backward.h:13:14: note: expanded from macro 'DECLARE_DEPRECATED_FEATURE'
    NORETURN(ERRORFUNC(("deprecated since "#ver), DEPRECATED(void func(void))))
    ~~~~~~~~~^~~~~~~~~~~~~~~~~~~~~~~~~~~~~~~~~~~~~~~~~~~~~~~~~~~~~~~~~~~~~~~~~~
/opt/homebrew/Cellar/ruby@2.7/2.7.8_1/include/ruby-2.7.0/arm64-darwin22/ruby/config.h:160:43: note: expanded from macro 'ERRORFUNC'
#define ERRORFUNC(mesg,x) __attribute__ ((__error__ mesg)) x
                                          ^
/opt/homebrew/Cellar/ruby@2.7/2.7.8_1/include/ruby-2.7.0/arm64-darwin22/ruby/config.h:149:52: note: expanded from macro 'NORETURN'
#define NORETURN(x) __attribute__ ((__noreturn__)) x
                                                   ^
In file included from conftest.c:1:
In file included from /opt/homebrew/Cellar/ruby@2.7/2.7.8_1/include/ruby-2.7.0/ruby.h:33:
In file included from /opt/homebrew/Cellar/ruby@2.7/2.7.8_1/include/ruby-2.7.0/ruby/ruby.h:2762:
/opt/homebrew/Cellar/ruby@2.7/2.7.8_1/include/ruby-2.7.0/ruby/backward.h:20:1: warning: unknown attribute '__error__' ignored [-Wunknown-attributes]
DECLARE_DEPRECATED_FEATURE(2.2, rb_hash_iter_lev);
^~~~~~~~~~~~~~~~~~~~~~~~~~~~~~~~~~~~~~~~~~~~~~~~~
/opt/homebrew/Cellar/ruby@2.7/2.7.8_1/include/ruby-2.7.0/ruby/backward.h:13:14: note: expanded from macro 'DECLARE_DEPRECATED_FEATURE'
    NORETURN(ERRORFUNC(("deprecated since "#ver), DEPRECATED(void func(void))))
    ~~~~~~~~~^~~~~~~~~~~~~~~~~~~~~~~~~~~~~~~~~~~~~~~~~~~~~~~~~~~~~~~~~~~~~~~~~~
/opt/homebrew/Cellar/ruby@2.7/2.7.8_1/include/ruby-2.7.0/arm64-darwin22/ruby/config.h:160:43: note: expanded from macro 'ERRORFUNC'
#define ERRORFUNC(mesg,x) __attribute__ ((__error__ mesg)) x
                                          ^
/opt/homebrew/Cellar/ruby@2.7/2.7.8_1/include/ruby-2.7.0/arm64-darwin22/ruby/config.h:149:52: note: expanded from macro 'NORETURN'
#define NORETURN(x) __attribute__ ((__noreturn__)) x
                                                   ^
In file included from conftest.c:1:
In file included from /opt/homebrew/Cellar/ruby@2.7/2.7.8_1/include/ruby-2.7.0/ruby.h:33:
In file included from /opt/homebrew/Cellar/ruby@2.7/2.7.8_1/include/ruby-2.7.0/ruby/ruby.h:2762:
/opt/homebrew/Cellar/ruby@2.7/2.7.8_1/include/ruby-2.7.0/ruby/backward.h:21:1: warning: unknown attribute '__error__' ignored [-Wunknown-attributes]
DECLARE_DEPRECATED_FEATURE(2.2, rb_hash_ifnone);
^~~~~~~~~~~~~~~~~~~~~~~~~~~~~~~~~~~~~~~~~~~~~~~
/opt/homebrew/Cellar/ruby@2.7/2.7.8_1/include/ruby-2.7.0/ruby/backward.h:13:14: note: expanded from macro 'DECLARE_DEPRECATED_FEATURE'
    NORETURN(ERRORFUNC(("deprecated since "#ver), DEPRECATED(void func(void))))
    ~~~~~~~~~^~~~~~~~~~~~~~~~~~~~~~~~~~~~~~~~~~~~~~~~~~~~~~~~~~~~~~~~~~~~~~~~~~
/opt/homebrew/Cellar/ruby@2.7/2.7.8_1/include/ruby-2.7.0/arm64-darwin22/ruby/config.h:160:43: note: expanded from macro 'ERRORFUNC'
#define ERRORFUNC(mesg,x) __attribute__ ((__error__ mesg)) x
                                          ^
/opt/homebrew/Cellar/ruby@2.7/2.7.8_1/include/ruby-2.7.0/arm64-darwin22/ruby/config.h:149:52: note: expanded from macro 'NORETURN'
#define NORETURN(x) __attribute__ ((__noreturn__)) x
                                                   ^
In file included from conftest.c:1:
In file included from /opt/homebrew/Cellar/ruby@2.7/2.7.8_1/include/ruby-2.7.0/ruby.h:33:
In file included from /opt/homebrew/Cellar/ruby@2.7/2.7.8_1/include/ruby-2.7.0/ruby/ruby.h:2762:
/opt/homebrew/Cellar/ruby@2.7/2.7.8_1/include/ruby-2.7.0/ruby/backward.h:24:1: warning: unknown attribute '__error__' ignored [-Wunknown-attributes]
DECLARE_DEPRECATED_FEATURE(2.2, rb_str_associate);
^~~~~~~~~~~~~~~~~~~~~~~~~~~~~~~~~~~~~~~~~~~~~~~~~
/opt/homebrew/Cellar/ruby@2.7/2.7.8_1/include/ruby-2.7.0/ruby/backward.h:13:14: note: expanded from macro 'DECLARE_DEPRECATED_FEATURE'
    NORETURN(ERRORFUNC(("deprecated since "#ver), DEPRECATED(void func(void))))
    ~~~~~~~~~^~~~~~~~~~~~~~~~~~~~~~~~~~~~~~~~~~~~~~~~~~~~~~~~~~~~~~~~~~~~~~~~~~
/opt/homebrew/Cellar/ruby@2.7/2.7.8_1/include/ruby-2.7.0/arm64-darwin22/ruby/config.h:160:43: note: expanded from macro 'ERRORFUNC'
#define ERRORFUNC(mesg,x) __attribute__ ((__error__ mesg)) x
                                          ^
/opt/homebrew/Cellar/ruby@2.7/2.7.8_1/include/ruby-2.7.0/arm64-darwin22/ruby/config.h:149:52: note: expanded from macro 'NORETURN'
#define NORETURN(x) __attribute__ ((__noreturn__)) x
                                                   ^
In file included from conftest.c:1:
In file included from /opt/homebrew/Cellar/ruby@2.7/2.7.8_1/include/ruby-2.7.0/ruby.h:33:
In file included from /opt/homebrew/Cellar/ruby@2.7/2.7.8_1/include/ruby-2.7.0/ruby/ruby.h:2762:
/opt/homebrew/Cellar/ruby@2.7/2.7.8_1/include/ruby-2.7.0/ruby/backward.h:25:1: warning: unknown attribute '__error__' ignored [-Wunknown-attributes]
DECLARE_DEPRECATED_FEATURE(2.2, rb_str_associated);
^~~~~~~~~~~~~~~~~~~~~~~~~~~~~~~~~~~~~~~~~~~~~~~~~~
/opt/homebrew/Cellar/ruby@2.7/2.7.8_1/include/ruby-2.7.0/ruby/backward.h:13:14: note: expanded from macro 'DECLARE_DEPRECATED_FEATURE'
    NORETURN(ERRORFUNC(("deprecated since "#ver), DEPRECATED(void func(void))))
    ~~~~~~~~~^~~~~~~~~~~~~~~~~~~~~~~~~~~~~~~~~~~~~~~~~~~~~~~~~~~~~~~~~~~~~~~~~~
/opt/homebrew/Cellar/ruby@2.7/2.7.8_1/include/ruby-2.7.0/arm64-darwin22/ruby/config.h:160:43: note: expanded from macro 'ERRORFUNC'
#define ERRORFUNC(mesg,x) __attribute__ ((__error__ mesg)) x
                                          ^
/opt/homebrew/Cellar/ruby@2.7/2.7.8_1/include/ruby-2.7.0/arm64-darwin22/ruby/config.h:149:52: note: expanded from macro 'NORETURN'
#define NORETURN(x) __attribute__ ((__noreturn__)) x
                                                   ^
In file included from conftest.c:1:
In file included from /opt/homebrew/Cellar/ruby@2.7/2.7.8_1/include/ruby-2.7.0/ruby.h:33:
In file included from /opt/homebrew/Cellar/ruby@2.7/2.7.8_1/include/ruby-2.7.0/ruby/ruby.h:2762:
/opt/homebrew/Cellar/ruby@2.7/2.7.8_1/include/ruby-2.7.0/ruby/backward.h:31:1: warning: unknown attribute '__error__' ignored [-Wunknown-attributes]
DECLARE_DEPRECATED_FEATURE(2.2, rb_clear_cache);
^~~~~~~~~~~~~~~~~~~~~~~~~~~~~~~~~~~~~~~~~~~~~~~
/opt/homebrew/Cellar/ruby@2.7/2.7.8_1/include/ruby-2.7.0/ruby/backward.h:13:14: note: expanded from macro 'DECLARE_DEPRECATED_FEATURE'
    NORETURN(ERRORFUNC(("deprecated since "#ver), DEPRECATED(void func(void))))
    ~~~~~~~~~^~~~~~~~~~~~~~~~~~~~~~~~~~~~~~~~~~~~~~~~~~~~~~~~~~~~~~~~~~~~~~~~~~
/opt/homebrew/Cellar/ruby@2.7/2.7.8_1/include/ruby-2.7.0/arm64-darwin22/ruby/config.h:160:43: note: expanded from macro 'ERRORFUNC'
#define ERRORFUNC(mesg,x) __attribute__ ((__error__ mesg)) x
                                          ^
/opt/homebrew/Cellar/ruby@2.7/2.7.8_1/include/ruby-2.7.0/arm64-darwin22/ruby/config.h:149:52: note: expanded from macro 'NORETURN'
#define NORETURN(x) __attribute__ ((__noreturn__)) x
                                                   ^
In file included from conftest.c:1:
In file included from /opt/homebrew/Cellar/ruby@2.7/2.7.8_1/include/ruby-2.7.0/ruby.h:33:
In file included from /opt/homebrew/Cellar/ruby@2.7/2.7.8_1/include/ruby-2.7.0/ruby/ruby.h:2762:
/opt/homebrew/Cellar/ruby@2.7/2.7.8_1/include/ruby-2.7.0/ruby/backward.h:32:1: warning: unknown attribute '__error__' ignored [-Wunknown-attributes]
DECLARE_DEPRECATED_FEATURE(2.2, rb_frame_pop);
^~~~~~~~~~~~~~~~~~~~~~~~~~~~~~~~~~~~~~~~~~~~~
/opt/homebrew/Cellar/ruby@2.7/2.7.8_1/include/ruby-2.7.0/ruby/backward.h:13:14: note: expanded from macro 'DECLARE_DEPRECATED_FEATURE'
    NORETURN(ERRORFUNC(("deprecated since "#ver), DEPRECATED(void func(void))))
    ~~~~~~~~~^~~~~~~~~~~~~~~~~~~~~~~~~~~~~~~~~~~~~~~~~~~~~~~~~~~~~~~~~~~~~~~~~~
/opt/homebrew/Cellar/ruby@2.7/2.7.8_1/include/ruby-2.7.0/arm64-darwin22/ruby/config.h:160:43: note: expanded from macro 'ERRORFUNC'
#define ERRORFUNC(mesg,x) __attribute__ ((__error__ mesg)) x
                                          ^
/opt/homebrew/Cellar/ruby@2.7/2.7.8_1/include/ruby-2.7.0/arm64-darwin22/ruby/config.h:149:52: note: expanded from macro 'NORETURN'
#define NORETURN(x) __attribute__ ((__noreturn__)) x
                                                   ^
In file included from conftest.c:1:
In file included from /opt/homebrew/Cellar/ruby@2.7/2.7.8_1/include/ruby-2.7.0/ruby.h:33:
In file included from /opt/homebrew/Cellar/ruby@2.7/2.7.8_1/include/ruby-2.7.0/ruby/ruby.h:2762:
/opt/homebrew/Cellar/ruby@2.7/2.7.8_1/include/ruby-2.7.0/ruby/backward.h:38:10: warning: unknown attribute '__error__' ignored [-Wunknown-attributes]
NORETURN(ERRORFUNC(("internal function"), void rb_frozen_class_p(VALUE)));
~~~~~~~~~^~~~~~~~~~~~~~~~~~~~~~~~~~~~~~~~~~~~~~~~~~~~~~~~~~~~~~~~~~~~~~~~
/opt/homebrew/Cellar/ruby@2.7/2.7.8_1/include/ruby-2.7.0/arm64-darwin22/ruby/config.h:160:43: note: expanded from macro 'ERRORFUNC'
#define ERRORFUNC(mesg,x) __attribute__ ((__error__ mesg)) x
                                          ^
/opt/homebrew/Cellar/ruby@2.7/2.7.8_1/include/ruby-2.7.0/arm64-darwin22/ruby/config.h:149:52: note: expanded from macro 'NORETURN'
#define NORETURN(x) __attribute__ ((__noreturn__)) x
                                                   ^
In file included from conftest.c:1:
In file included from /opt/homebrew/Cellar/ruby@2.7/2.7.8_1/include/ruby-2.7.0/ruby.h:33:
In file included from /opt/homebrew/Cellar/ruby@2.7/2.7.8_1/include/ruby-2.7.0/ruby/ruby.h:2762:
/opt/homebrew/Cellar/ruby@2.7/2.7.8_1/include/ruby-2.7.0/ruby/backward.h:39:1: warning: unknown attribute '__error__' ignored [-Wunknown-attributes]
DECLARE_DEPRECATED_INTERNAL_FEATURE(rb_exec_end_proc);
^~~~~~~~~~~~~~~~~~~~~~~~~~~~~~~~~~~~~~~~~~~~~~~~~~~~~
/opt/homebrew/Cellar/ruby@2.7/2.7.8_1/include/ruby-2.7.0/ruby/backward.h:35:14: note: expanded from macro 'DECLARE_DEPRECATED_INTERNAL_FEATURE'
    NORETURN(ERRORFUNC(("deprecated internal function"), DEPRECATED(void func(void))))
    ~~~~~~~~~^~~~~~~~~~~~~~~~~~~~~~~~~~~~~~~~~~~~~~~~~~~~~~~~~~~~~~~~~~~~~~~~~~~~~~~~~
/opt/homebrew/Cellar/ruby@2.7/2.7.8_1/include/ruby-2.7.0/arm64-darwin22/ruby/config.h:160:43: note: expanded from macro 'ERRORFUNC'
#define ERRORFUNC(mesg,x) __attribute__ ((__error__ mesg)) x
                                          ^
/opt/homebrew/Cellar/ruby@2.7/2.7.8_1/include/ruby-2.7.0/arm64-darwin22/ruby/config.h:149:52: note: expanded from macro 'NORETURN'
#define NORETURN(x) __attribute__ ((__noreturn__)) x
                                                   ^
In file included from conftest.c:1:
In file included from /opt/homebrew/Cellar/ruby@2.7/2.7.8_1/include/ruby-2.7.0/ruby.h:33:
In file included from /opt/homebrew/Cellar/ruby@2.7/2.7.8_1/include/ruby-2.7.0/ruby/ruby.h:2762:
/opt/homebrew/Cellar/ruby@2.7/2.7.8_1/include/ruby-2.7.0/ruby/backward.h:42:1: warning: unknown attribute '__error__' ignored [-Wunknown-attributes]
DECLARE_DEPRECATED_INTERNAL_FEATURE(rb_compile_error);
^~~~~~~~~~~~~~~~~~~~~~~~~~~~~~~~~~~~~~~~~~~~~~~~~~~~~
/opt/homebrew/Cellar/ruby@2.7/2.7.8_1/include/ruby-2.7.0/ruby/backward.h:35:14: note: expanded from macro 'DECLARE_DEPRECATED_INTERNAL_FEATURE'
    NORETURN(ERRORFUNC(("deprecated internal function"), DEPRECATED(void func(void))))
    ~~~~~~~~~^~~~~~~~~~~~~~~~~~~~~~~~~~~~~~~~~~~~~~~~~~~~~~~~~~~~~~~~~~~~~~~~~~~~~~~~~
/opt/homebrew/Cellar/ruby@2.7/2.7.8_1/include/ruby-2.7.0/arm64-darwin22/ruby/config.h:160:43: note: expanded from macro 'ERRORFUNC'
#define ERRORFUNC(mesg,x) __attribute__ ((__error__ mesg)) x
                                          ^
/opt/homebrew/Cellar/ruby@2.7/2.7.8_1/include/ruby-2.7.0/arm64-darwin22/ruby/config.h:149:52: note: expanded from macro 'NORETURN'
#define NORETURN(x) __attribute__ ((__noreturn__)) x
                                                   ^
In file included from conftest.c:1:
In file included from /opt/homebrew/Cellar/ruby@2.7/2.7.8_1/include/ruby-2.7.0/ruby.h:33:
In file included from /opt/homebrew/Cellar/ruby@2.7/2.7.8_1/include/ruby-2.7.0/ruby/ruby.h:2762:
/opt/homebrew/Cellar/ruby@2.7/2.7.8_1/include/ruby-2.7.0/ruby/backward.h:43:1: warning: unknown attribute '__error__' ignored [-Wunknown-attributes]
DECLARE_DEPRECATED_INTERNAL_FEATURE(rb_compile_error_with_enc);
^~~~~~~~~~~~~~~~~~~~~~~~~~~~~~~~~~~~~~~~~~~~~~~~~~~~~~~~~~~~~~
/opt/homebrew/Cellar/ruby@2.7/2.7.8_1/include/ruby-2.7.0/ruby/backward.h:35:14: note: expanded from macro 'DECLARE_DEPRECATED_INTERNAL_FEATURE'
    NORETURN(ERRORFUNC(("deprecated internal function"), DEPRECATED(void func(void))))
    ~~~~~~~~~^~~~~~~~~~~~~~~~~~~~~~~~~~~~~~~~~~~~~~~~~~~~~~~~~~~~~~~~~~~~~~~~~~~~~~~~~
/opt/homebrew/Cellar/ruby@2.7/2.7.8_1/include/ruby-2.7.0/arm64-darwin22/ruby/config.h:160:43: note: expanded from macro 'ERRORFUNC'
#define ERRORFUNC(mesg,x) __attribute__ ((__error__ mesg)) x
                                          ^
/opt/homebrew/Cellar/ruby@2.7/2.7.8_1/include/ruby-2.7.0/arm64-darwin22/ruby/config.h:149:52: note: expanded from macro 'NORETURN'
#define NORETURN(x) __attribute__ ((__noreturn__)) x
                                                   ^
In file included from conftest.c:1:
In file included from /opt/homebrew/Cellar/ruby@2.7/2.7.8_1/include/ruby-2.7.0/ruby.h:33:
In file included from /opt/homebrew/Cellar/ruby@2.7/2.7.8_1/include/ruby-2.7.0/ruby/ruby.h:2762:
/opt/homebrew/Cellar/ruby@2.7/2.7.8_1/include/ruby-2.7.0/ruby/backward.h:44:1: warning: unknown attribute '__error__' ignored [-Wunknown-attributes]
DECLARE_DEPRECATED_INTERNAL_FEATURE(rb_compile_error_append);
^~~~~~~~~~~~~~~~~~~~~~~~~~~~~~~~~~~~~~~~~~~~~~~~~~~~~~~~~~~~
/opt/homebrew/Cellar/ruby@2.7/2.7.8_1/include/ruby-2.7.0/ruby/backward.h:35:14: note: expanded from macro 'DECLARE_DEPRECATED_INTERNAL_FEATURE'
    NORETURN(ERRORFUNC(("deprecated internal function"), DEPRECATED(void func(void))))
    ~~~~~~~~~^~~~~~~~~~~~~~~~~~~~~~~~~~~~~~~~~~~~~~~~~~~~~~~~~~~~~~~~~~~~~~~~~~~~~~~~~
/opt/homebrew/Cellar/ruby@2.7/2.7.8_1/include/ruby-2.7.0/arm64-darwin22/ruby/config.h:160:43: note: expanded from macro 'ERRORFUNC'
#define ERRORFUNC(mesg,x) __attribute__ ((__error__ mesg)) x
                                          ^
/opt/homebrew/Cellar/ruby@2.7/2.7.8_1/include/ruby-2.7.0/arm64-darwin22/ruby/config.h:149:52: note: expanded from macro 'NORETURN'
#define NORETURN(x) __attribute__ ((__noreturn__)) x
                                                   ^
In file included from conftest.c:1:
In file included from /opt/homebrew/Cellar/ruby@2.7/2.7.8_1/include/ruby-2.7.0/ruby.h:33:
In file included from /opt/homebrew/Cellar/ruby@2.7/2.7.8_1/include/ruby-2.7.0/ruby/ruby.h:2762:
/opt/homebrew/Cellar/ruby@2.7/2.7.8_1/include/ruby-2.7.0/ruby/backward.h:47:1: warning: unknown attribute '__error__' ignored [-Wunknown-attributes]
DECLARE_DEPRECATED_INTERNAL_FEATURE(rb_gc_call_finalizer_at_exit);
^~~~~~~~~~~~~~~~~~~~~~~~~~~~~~~~~~~~~~~~~~~~~~~~~~~~~~~~~~~~~~~~~
/opt/homebrew/Cellar/ruby@2.7/2.7.8_1/include/ruby-2.7.0/ruby/backward.h:35:14: note: expanded from macro 'DECLARE_DEPRECATED_INTERNAL_FEATURE'
    NORETURN(ERRORFUNC(("deprecated internal function"), DEPRECATED(void func(void))))
    ~~~~~~~~~^~~~~~~~~~~~~~~~~~~~~~~~~~~~~~~~~~~~~~~~~~~~~~~~~~~~~~~~~~~~~~~~~~~~~~~~~
/opt/homebrew/Cellar/ruby@2.7/2.7.8_1/include/ruby-2.7.0/arm64-darwin22/ruby/config.h:160:43: note: expanded from macro 'ERRORFUNC'
#define ERRORFUNC(mesg,x) __attribute__ ((__error__ mesg)) x
                                          ^
/opt/homebrew/Cellar/ruby@2.7/2.7.8_1/include/ruby-2.7.0/arm64-darwin22/ruby/config.h:149:52: note: expanded from macro 'NORETURN'
#define NORETURN(x) __attribute__ ((__noreturn__)) x
                                                   ^
In file included from conftest.c:1:
In file included from /opt/homebrew/Cellar/ruby@2.7/2.7.8_1/include/ruby-2.7.0/ruby.h:33:
In file included from /opt/homebrew/Cellar/ruby@2.7/2.7.8_1/include/ruby-2.7.0/ruby/ruby.h:2762:
/opt/homebrew/Cellar/ruby@2.7/2.7.8_1/include/ruby-2.7.0/ruby/backward.h:50:1: warning: unknown attribute '__error__' ignored [-Wunknown-attributes]
DECLARE_DEPRECATED_INTERNAL_FEATURE(rb_trap_exit);
^~~~~~~~~~~~~~~~~~~~~~~~~~~~~~~~~~~~~~~~~~~~~~~~~
/opt/homebrew/Cellar/ruby@2.7/2.7.8_1/include/ruby-2.7.0/ruby/backward.h:35:14: note: expanded from macro 'DECLARE_DEPRECATED_INTERNAL_FEATURE'
    NORETURN(ERRORFUNC(("deprecated internal function"), DEPRECATED(void func(void))))
    ~~~~~~~~~^~~~~~~~~~~~~~~~~~~~~~~~~~~~~~~~~~~~~~~~~~~~~~~~~~~~~~~~~~~~~~~~~~~~~~~~~
/opt/homebrew/Cellar/ruby@2.7/2.7.8_1/include/ruby-2.7.0/arm64-darwin22/ruby/config.h:160:43: note: expanded from macro 'ERRORFUNC'
#define ERRORFUNC(mesg,x) __attribute__ ((__error__ mesg)) x
                                          ^
/opt/homebrew/Cellar/ruby@2.7/2.7.8_1/include/ruby-2.7.0/arm64-darwin22/ruby/config.h:149:52: note: expanded from macro 'NORETURN'
#define NORETURN(x) __attribute__ ((__noreturn__)) x
                                                   ^
In file included from conftest.c:1:
In file included from /opt/homebrew/Cellar/ruby@2.7/2.7.8_1/include/ruby-2.7.0/ruby.h:33:
In file included from /opt/homebrew/Cellar/ruby@2.7/2.7.8_1/include/ruby-2.7.0/ruby/ruby.h:2762:
/opt/homebrew/Cellar/ruby@2.7/2.7.8_1/include/ruby-2.7.0/ruby/backward.h:53:1: warning: unknown attribute '__error__' ignored [-Wunknown-attributes]
DECLARE_DEPRECATED_INTERNAL_FEATURE(rb_struct_ptr);
^~~~~~~~~~~~~~~~~~~~~~~~~~~~~~~~~~~~~~~~~~~~~~~~~~
/opt/homebrew/Cellar/ruby@2.7/2.7.8_1/include/ruby-2.7.0/ruby/backward.h:35:14: note: expanded from macro 'DECLARE_DEPRECATED_INTERNAL_FEATURE'
    NORETURN(ERRORFUNC(("deprecated internal function"), DEPRECATED(void func(void))))
    ~~~~~~~~~^~~~~~~~~~~~~~~~~~~~~~~~~~~~~~~~~~~~~~~~~~~~~~~~~~~~~~~~~~~~~~~~~~~~~~~~~
/opt/homebrew/Cellar/ruby@2.7/2.7.8_1/include/ruby-2.7.0/arm64-darwin22/ruby/config.h:160:43: note: expanded from macro 'ERRORFUNC'
#define ERRORFUNC(mesg,x) __attribute__ ((__error__ mesg)) x
                                          ^
/opt/homebrew/Cellar/ruby@2.7/2.7.8_1/include/ruby-2.7.0/arm64-darwin22/ruby/config.h:149:52: note: expanded from macro 'NORETURN'
#define NORETURN(x) __attribute__ ((__noreturn__)) x
                                                   ^
In file included from conftest.c:1:
In file included from /opt/homebrew/Cellar/ruby@2.7/2.7.8_1/include/ruby-2.7.0/ruby.h:33:
In file included from /opt/homebrew/Cellar/ruby@2.7/2.7.8_1/include/ruby-2.7.0/ruby/ruby.h:2762:
/opt/homebrew/Cellar/ruby@2.7/2.7.8_1/include/ruby-2.7.0/ruby/backward.h:56:1: warning: unknown attribute '__error__' ignored [-Wunknown-attributes]
DECLARE_DEPRECATED_INTERNAL_FEATURE(rb_clear_trace_func);
^~~~~~~~~~~~~~~~~~~~~~~~~~~~~~~~~~~~~~~~~~~~~~~~~~~~~~~~
/opt/homebrew/Cellar/ruby@2.7/2.7.8_1/include/ruby-2.7.0/ruby/backward.h:35:14: note: expanded from macro 'DECLARE_DEPRECATED_INTERNAL_FEATURE'
    NORETURN(ERRORFUNC(("deprecated internal function"), DEPRECATED(void func(void))))
    ~~~~~~~~~^~~~~~~~~~~~~~~~~~~~~~~~~~~~~~~~~~~~~~~~~~~~~~~~~~~~~~~~~~~~~~~~~~~~~~~~~
/opt/homebrew/Cellar/ruby@2.7/2.7.8_1/include/ruby-2.7.0/arm64-darwin22/ruby/config.h:160:43: note: expanded from macro 'ERRORFUNC'
#define ERRORFUNC(mesg,x) __attribute__ ((__error__ mesg)) x
                                          ^
/opt/homebrew/Cellar/ruby@2.7/2.7.8_1/include/ruby-2.7.0/arm64-darwin22/ruby/config.h:149:52: note: expanded from macro 'NORETURN'
#define NORETURN(x) __attribute__ ((__noreturn__)) x
                                                   ^
In file included from conftest.c:1:
In file included from /opt/homebrew/Cellar/ruby@2.7/2.7.8_1/include/ruby-2.7.0/ruby.h:33:
In file included from /opt/homebrew/Cellar/ruby@2.7/2.7.8_1/include/ruby-2.7.0/ruby/ruby.h:2762:
/opt/homebrew/Cellar/ruby@2.7/2.7.8_1/include/ruby-2.7.0/ruby/backward.h:59:1: warning: unknown attribute '__error__' ignored [-Wunknown-attributes]
DECLARE_DEPRECATED_INTERNAL_FEATURE(rb_generic_ivar_table);
^~~~~~~~~~~~~~~~~~~~~~~~~~~~~~~~~~~~~~~~~~~~~~~~~~~~~~~~~~
/opt/homebrew/Cellar/ruby@2.7/2.7.8_1/include/ruby-2.7.0/ruby/backward.h:35:14: note: expanded from macro 'DECLARE_DEPRECATED_INTERNAL_FEATURE'
    NORETURN(ERRORFUNC(("deprecated internal function"), DEPRECATED(void func(void))))
    ~~~~~~~~~^~~~~~~~~~~~~~~~~~~~~~~~~~~~~~~~~~~~~~~~~~~~~~~~~~~~~~~~~~~~~~~~~~~~~~~~~
/opt/homebrew/Cellar/ruby@2.7/2.7.8_1/include/ruby-2.7.0/arm64-darwin22/ruby/config.h:160:43: note: expanded from macro 'ERRORFUNC'
#define ERRORFUNC(mesg,x) __attribute__ ((__error__ mesg)) x
                                          ^
/opt/homebrew/Cellar/ruby@2.7/2.7.8_1/include/ruby-2.7.0/arm64-darwin22/ruby/config.h:149:52: note: expanded from macro 'NORETURN'
#define NORETURN(x) __attribute__ ((__noreturn__)) x
                                                   ^
In file included from conftest.c:1:
In file included from /opt/homebrew/Cellar/ruby@2.7/2.7.8_1/include/ruby-2.7.0/ruby.h:33:
In file included from /opt/homebrew/Cellar/ruby@2.7/2.7.8_1/include/ruby-2.7.0/ruby/ruby.h:2762:
/opt/homebrew/Cellar/ruby@2.7/2.7.8_1/include/ruby-2.7.0/ruby/backward.h:60:10: warning: unknown attribute '__error__' ignored [-Wunknown-attributes]
NORETURN(ERRORFUNC(("internal function"), VALUE rb_mod_const_missing(VALUE, VALUE)));
~~~~~~~~~^~~~~~~~~~~~~~~~~~~~~~~~~~~~~~~~~~~~~~~~~~~~~~~~~~~~~~~~~~~~~~~~~~~~~~~~~~~
/opt/homebrew/Cellar/ruby@2.7/2.7.8_1/include/ruby-2.7.0/arm64-darwin22/ruby/config.h:160:43: note: expanded from macro 'ERRORFUNC'
#define ERRORFUNC(mesg,x) __attribute__ ((__error__ mesg)) x
                                          ^
/opt/homebrew/Cellar/ruby@2.7/2.7.8_1/include/ruby-2.7.0/arm64-darwin22/ruby/config.h:149:52: note: expanded from macro 'NORETURN'
#define NORETURN(x) __attribute__ ((__noreturn__)) x
                                                   ^
22 warnings generated.
checked program was:
/* begin */
1: #include "ruby.h"
2: 
3: int main(int argc, char **argv)
4: {
5:   return !!argv[argc];
6: }
/* end */

--------------------

extconf.h is:
/* begin */
1: #ifndef EXTCONF_H
2: #define EXTCONF_H
3: #define HAVE_FFI_PREP_CIF_VAR 1
4: #define HAVE_FFI_RAW_CALL 1
5: #define HAVE_FFI_PREP_RAW_CLOSURE 1
6: #define HAVE_RAW_API 1
7: #define USE_FFI_ALLOC 1
8: #endif
/* end */

